Log file open, 03/05/20 20:31:04
LogWindows: Failed to load 'aqProf.dll' (GetLastError=126)
LogWindows: File 'aqProf.dll' does not exist
LogWindows: Failed to load 'VtuneApi.dll' (GetLastError=126)
LogWindows: File 'VtuneApi.dll' does not exist
LogWindows: Failed to load 'VtuneApi32e.dll' (GetLastError=126)
LogWindows: File 'VtuneApi32e.dll' does not exist
LogConsoleResponse: Display: Failed to find resolution value strings in scalability ini. Falling back to default.
LogInit: Display: Running engine for game: ArcaneSupremacy
LogPlatformFile: Not using cached read wrapper
LogTaskGraph: Started task graph with 5 named threads and 47 total threads with 3 sets of task threads.
LogStats: Stats thread started at 0.046278
LogD3D11RHI: Loaded GFSDK_Aftermath_Lib.x64.dll
LogICUInternationalization: ICU TimeZone Detection - Raw Offset: -7:00, Platform Override: ''
LogPluginManager: Mounting plugin Paper2D
LogPluginManager: Mounting plugin AISupport
LogPluginManager: Mounting plugin LightPropagationVolume
LogPluginManager: Mounting plugin ActorLayerUtilities
LogPluginManager: Mounting plugin AnimationSharing
LogPluginManager: Mounting plugin CLionSourceCodeAccess
LogPluginManager: Mounting plugin CodeLiteSourceCodeAccess
LogPluginManager: Mounting plugin GitSourceControl
LogPluginManager: Mounting plugin KDevelopSourceCodeAccess
LogPluginManager: Mounting plugin NullSourceCodeAccess
LogPluginManager: Mounting plugin PerforceSourceControl
LogPluginManager: Mounting plugin PlasticSourceControl
LogPluginManager: Mounting plugin SubversionSourceControl
LogPluginManager: Mounting plugin UObjectPlugin
LogPluginManager: Mounting plugin VisualStudioCodeSourceCodeAccess
LogPluginManager: Mounting plugin VisualStudioSourceCodeAccess
LogPluginManager: Mounting plugin XCodeSourceCodeAccess
LogPluginManager: Mounting plugin AssetManagerEditor
LogPluginManager: Mounting plugin CryptoKeys
LogPluginManager: Mounting plugin CurveEditorTools
LogPluginManager: Mounting plugin DataValidation
LogPluginManager: Mounting plugin FacialAnimation
LogPluginManager: Mounting plugin GameplayTagsEditor
LogPluginManager: Mounting plugin MacGraphicsSwitching
LogPluginManager: Mounting plugin MaterialAnalyzer
LogPluginManager: Mounting plugin MobileLauncherProfileWizard
LogPluginManager: Mounting plugin PluginBrowser
LogPluginManager: Mounting plugin SpeedTreeImporter
LogPluginManager: Mounting plugin DatasmithContent
LogPluginManager: Mounting plugin VariantManagerContent
LogPluginManager: Mounting plugin AlembicImporter
LogPluginManager: Mounting plugin AutomationUtils
LogPluginManager: Mounting plugin BackChannel
LogPluginManager: Mounting plugin CharacterAI
LogPluginManager: Mounting plugin GeometryCache
LogPluginManager: Mounting plugin PlatformCrypto
LogPluginManager: Mounting plugin ProxyLODPlugin
LogPluginManager: Mounting plugin SkeletalReduction
LogPluginManager: Mounting plugin MagicLeap
LogPluginManager: Mounting plugin MagicLeapMedia
LogPluginManager: Mounting plugin MLSDK
LogPluginManager: Mounting plugin AndroidMedia
LogPluginManager: Mounting plugin AvfMedia
LogPluginManager: Mounting plugin ImgMedia
LogPluginManager: Mounting plugin MediaCompositing
LogPluginManager: Mounting plugin MediaPlayerEditor
LogPluginManager: Mounting plugin WebMMedia
LogPluginManager: Mounting plugin WmfMedia
LogPluginManager: Mounting plugin TcpMessaging
LogPluginManager: Mounting plugin UdpMessaging
LogPluginManager: Mounting plugin ActorSequence
LogPluginManager: Mounting plugin LevelSequenceEditor
LogPluginManager: Mounting plugin MatineeToLevelSequence
LogPluginManager: Mounting plugin NetcodeUnitTest
LogPluginManager: Mounting plugin NUTUnrealEngine4
LogPluginManager: Mounting plugin OnlineSubsystemGooglePlay
LogPluginManager: Mounting plugin OnlineSubsystemIOS
LogPluginManager: Mounting plugin OnlineSubsystem
LogPluginManager: Mounting plugin OnlineSubsystemNull
LogPluginManager: Mounting plugin OnlineSubsystemUtils
LogPluginManager: Mounting plugin LauncherChunkInstaller
LogPluginManager: Mounting plugin AndroidDeviceProfileSelector
LogPluginManager: Mounting plugin AndroidMoviePlayer
LogPluginManager: Mounting plugin AndroidPermission
LogPluginManager: Mounting plugin AppleImageUtils
LogPluginManager: Mounting plugin AppleMoviePlayer
LogPluginManager: Mounting plugin ArchVisCharacter
LogPluginManager: Mounting plugin AssetTags
LogPluginManager: Mounting plugin AudioCapture
LogPluginManager: Mounting plugin CableComponent
LogPluginManager: Mounting plugin CustomMeshComponent
LogPluginManager: Mounting plugin EditableMesh
LogPluginManager: Mounting plugin ExampleDeviceProfileSelector
LogPluginManager: Mounting plugin GoogleCloudMessaging
LogPluginManager: Mounting plugin IOSDeviceProfileSelector
LogPluginManager: Mounting plugin LinuxDeviceProfileSelector
LogPluginManager: Mounting plugin LocationServicesBPLibrary
LogPluginManager: Mounting plugin MobilePatchingUtils
LogPluginManager: Mounting plugin OculusVR
LogPluginManager: Mounting plugin PhysXVehicles
LogPluginManager: Mounting plugin PostSplashScreen
LogPluginManager: Mounting plugin ProceduralMeshComponent
LogPluginManager: Mounting plugin RuntimePhysXCooking
LogPluginManager: Mounting plugin SignificanceManager
LogPluginManager: Mounting plugin SoundVisualizations
LogPluginManager: Mounting plugin SteamVR
LogPluginManager: Mounting plugin WebMMoviePlayer
LogPluginManager: Mounting plugin WindowsMoviePlayer
LogPluginManager: Mounting plugin ScreenshotTools
LogInit: Using libcurl 7.55.1-DEV
LogInit:  - built for x86_64-pc-win32
LogInit:  - supports SSL with OpenSSL/1.1.1
LogInit:  - supports HTTP deflate (compression) using libz 1.2.8
LogInit:  - other features:
LogInit:      CURL_VERSION_SSL
LogInit:      CURL_VERSION_LIBZ
LogInit:      CURL_VERSION_IPV6
LogInit:      CURL_VERSION_ASYNCHDNS
LogInit:      CURL_VERSION_LARGEFILE
LogInit:      CURL_VERSION_IDN
LogInit:  CurlRequestOptions (configurable via config and command line):
LogInit:  - bVerifyPeer = true  - Libcurl will verify peer certificate
LogInit:  - bUseHttpProxy = false  - Libcurl will NOT use HTTP proxy
LogInit:  - bDontReuseConnections = false  - Libcurl will reuse connections
LogInit:  - MaxHostConnections = 16  - Libcurl will limit the number of connections to a host
LogInit:  - LocalHostAddr = Default
LogInit:  - BufferSize = 65536
LogOnline: OSS: Creating online subsystem instance for: NULL
LogInit: WinSock: version 1.1 (2.2), MaxSocks=32767, MaxUdp=65467
LogOnline: OSS: TryLoadSubsystemAndSetDefault: Loaded subsystem for module [NULL]
LogInit: Build: ++UE4+Release-4.24-CL-11590370
LogInit: Engine Version: 4.24.3-11590370+++UE4+Release-4.24
LogInit: Compatible Engine Version: 4.24.0-10570792+++UE4+Release-4.24
LogInit: Net CL: 10570792
LogInit: OS: Windows 10 (Release 1809) (), CPU: Intel(R) Core(TM) i9-9900K CPU @ 3.60GHz, GPU: NVIDIA GeForce RTX 2080 Ti
LogInit: Compiled (64-bit): Feb 24 2020 15:39:18
LogInit: Compiled with Visual C++: 19.16.27032.01
LogInit: Build Configuration: Development
LogInit: Branch Name: ++UE4+Release-4.24
LogInit: Command Line:  -EpicPortal -epicusername=Zektic -epicuserid=44a82b7e061d47929800d91b976c18f2 -epiclocale=en
LogInit: Base Directory: F:/Epic Games/Games/UE_4.24/Engine/Binaries/Win64/
LogInit: Installed Engine Build: 1
LogDevObjectVersion: Number of dev versions registered: 25
LogDevObjectVersion:   Dev-Blueprints (B0D832E4-1F89-4F0D-ACCF-7EB736FD4AA2): 10
LogDevObjectVersion:   Dev-Build (E1C64328-A22C-4D53-A36C-8E866417BD8C): 0
LogDevObjectVersion:   Dev-Core (375EC13C-06E4-48FB-B500-84F0262A717E): 3
LogDevObjectVersion:   Dev-Editor (E4B068ED-F494-42E9-A231-DA0B2E46BB41): 37
LogDevObjectVersion:   Dev-Framework (CFFC743F-43B0-4480-9391-14DF171D2073): 36
LogDevObjectVersion:   Dev-Mobile (B02B49B5-BB20-44E9-A304-32B752E40360): 2
LogDevObjectVersion:   Dev-Networking (A4E4105C-59A1-49B5-A7C5-40C4547EDFEE): 0
LogDevObjectVersion:   Dev-Online (39C831C9-5AE6-47DC-9A44-9C173E1C8E7C): 0
LogDevObjectVersion:   Dev-Physics (78F01B33-EBEA-4F98-B9B4-84EACCB95AA2): 2
LogDevObjectVersion:   Dev-Platform (6631380F-2D4D-43E0-8009-CF276956A95A): 0
LogDevObjectVersion:   Dev-Rendering (12F88B9F-8875-4AFC-A67C-D90C383ABD29): 36
LogDevObjectVersion:   Dev-Sequencer (7B5AE74C-D270-4C10-A958-57980B212A5A): 11
LogDevObjectVersion:   Dev-VR (D7296918-1DD6-4BDD-9DE2-64A83CC13884): 2
LogDevObjectVersion:   Dev-LoadTimes (C2A15278-BFE7-4AFE-6C17-90FF531DF755): 1
LogDevObjectVersion:   Private-Geometry (6EACA3D4-40EC-4CC1-B786-8BED09428FC5): 3
LogDevObjectVersion:   Dev-AnimPhys (29E575DD-E0A3-4627-9D10-D276232CDCEA): 17
LogDevObjectVersion:   Dev-Anim (AF43A65D-7FD3-4947-9873-3E8ED9C1BB05): 2
LogDevObjectVersion:   Dev-ReflectionCapture (6B266CEC-1EC7-4B8F-A30B-E4D90942FC07): 1
LogDevObjectVersion:   Dev-Automation (0DF73D61-A23F-47EA-B727-89E90C41499A): 1
LogDevObjectVersion:   FortniteMain (601D1886-AC64-4F84-AA16-D3DE0DEAC7D6): 31
LogDevObjectVersion:   Dev-Enterprise (9DFFBCD6-494F-0158-E221-12823C92A888): 8
LogDevObjectVersion:   Dev-Niagara (F2AED0AC-9AFE-416F-8664-AA7FFA26D6FC): 1
LogDevObjectVersion:   Dev-Destruction (174F1F0B-B4C6-45A5-B13F-2EE8D0FB917D): 9
LogDevObjectVersion:   Dev-Physics-Ext (35F94A83-E258-406C-A318-09F59610247C): 8
LogDevObjectVersion:   Dev-CineCamera (B2E18506-4273-CFC2-A54E-F4BB758BBA07): 1
LogInit: Presizing for max 25165824 objects, including 0 objects not considered by GC, pre-allocating 0 bytes for permanent pool.
LogInit: Object subsystem initialized
LogConfig: Setting CVar [[con.DebugEarlyDefault:1]]
LogConfig: Setting CVar [[r.setres:1280x720]]
[2020.03.06-03.31.04:239][  0]LogConfig: Setting CVar [[r.VSync:0]]
[2020.03.06-03.31.04:239][  0]LogConfig: Setting CVar [[r.RHICmdBypass:0]]
[2020.03.06-03.31.04:239][  0]LogConfig: Applying CVar settings from Section [/Script/Engine.RendererSettings] File [C:/Users/zekti/Documents/Unreal Projects/ArcaneSupremacy/ArcaneSupremacy/Saved/Config/Windows/Engine.ini]
[2020.03.06-03.31.04:239][  0]LogConfig: Setting CVar [[r.GPUCrashDebugging:0]]
[2020.03.06-03.31.04:239][  0]LogConfig: Setting CVar [[r.MobileHDR:1]]
[2020.03.06-03.31.04:239][  0]LogConfig: Setting CVar [[r.Mobile.DisableVertexFog:1]]
[2020.03.06-03.31.04:239][  0]LogConfig: Setting CVar [[r.Shadow.CSM.MaxMobileCascades:2]]
[2020.03.06-03.31.04:239][  0]LogConfig: Setting CVar [[r.MobileMSAA:1]]
[2020.03.06-03.31.04:239][  0]LogConfig: Setting CVar [[r.Mobile.UseLegacyShadingModel:0]]
[2020.03.06-03.31.04:239][  0]LogConfig: Setting CVar [[r.Mobile.UseHWsRGBEncoding:0]]
[2020.03.06-03.31.04:239][  0]LogConfig: Setting CVar [[r.Mobile.AllowDitheredLODTransition:0]]
[2020.03.06-03.31.04:239][  0]LogConfig: Setting CVar [[r.Mobile.AllowSoftwareOcclusion:0]]
[2020.03.06-03.31.04:239][  0]LogConfig: Setting CVar [[r.DiscardUnusedQuality:0]]
[2020.03.06-03.31.04:239][  0]LogConfig: Setting CVar [[r.AllowOcclusionQueries:1]]
[2020.03.06-03.31.04:239][  0]LogConfig: Setting CVar [[r.MinScreenRadiusForLights:0.030000]]
[2020.03.06-03.31.04:239][  0]LogConfig: Setting CVar [[r.MinScreenRadiusForDepthPrepass:0.030000]]
[2020.03.06-03.31.04:239][  0]LogConfig: Setting CVar [[r.MinScreenRadiusForCSMDepth:0.010000]]
[2020.03.06-03.31.04:239][  0]LogConfig: Setting CVar [[r.PrecomputedVisibilityWarning:0]]
[2020.03.06-03.31.04:239][  0]LogConfig: Setting CVar [[r.TextureStreaming:1]]
[2020.03.06-03.31.04:239][  0]LogConfig: Setting CVar [[Compat.UseDXT5NormalMaps:0]]
[2020.03.06-03.31.04:239][  0]LogConfig: Setting CVar [[r.VirtualTextures:0]]
[2020.03.06-03.31.04:239][  0]LogConfig: Setting CVar [[r.VirtualTexturedLightmaps:0]]
[2020.03.06-03.31.04:239][  0]LogConfig: Setting CVar [[r.VT.TileSize:128]]
[2020.03.06-03.31.04:239][  0]LogConfig: Setting CVar [[r.VT.TileBorderSize:4]]
[2020.03.06-03.31.04:239][  0]LogConfig: Setting CVar [[r.vt.FeedbackFactor:16]]
[2020.03.06-03.31.04:239][  0]LogConfig: Setting CVar [[r.VT.EnableCompressZlib:1]]
[2020.03.06-03.31.04:239][  0]LogConfig: Setting CVar [[r.VT.EnableCompressCrunch:0]]
[2020.03.06-03.31.04:239][  0]LogConfig: Setting CVar [[r.ClearCoatNormal:0]]
[2020.03.06-03.31.04:239][  0]LogConfig: Setting CVar [[r.ReflectionCaptureResolution:128]]
[2020.03.06-03.31.04:239][  0]LogConfig: Setting CVar [[r.ReflectionEnvironmentLightmapMixBasedOnRoughness:1]]
[2020.03.06-03.31.04:239][  0]LogConfig: Setting CVar [[r.ForwardShading:0]]
[2020.03.06-03.31.04:239][  0]LogConfig: Setting CVar [[r.VertexFoggingForOpaque:1]]
[2020.03.06-03.31.04:239][  0]LogConfig: Setting CVar [[r.AllowStaticLighting:1]]
[2020.03.06-03.31.04:239][  0]LogConfig: Setting CVar [[r.NormalMapsForStaticLighting:0]]
[2020.03.06-03.31.04:239][  0]LogConfig: Setting CVar [[r.GenerateMeshDistanceFields:0]]
[2020.03.06-03.31.04:239][  0]LogConfig: Setting CVar [[r.DistanceFieldBuild.EightBit:0]]
[2020.03.06-03.31.04:239][  0]LogConfig: Setting CVar [[r.GenerateLandscapeGIData:0]]
[2020.03.06-03.31.04:239][  0]LogConfig: Setting CVar [[r.DistanceFieldBuild.Compress:0]]
[2020.03.06-03.31.04:239][  0]LogConfig: Setting CVar [[r.TessellationAdaptivePixelsPerTriangle:48.000000]]
[2020.03.06-03.31.04:239][  0]LogConfig: Setting CVar [[r.SeparateTranslucency:1]]
[2020.03.06-03.31.04:239][  0]LogConfig: Setting CVar [[r.TranslucentSortPolicy:0]]
[2020.03.06-03.31.04:239][  0]LogConfig: Setting CVar [[r.CustomDepth:1]]
[2020.03.06-03.31.04:239][  0]LogConfig: Setting CVar [[r.CustomDepthTemporalAAJitter:1]]
[2020.03.06-03.31.04:239][  0]LogConfig: Setting CVar [[r.PostProcessing.PropagateAlpha:0]]
[2020.03.06-03.31.04:239][  0]LogConfig: Setting CVar [[r.DefaultFeature.Bloom:1]]
[2020.03.06-03.31.04:239][  0]LogConfig: Setting CVar [[r.DefaultFeature.AmbientOcclusion:1]]
[2020.03.06-03.31.04:239][  0]LogConfig: Setting CVar [[r.DefaultFeature.AmbientOcclusionStaticFraction:1]]
[2020.03.06-03.31.04:239][  0]LogConfig: Setting CVar [[r.DefaultFeature.AutoExposure:0]]
[2020.03.06-03.31.04:239][  0]LogConfig: Setting CVar [[r.DefaultFeature.AutoExposure.Method:0]]
[2020.03.06-03.31.04:239][  0]LogConfig: Setting CVar [[r.DefaultFeature.AutoExposure.ExtendDefaultLuminanceRange:0]]
[2020.03.06-03.31.04:239][  0]LogConfig: Setting CVar [[r.UsePreExposure:1]]
[2020.03.06-03.31.04:239][  0]LogConfig: Setting CVar [[r.EyeAdaptation.EditorOnly:1]]
[2020.03.06-03.31.04:239][  0]LogConfig: Setting CVar [[r.DefaultFeature.MotionBlur:0]]
[2020.03.06-03.31.04:239][  0]LogConfig: Setting CVar [[r.DefaultFeature.LensFlare:0]]
[2020.03.06-03.31.04:239][  0]LogConfig: Setting CVar [[r.TemporalAA.Upsampling:0]]
[2020.03.06-03.31.04:239][  0]LogConfig: Setting CVar [[r.SSGI.Enable:0]]
[2020.03.06-03.31.04:239][  0]LogConfig: Setting CVar [[r.DefaultFeature.AntiAliasing:0]]
[2020.03.06-03.31.04:239][  0]LogConfig: Setting CVar [[r.DefaultFeature.LightUnits:1]]
[2020.03.06-03.31.04:239][  0]LogConfig: Setting CVar [[r.DefaultBackBufferPixelFormat:4]]
[2020.03.06-03.31.04:239][  0]LogConfig: Setting CVar [[r.Shadow.UnbuiltPreviewInGame:1]]
[2020.03.06-03.31.04:239][  0]LogConfig: Setting CVar [[r.StencilForLODDither:0]]
[2020.03.06-03.31.04:239][  0]LogConfig: Setting CVar [[r.EarlyZPass:3]]
[2020.03.06-03.31.04:239][  0]LogConfig: Setting CVar [[r.EarlyZPassOnlyMaterialMasking:0]]
[2020.03.06-03.31.04:239][  0]LogConfig: Setting CVar [[r.DBuffer:1]]
[2020.03.06-03.31.04:240][  0]LogConfig: Setting CVar [[r.ClearSceneMethod:1]]
[2020.03.06-03.31.04:240][  0]LogConfig: Setting CVar [[r.BasePassOutputsVelocity:0]]
[2020.03.06-03.31.04:240][  0]LogConfig: Setting CVar [[r.SelectiveBasePassOutputs:0]]
[2020.03.06-03.31.04:240][  0]LogConfig: Setting CVar [[fx.GPUSimulationTextureSizeX:1024]]
[2020.03.06-03.31.04:240][  0]LogConfig: Setting CVar [[fx.GPUSimulationTextureSizeY:1024]]
[2020.03.06-03.31.04:240][  0]LogConfig: Setting CVar [[r.AllowGlobalClipPlane:0]]
[2020.03.06-03.31.04:240][  0]LogConfig: Setting CVar [[r.GBufferFormat:1]]
[2020.03.06-03.31.04:240][  0]LogConfig: Setting CVar [[r.MorphTarget.Mode:1]]
[2020.03.06-03.31.04:240][  0]LogConfig: Setting CVar [[vr.InstancedStereo:0]]
[2020.03.06-03.31.04:240][  0]LogConfig: Setting CVar [[vr.MultiView:0]]
[2020.03.06-03.31.04:240][  0]LogConfig: Setting CVar [[vr.MobileMultiView:0]]
[2020.03.06-03.31.04:240][  0]LogConfig: Setting CVar [[vr.MobileMultiView.Direct:0]]
[2020.03.06-03.31.04:240][  0]LogConfig: Setting CVar [[vr.RoundRobinOcclusion:0]]
[2020.03.06-03.31.04:240][  0]LogConfig: Setting CVar [[vr.ODSCapture:0]]
[2020.03.06-03.31.04:240][  0]LogConfig: Setting CVar [[r.WireframeCullThreshold:5.000000]]
[2020.03.06-03.31.04:240][  0]LogConfig: Setting CVar [[r.RayTracing:0]]
[2020.03.06-03.31.04:240][  0]LogConfig: Setting CVar [[r.RayTracing.UseTextureLod:0]]
[2020.03.06-03.31.04:240][  0]LogConfig: Setting CVar [[r.SupportStationarySkylight:1]]
[2020.03.06-03.31.04:240][  0]LogConfig: Setting CVar [[r.SupportLowQualityLightmaps:1]]
[2020.03.06-03.31.04:240][  0]LogConfig: Setting CVar [[r.SupportPointLightWholeSceneShadows:1]]
[2020.03.06-03.31.04:240][  0]LogConfig: Setting CVar [[r.SupportAtmosphericFog:1]]
[2020.03.06-03.31.04:240][  0]LogConfig: Setting CVar [[r.SupportSkyAtmosphere:1]]
[2020.03.06-03.31.04:240][  0]LogConfig: Setting CVar [[r.SupportSkyAtmosphereAffectsHeightFog:0]]
[2020.03.06-03.31.04:240][  0]LogConfig: Setting CVar [[r.SkinCache.CompileShaders:0]]
[2020.03.06-03.31.04:240][  0]LogConfig: Setting CVar [[r.Mobile.EnableStaticAndCSMShadowReceivers:1]]
[2020.03.06-03.31.04:240][  0]LogConfig: Setting CVar [[r.Mobile.EnableMovableLightCSMShaderCulling:1]]
[2020.03.06-03.31.04:240][  0]LogConfig: Setting CVar [[r.Mobile.AllowDistanceFieldShadows:1]]
[2020.03.06-03.31.04:240][  0]LogConfig: Setting CVar [[r.Mobile.AllowMovableDirectionalLights:1]]
[2020.03.06-03.31.04:240][  0]LogConfig: Setting CVar [[r.MobileNumDynamicPointLights:4]]
[2020.03.06-03.31.04:240][  0]LogConfig: Setting CVar [[r.MobileDynamicPointLightsUseStaticBranch:1]]
[2020.03.06-03.31.04:240][  0]LogConfig: Setting CVar [[r.Mobile.EnableMovableSpotlights:0]]
[2020.03.06-03.31.04:240][  0]LogConfig: Setting CVar [[r.SkinCache.SceneMemoryLimitInMB:128.000000]]
[2020.03.06-03.31.04:240][  0]LogConfig: Setting CVar [[r.GPUSkin.Limit2BoneInfluences:0]]
[2020.03.06-03.31.04:240][  0]LogConfig: Setting CVar [[r.SupportDepthOnlyIndexBuffers:1]]
[2020.03.06-03.31.04:240][  0]LogConfig: Setting CVar [[r.SupportReversedIndexBuffers:1]]
[2020.03.06-03.31.04:240][  0]LogConfig: Setting CVar [[r.SupportMaterialLayers:0]]
[2020.03.06-03.31.04:240][  0]LogConfig: Setting CVar [[r.LightPropagationVolume:0]]
[2020.03.06-03.31.04:240][  0]LogConfig: Applying CVar settings from Section [/Script/Engine.RendererOverrideSettings] File [C:/Users/zekti/Documents/Unreal Projects/ArcaneSupremacy/ArcaneSupremacy/Saved/Config/Windows/Engine.ini]
[2020.03.06-03.31.04:240][  0]LogConfig: Applying CVar settings from Section [/Script/Engine.StreamingSettings] File [C:/Users/zekti/Documents/Unreal Projects/ArcaneSupremacy/ArcaneSupremacy/Saved/Config/Windows/Engine.ini]
[2020.03.06-03.31.04:240][  0]LogConfig: Setting CVar [[s.MinBulkDataSizeForAsyncLoading:131072]]
[2020.03.06-03.31.04:240][  0]LogConfig: Setting CVar [[s.AsyncLoadingThreadEnabled:0]]
[2020.03.06-03.31.04:240][  0]LogConfig: Setting CVar [[s.EventDrivenLoaderEnabled:1]]
[2020.03.06-03.31.04:240][  0]LogConfig: Setting CVar [[s.WarnIfTimeLimitExceeded:0]]
[2020.03.06-03.31.04:240][  0]LogConfig: Setting CVar [[s.TimeLimitExceededMultiplier:1.5]]
[2020.03.06-03.31.04:240][  0]LogConfig: Setting CVar [[s.TimeLimitExceededMinTime:0.005]]
[2020.03.06-03.31.04:240][  0]LogConfig: Setting CVar [[s.UseBackgroundLevelStreaming:1]]
[2020.03.06-03.31.04:240][  0]LogConfig: Setting CVar [[s.PriorityAsyncLoadingExtraTime:15.0]]
[2020.03.06-03.31.04:240][  0]LogConfig: Setting CVar [[s.LevelStreamingActorsUpdateTimeLimit:5.0]]
[2020.03.06-03.31.04:240][  0]LogConfig: Setting CVar [[s.PriorityLevelStreamingActorsUpdateExtraTime:5.0]]
[2020.03.06-03.31.04:240][  0]LogConfig: Setting CVar [[s.LevelStreamingComponentsRegistrationGranularity:10]]
[2020.03.06-03.31.04:240][  0]LogConfig: Setting CVar [[s.UnregisterComponentsTimeLimit:1.0]]
[2020.03.06-03.31.04:240][  0]LogConfig: Setting CVar [[s.LevelStreamingComponentsUnregistrationGranularity:5]]
[2020.03.06-03.31.04:240][  0]LogConfig: Setting CVar [[s.FlushStreamingOnExit:1]]
[2020.03.06-03.31.04:240][  0]LogConfig: Applying CVar settings from Section [/Script/Engine.GarbageCollectionSettings] File [C:/Users/zekti/Documents/Unreal Projects/ArcaneSupremacy/ArcaneSupremacy/Saved/Config/Windows/Engine.ini]
[2020.03.06-03.31.04:240][  0]LogConfig: Setting CVar [[gc.MaxObjectsNotConsideredByGC:1]]
[2020.03.06-03.31.04:240][  0]LogConfig: Setting CVar [[gc.SizeOfPermanentObjectPool:0]]
[2020.03.06-03.31.04:240][  0]LogConfig: Setting CVar [[gc.FlushStreamingOnGC:0]]
[2020.03.06-03.31.04:240][  0]LogConfig: Setting CVar [[gc.NumRetriesBeforeForcingGC:10]]
[2020.03.06-03.31.04:240][  0]LogConfig: Setting CVar [[gc.AllowParallelGC:1]]
[2020.03.06-03.31.04:240][  0]LogConfig: Setting CVar [[gc.TimeBetweenPurgingPendingKillObjects:61.1]]
[2020.03.06-03.31.04:240][  0]LogConfig: Setting CVar [[gc.MaxObjectsInEditor:25165824]]
[2020.03.06-03.31.04:240][  0]LogConfig: Setting CVar [[gc.IncrementalBeginDestroyEnabled:1]]
[2020.03.06-03.31.04:240][  0]LogConfig: Setting CVar [[gc.CreateGCClusters:1]]
[2020.03.06-03.31.04:240][  0]LogConfig: Setting CVar [[gc.MinGCClusterSize:5]]
[2020.03.06-03.31.04:240][  0]LogConfig: Setting CVar [[gc.ActorClusteringEnabled:0]]
[2020.03.06-03.31.04:240][  0]LogConfig: Setting CVar [[gc.BlueprintClusteringEnabled:0]]
[2020.03.06-03.31.04:240][  0]LogConfig: Setting CVar [[gc.UseDisregardForGCOnDedicatedServers:0]]
[2020.03.06-03.31.04:240][  0]LogConfig: Applying CVar settings from Section [/Script/Engine.NetworkSettings] File [C:/Users/zekti/Documents/Unreal Projects/ArcaneSupremacy/ArcaneSupremacy/Saved/Config/Windows/Engine.ini]
[2020.03.06-03.31.04:240][  0]LogConfig: Applying CVar settings from Section [/Script/UnrealEd.CookerSettings] File [C:/Users/zekti/Documents/Unreal Projects/ArcaneSupremacy/ArcaneSupremacy/Saved/Config/Windows/Engine.ini]
[2020.03.06-03.31.04:243][  0]LogConfig: Applying CVar settings from Section [ViewDistanceQuality@3] File [C:/Users/zekti/Documents/Unreal Projects/ArcaneSupremacy/ArcaneSupremacy/Saved/Config/Windows/Scalability.ini]
[2020.03.06-03.31.04:243][  0]LogConfig: Setting CVar [[r.SkeletalMeshLODBias:0]]
[2020.03.06-03.31.04:243][  0]LogConfig: Setting CVar [[r.ViewDistanceScale:1.0]]
[2020.03.06-03.31.04:243][  0]LogConfig: Applying CVar settings from Section [AntiAliasingQuality@3] File [C:/Users/zekti/Documents/Unreal Projects/ArcaneSupremacy/ArcaneSupremacy/Saved/Config/Windows/Scalability.ini]
[2020.03.06-03.31.04:243][  0]LogConfig: Setting CVar [[r.PostProcessAAQuality:4]]
[2020.03.06-03.31.04:243][  0]LogConfig: Applying CVar settings from Section [ShadowQuality@3] File [C:/Users/zekti/Documents/Unreal Projects/ArcaneSupremacy/ArcaneSupremacy/Saved/Config/Windows/Scalability.ini]
[2020.03.06-03.31.04:243][  0]LogConfig: Setting CVar [[r.LightFunctionQuality:1]]
[2020.03.06-03.31.04:243][  0]LogConfig: Setting CVar [[r.ShadowQuality:5]]
[2020.03.06-03.31.04:243][  0]LogConfig: Setting CVar [[r.Shadow.CSM.MaxCascades:10]]
[2020.03.06-03.31.04:243][  0]LogConfig: Setting CVar [[r.Shadow.MaxResolution:2048]]
[2020.03.06-03.31.04:243][  0]LogConfig: Setting CVar [[r.Shadow.MaxCSMResolution:2048]]
[2020.03.06-03.31.04:243][  0]LogConfig: Setting CVar [[r.Shadow.RadiusThreshold:0.01]]
[2020.03.06-03.31.04:243][  0]LogConfig: Setting CVar [[r.Shadow.DistanceScale:1.0]]
[2020.03.06-03.31.04:243][  0]LogConfig: Setting CVar [[r.Shadow.CSM.TransitionScale:1.0]]
[2020.03.06-03.31.04:243][  0]LogConfig: Setting CVar [[r.Shadow.PreShadowResolutionFactor:1.0]]
[2020.03.06-03.31.04:243][  0]LogConfig: Setting CVar [[r.DistanceFieldShadowing:1]]
[2020.03.06-03.31.04:243][  0]LogConfig: Setting CVar [[r.DistanceFieldAO:1]]
[2020.03.06-03.31.04:243][  0]LogConfig: Setting CVar [[r.AOQuality:2]]
[2020.03.06-03.31.04:243][  0]LogConfig: Setting CVar [[r.VolumetricFog:1]]
[2020.03.06-03.31.04:243][  0]LogConfig: Setting CVar [[r.VolumetricFog.GridPixelSize:8]]
[2020.03.06-03.31.04:243][  0]LogConfig: Setting CVar [[r.VolumetricFog.GridSizeZ:128]]
[2020.03.06-03.31.04:243][  0]LogConfig: Setting CVar [[r.VolumetricFog.HistoryMissSupersampleCount:4]]
[2020.03.06-03.31.04:243][  0]LogConfig: Setting CVar [[r.LightMaxDrawDistanceScale:1]]
[2020.03.06-03.31.04:243][  0]LogConfig: Setting CVar [[r.CapsuleShadows:1]]
[2020.03.06-03.31.04:243][  0]LogConfig: Applying CVar settings from Section [PostProcessQuality@3] File [C:/Users/zekti/Documents/Unreal Projects/ArcaneSupremacy/ArcaneSupremacy/Saved/Config/Windows/Scalability.ini]
[2020.03.06-03.31.04:243][  0]LogConfig: Setting CVar [[r.MotionBlurQuality:4]]
[2020.03.06-03.31.04:243][  0]LogConfig: Setting CVar [[r.AmbientOcclusionMipLevelFactor:0.4]]
[2020.03.06-03.31.04:243][  0]LogConfig: Setting CVar [[r.AmbientOcclusionMaxQuality:100]]
[2020.03.06-03.31.04:243][  0]LogConfig: Setting CVar [[r.AmbientOcclusionLevels:-1]]
[2020.03.06-03.31.04:243][  0]LogConfig: Setting CVar [[r.AmbientOcclusionRadiusScale:1.0]]
[2020.03.06-03.31.04:243][  0]LogConfig: Setting CVar [[r.DepthOfFieldQuality:2]]
[2020.03.06-03.31.04:243][  0]LogConfig: Setting CVar [[r.RenderTargetPoolMin:400]]
[2020.03.06-03.31.04:243][  0]LogConfig: Setting CVar [[r.LensFlareQuality:2]]
[2020.03.06-03.31.04:243][  0]LogConfig: Setting CVar [[r.SceneColorFringeQuality:1]]
[2020.03.06-03.31.04:243][  0]LogConfig: Setting CVar [[r.EyeAdaptationQuality:2]]
[2020.03.06-03.31.04:243][  0]LogConfig: Setting CVar [[r.BloomQuality:5]]
[2020.03.06-03.31.04:243][  0]LogConfig: Setting CVar [[r.FastBlurThreshold:100]]
[2020.03.06-03.31.04:243][  0]LogConfig: Setting CVar [[r.Upscale.Quality:3]]
[2020.03.06-03.31.04:243][  0]LogConfig: Setting CVar [[r.Tonemapper.GrainQuantization:1]]
[2020.03.06-03.31.04:243][  0]LogConfig: Setting CVar [[r.LightShaftQuality:1]]
[2020.03.06-03.31.04:243][  0]LogConfig: Setting CVar [[r.Filter.SizeScale:1]]
[2020.03.06-03.31.04:243][  0]LogConfig: Setting CVar [[r.Tonemapper.Quality:5]]
[2020.03.06-03.31.04:243][  0]LogConfig: Setting CVar [[r.DOF.Gather.AccumulatorQuality:1        ; higher gathering accumulator quality]]
[2020.03.06-03.31.04:243][  0]LogConfig: Setting CVar [[r.DOF.Gather.PostfilterMethod:1          ; Median3x3 postfilering method]]
[2020.03.06-03.31.04:243][  0]LogConfig: Setting CVar [[r.DOF.Gather.EnableBokehSettings:0       ; no bokeh simulation when gathering]]
[2020.03.06-03.31.04:243][  0]LogConfig: Setting CVar [[r.DOF.Gather.RingCount:4                 ; medium number of samples when gathering]]
[2020.03.06-03.31.04:243][  0]LogConfig: Setting CVar [[r.DOF.Scatter.ForegroundCompositing:1    ; additive foreground scattering]]
[2020.03.06-03.31.04:243][  0]LogConfig: Setting CVar [[r.DOF.Scatter.BackgroundCompositing:2    ; additive background scattering]]
[2020.03.06-03.31.04:243][  0]LogConfig: Setting CVar [[r.DOF.Scatter.EnableBokehSettings:1      ; bokeh simulation when scattering]]
[2020.03.06-03.31.04:243][  0]LogConfig: Setting CVar [[r.DOF.Scatter.MaxSpriteRatio:0.1         ; only a maximum of 10% of scattered bokeh]]
[2020.03.06-03.31.04:243][  0]LogConfig: Setting CVar [[r.DOF.Recombine.Quality:1                ; cheap slight out of focus]]
[2020.03.06-03.31.04:243][  0]LogConfig: Setting CVar [[r.DOF.Recombine.EnableBokehSettings:0    ; no bokeh simulation on slight out of focus]]
[2020.03.06-03.31.04:243][  0]LogConfig: Setting CVar [[r.DOF.TemporalAAQuality:1                ; more stable temporal accumulation]]
[2020.03.06-03.31.04:243][  0]LogConfig: Setting CVar [[r.DOF.Kernel.MaxForegroundRadius:0.025]]
[2020.03.06-03.31.04:243][  0]LogConfig: Setting CVar [[r.DOF.Kernel.MaxBackgroundRadius:0.025]]
[2020.03.06-03.31.04:243][  0]LogConfig: Applying CVar settings from Section [TextureQuality@3] File [C:/Users/zekti/Documents/Unreal Projects/ArcaneSupremacy/ArcaneSupremacy/Saved/Config/Windows/Scalability.ini]
[2020.03.06-03.31.04:243][  0]LogConfig: Setting CVar [[r.Streaming.MipBias:0]]
[2020.03.06-03.31.04:243][  0]LogConfig: Setting CVar [[r.Streaming.AmortizeCPUToGPUCopy:0]]
[2020.03.06-03.31.04:243][  0]LogConfig: Setting CVar [[r.Streaming.MaxNumTexturesToStreamPerFrame:0]]
[2020.03.06-03.31.04:243][  0]LogConfig: Setting CVar [[r.Streaming.Boost:1]]
[2020.03.06-03.31.04:243][  0]LogConfig: Setting CVar [[r.MaxAnisotropy:8]]
[2020.03.06-03.31.04:243][  0]LogConfig: Setting CVar [[r.VT.MaxAnisotropy:8]]
[2020.03.06-03.31.04:243][  0]LogConfig: Setting CVar [[r.Streaming.LimitPoolSizeToVRAM:0]]
[2020.03.06-03.31.04:243][  0]LogConfig: Setting CVar [[r.Streaming.PoolSize:1000]]
[2020.03.06-03.31.04:243][  0]LogConfig: Setting CVar [[r.Streaming.MaxEffectiveScreenSize:0]]
[2020.03.06-03.31.04:243][  0]LogConfig: Applying CVar settings from Section [EffectsQuality@3] File [C:/Users/zekti/Documents/Unreal Projects/ArcaneSupremacy/ArcaneSupremacy/Saved/Config/Windows/Scalability.ini]
[2020.03.06-03.31.04:243][  0]LogConfig: Setting CVar [[r.TranslucencyLightingVolumeDim:64]]
[2020.03.06-03.31.04:243][  0]LogConfig: Setting CVar [[r.RefractionQuality:2]]
[2020.03.06-03.31.04:243][  0]LogConfig: Setting CVar [[r.SSR.Quality:3]]
[2020.03.06-03.31.04:243][  0]LogConfig: Setting CVar [[r.SSR.HalfResSceneColor:0]]
[2020.03.06-03.31.04:243][  0]LogConfig: Setting CVar [[r.SceneColorFormat:4]]
[2020.03.06-03.31.04:243][  0]LogConfig: Setting CVar [[r.DetailMode:2]]
[2020.03.06-03.31.04:243][  0]LogConfig: Setting CVar [[r.TranslucencyVolumeBlur:1]]
[2020.03.06-03.31.04:243][  0]LogConfig: Setting CVar [[r.MaterialQualityLevel:1 ; High quality]]
[2020.03.06-03.31.04:243][  0]LogConfig: Setting CVar [[r.SSS.Scale:1]]
[2020.03.06-03.31.04:243][  0]LogConfig: Setting CVar [[r.SSS.SampleSet:2]]
[2020.03.06-03.31.04:243][  0]LogConfig: Setting CVar [[r.SSS.Quality:1]]
[2020.03.06-03.31.04:243][  0]LogConfig: Setting CVar [[r.SSS.HalfRes:1]]
[2020.03.06-03.31.04:243][  0]LogConfig: Setting CVar [[r.SSGI.Quality:3]]
[2020.03.06-03.31.04:243][  0]LogConfig: Setting CVar [[r.EmitterSpawnRateScale:1.0]]
[2020.03.06-03.31.04:243][  0]LogConfig: Setting CVar [[r.ParticleLightQuality:2]]
[2020.03.06-03.31.04:243][  0]LogConfig: Setting CVar [[r.SkyAtmosphere.AerialPerspectiveLUT.FastApplyOnOpaque:1 ; Always have FastSkyLUT 1 in this case to avoid wrong sky]]
[2020.03.06-03.31.04:243][  0]LogConfig: Setting CVar [[r.SkyAtmosphere.AerialPerspectiveLUT.SampleCountPerSlice:1]]
[2020.03.06-03.31.04:243][  0]LogConfig: Setting CVar [[r.SkyAtmosphere.AerialPerspectiveLUT.DepthResolution:16.0]]
[2020.03.06-03.31.04:243][  0]LogConfig: Setting CVar [[r.SkyAtmosphere.FastSkyLUT:1]]
[2020.03.06-03.31.04:243][  0]LogConfig: Setting CVar [[r.SkyAtmosphere.FastSkyLUT.SampleCountMin:4.0]]
[2020.03.06-03.31.04:243][  0]LogConfig: Setting CVar [[r.SkyAtmosphere.FastSkyLUT.SampleCountMax:32.0]]
[2020.03.06-03.31.04:243][  0]LogConfig: Setting CVar [[r.SkyAtmosphere.SampleCountMin:4.0]]
[2020.03.06-03.31.04:243][  0]LogConfig: Setting CVar [[r.SkyAtmosphere.SampleCountMax:32.0]]
[2020.03.06-03.31.04:243][  0]LogConfig: Setting CVar [[r.SkyAtmosphere.TransmittanceLUT.UseSmallFormat:0]]
[2020.03.06-03.31.04:243][  0]LogConfig: Setting CVar [[r.SkyAtmosphere.TransmittanceLUT.SampleCount:10.0]]
[2020.03.06-03.31.04:243][  0]LogConfig: Setting CVar [[r.SkyAtmosphere.MultiScatteringLUT.SampleCount:15.0]]
[2020.03.06-03.31.04:243][  0]LogConfig: Applying CVar settings from Section [FoliageQuality@3] File [C:/Users/zekti/Documents/Unreal Projects/ArcaneSupremacy/ArcaneSupremacy/Saved/Config/Windows/Scalability.ini]
[2020.03.06-03.31.04:243][  0]LogConfig: Setting CVar [[foliage.DensityScale:1.0]]
[2020.03.06-03.31.04:243][  0]LogConfig: Setting CVar [[grass.DensityScale:1.0]]
[2020.03.06-03.31.04:243][  0]LogConfig: Applying CVar settings from Section [ShadingQuality@3] File [C:/Users/zekti/Documents/Unreal Projects/ArcaneSupremacy/ArcaneSupremacy/Saved/Config/Windows/Scalability.ini]
[2020.03.06-03.31.04:243][  0]LogConfig: Setting CVar [[r.HairStrands.SkyLighting.SampleCount:16]]
[2020.03.06-03.31.04:243][  0]LogConfig: Setting CVar [[r.HairStrands.SkyLighting.JitterIntegration:0]]
[2020.03.06-03.31.04:243][  0]LogConfig: Setting CVar [[r.HairStrands.SkyAO.SampleCount:16]]
[2020.03.06-03.31.04:243][  0]LogInit: Selected Device Profile: [Windows]
[2020.03.06-03.31.04:243][  0]LogInit: Applying CVar settings loaded from the selected device profile: [Windows]
[2020.03.06-03.31.04:245][  0]LogHAL: Display: Platform has ~ 32 GB [34290769920 / 34359738368 / 32], which maps to Largest [LargestMinGB=32, LargerMinGB=12, DefaultMinGB=8, SmallerMinGB=6, SmallestMinGB=0)
[2020.03.06-03.31.04:245][  0]LogInit: Going up to parent DeviceProfile []
[2020.03.06-03.31.04:245][  0]LogConfig: Applying CVar settings from Section [ViewDistanceQuality@3] File [C:/Users/zekti/Documents/Unreal Projects/ArcaneSupremacy/ArcaneSupremacy/Saved/Config/Windows/Scalability.ini]
[2020.03.06-03.31.04:245][  0]LogConfig: Setting CVar [[r.SkeletalMeshLODBias:0]]
[2020.03.06-03.31.04:245][  0]LogConfig: Setting CVar [[r.ViewDistanceScale:1.0]]
[2020.03.06-03.31.04:245][  0]LogConfig: Applying CVar settings from Section [AntiAliasingQuality@3] File [C:/Users/zekti/Documents/Unreal Projects/ArcaneSupremacy/ArcaneSupremacy/Saved/Config/Windows/Scalability.ini]
[2020.03.06-03.31.04:245][  0]LogConfig: Setting CVar [[r.PostProcessAAQuality:4]]
[2020.03.06-03.31.04:245][  0]LogConfig: Applying CVar settings from Section [ShadowQuality@3] File [C:/Users/zekti/Documents/Unreal Projects/ArcaneSupremacy/ArcaneSupremacy/Saved/Config/Windows/Scalability.ini]
[2020.03.06-03.31.04:245][  0]LogConfig: Setting CVar [[r.LightFunctionQuality:1]]
[2020.03.06-03.31.04:245][  0]LogConfig: Setting CVar [[r.ShadowQuality:5]]
[2020.03.06-03.31.04:245][  0]LogConfig: Setting CVar [[r.Shadow.CSM.MaxCascades:10]]
[2020.03.06-03.31.04:245][  0]LogConfig: Setting CVar [[r.Shadow.MaxResolution:2048]]
[2020.03.06-03.31.04:245][  0]LogConfig: Setting CVar [[r.Shadow.MaxCSMResolution:2048]]
[2020.03.06-03.31.04:245][  0]LogConfig: Setting CVar [[r.Shadow.RadiusThreshold:0.01]]
[2020.03.06-03.31.04:245][  0]LogConfig: Setting CVar [[r.Shadow.DistanceScale:1.0]]
[2020.03.06-03.31.04:245][  0]LogConfig: Setting CVar [[r.Shadow.CSM.TransitionScale:1.0]]
[2020.03.06-03.31.04:245][  0]LogConfig: Setting CVar [[r.Shadow.PreShadowResolutionFactor:1.0]]
[2020.03.06-03.31.04:245][  0]LogConfig: Setting CVar [[r.DistanceFieldShadowing:1]]
[2020.03.06-03.31.04:245][  0]LogConfig: Setting CVar [[r.DistanceFieldAO:1]]
[2020.03.06-03.31.04:245][  0]LogConfig: Setting CVar [[r.AOQuality:2]]
[2020.03.06-03.31.04:245][  0]LogConfig: Setting CVar [[r.VolumetricFog:1]]
[2020.03.06-03.31.04:245][  0]LogConfig: Setting CVar [[r.VolumetricFog.GridPixelSize:8]]
[2020.03.06-03.31.04:245][  0]LogConfig: Setting CVar [[r.VolumetricFog.GridSizeZ:128]]
[2020.03.06-03.31.04:245][  0]LogConfig: Setting CVar [[r.VolumetricFog.HistoryMissSupersampleCount:4]]
[2020.03.06-03.31.04:245][  0]LogConfig: Setting CVar [[r.LightMaxDrawDistanceScale:1]]
[2020.03.06-03.31.04:245][  0]LogConfig: Setting CVar [[r.CapsuleShadows:1]]
[2020.03.06-03.31.04:245][  0]LogConfig: Applying CVar settings from Section [PostProcessQuality@3] File [C:/Users/zekti/Documents/Unreal Projects/ArcaneSupremacy/ArcaneSupremacy/Saved/Config/Windows/Scalability.ini]
[2020.03.06-03.31.04:245][  0]LogConfig: Setting CVar [[r.MotionBlurQuality:4]]
[2020.03.06-03.31.04:245][  0]LogConfig: Setting CVar [[r.AmbientOcclusionMipLevelFactor:0.4]]
[2020.03.06-03.31.04:245][  0]LogConfig: Setting CVar [[r.AmbientOcclusionMaxQuality:100]]
[2020.03.06-03.31.04:245][  0]LogConfig: Setting CVar [[r.AmbientOcclusionLevels:-1]]
[2020.03.06-03.31.04:245][  0]LogConfig: Setting CVar [[r.AmbientOcclusionRadiusScale:1.0]]
[2020.03.06-03.31.04:245][  0]LogConfig: Setting CVar [[r.DepthOfFieldQuality:2]]
[2020.03.06-03.31.04:245][  0]LogConfig: Setting CVar [[r.RenderTargetPoolMin:400]]
[2020.03.06-03.31.04:245][  0]LogConfig: Setting CVar [[r.LensFlareQuality:2]]
[2020.03.06-03.31.04:245][  0]LogConfig: Setting CVar [[r.SceneColorFringeQuality:1]]
[2020.03.06-03.31.04:245][  0]LogConfig: Setting CVar [[r.EyeAdaptationQuality:2]]
[2020.03.06-03.31.04:245][  0]LogConfig: Setting CVar [[r.BloomQuality:5]]
[2020.03.06-03.31.04:245][  0]LogConfig: Setting CVar [[r.FastBlurThreshold:100]]
[2020.03.06-03.31.04:245][  0]LogConfig: Setting CVar [[r.Upscale.Quality:3]]
[2020.03.06-03.31.04:245][  0]LogConfig: Setting CVar [[r.Tonemapper.GrainQuantization:1]]
[2020.03.06-03.31.04:245][  0]LogConfig: Setting CVar [[r.LightShaftQuality:1]]
[2020.03.06-03.31.04:245][  0]LogConfig: Setting CVar [[r.Filter.SizeScale:1]]
[2020.03.06-03.31.04:245][  0]LogConfig: Setting CVar [[r.Tonemapper.Quality:5]]
[2020.03.06-03.31.04:245][  0]LogConfig: Setting CVar [[r.DOF.Gather.AccumulatorQuality:1        ; higher gathering accumulator quality]]
[2020.03.06-03.31.04:245][  0]LogConfig: Setting CVar [[r.DOF.Gather.PostfilterMethod:1          ; Median3x3 postfilering method]]
[2020.03.06-03.31.04:245][  0]LogConfig: Setting CVar [[r.DOF.Gather.EnableBokehSettings:0       ; no bokeh simulation when gathering]]
[2020.03.06-03.31.04:245][  0]LogConfig: Setting CVar [[r.DOF.Gather.RingCount:4                 ; medium number of samples when gathering]]
[2020.03.06-03.31.04:245][  0]LogConfig: Setting CVar [[r.DOF.Scatter.ForegroundCompositing:1    ; additive foreground scattering]]
[2020.03.06-03.31.04:245][  0]LogConfig: Setting CVar [[r.DOF.Scatter.BackgroundCompositing:2    ; additive background scattering]]
[2020.03.06-03.31.04:245][  0]LogConfig: Setting CVar [[r.DOF.Scatter.EnableBokehSettings:1      ; bokeh simulation when scattering]]
[2020.03.06-03.31.04:245][  0]LogConfig: Setting CVar [[r.DOF.Scatter.MaxSpriteRatio:0.1         ; only a maximum of 10% of scattered bokeh]]
[2020.03.06-03.31.04:245][  0]LogConfig: Setting CVar [[r.DOF.Recombine.Quality:1                ; cheap slight out of focus]]
[2020.03.06-03.31.04:245][  0]LogConfig: Setting CVar [[r.DOF.Recombine.EnableBokehSettings:0    ; no bokeh simulation on slight out of focus]]
[2020.03.06-03.31.04:245][  0]LogConfig: Setting CVar [[r.DOF.TemporalAAQuality:1                ; more stable temporal accumulation]]
[2020.03.06-03.31.04:245][  0]LogConfig: Setting CVar [[r.DOF.Kernel.MaxForegroundRadius:0.025]]
[2020.03.06-03.31.04:245][  0]LogConfig: Setting CVar [[r.DOF.Kernel.MaxBackgroundRadius:0.025]]
[2020.03.06-03.31.04:245][  0]LogConfig: Applying CVar settings from Section [TextureQuality@3] File [C:/Users/zekti/Documents/Unreal Projects/ArcaneSupremacy/ArcaneSupremacy/Saved/Config/Windows/Scalability.ini]
[2020.03.06-03.31.04:245][  0]LogConfig: Setting CVar [[r.Streaming.MipBias:0]]
[2020.03.06-03.31.04:245][  0]LogConfig: Setting CVar [[r.Streaming.AmortizeCPUToGPUCopy:0]]
[2020.03.06-03.31.04:245][  0]LogConfig: Setting CVar [[r.Streaming.MaxNumTexturesToStreamPerFrame:0]]
[2020.03.06-03.31.04:245][  0]LogConfig: Setting CVar [[r.Streaming.Boost:1]]
[2020.03.06-03.31.04:245][  0]LogConfig: Setting CVar [[r.MaxAnisotropy:8]]
[2020.03.06-03.31.04:245][  0]LogConfig: Setting CVar [[r.VT.MaxAnisotropy:8]]
[2020.03.06-03.31.04:245][  0]LogConfig: Setting CVar [[r.Streaming.LimitPoolSizeToVRAM:0]]
[2020.03.06-03.31.04:246][  0]LogConfig: Setting CVar [[r.Streaming.PoolSize:1000]]
[2020.03.06-03.31.04:246][  0]LogConfig: Setting CVar [[r.Streaming.MaxEffectiveScreenSize:0]]
[2020.03.06-03.31.04:246][  0]LogConfig: Applying CVar settings from Section [EffectsQuality@3] File [C:/Users/zekti/Documents/Unreal Projects/ArcaneSupremacy/ArcaneSupremacy/Saved/Config/Windows/Scalability.ini]
[2020.03.06-03.31.04:246][  0]LogConfig: Setting CVar [[r.TranslucencyLightingVolumeDim:64]]
[2020.03.06-03.31.04:246][  0]LogConfig: Setting CVar [[r.RefractionQuality:2]]
[2020.03.06-03.31.04:246][  0]LogConfig: Setting CVar [[r.SSR.Quality:3]]
[2020.03.06-03.31.04:246][  0]LogConfig: Setting CVar [[r.SSR.HalfResSceneColor:0]]
[2020.03.06-03.31.04:246][  0]LogConfig: Setting CVar [[r.SceneColorFormat:4]]
[2020.03.06-03.31.04:246][  0]LogConfig: Setting CVar [[r.DetailMode:2]]
[2020.03.06-03.31.04:246][  0]LogConfig: Setting CVar [[r.TranslucencyVolumeBlur:1]]
[2020.03.06-03.31.04:246][  0]LogConfig: Setting CVar [[r.MaterialQualityLevel:1 ; High quality]]
[2020.03.06-03.31.04:246][  0]LogConfig: Setting CVar [[r.SSS.Scale:1]]
[2020.03.06-03.31.04:246][  0]LogConfig: Setting CVar [[r.SSS.SampleSet:2]]
[2020.03.06-03.31.04:246][  0]LogConfig: Setting CVar [[r.SSS.Quality:1]]
[2020.03.06-03.31.04:246][  0]LogConfig: Setting CVar [[r.SSS.HalfRes:1]]
[2020.03.06-03.31.04:246][  0]LogConfig: Setting CVar [[r.SSGI.Quality:3]]
[2020.03.06-03.31.04:246][  0]LogConfig: Setting CVar [[r.EmitterSpawnRateScale:1.0]]
[2020.03.06-03.31.04:246][  0]LogConfig: Setting CVar [[r.ParticleLightQuality:2]]
[2020.03.06-03.31.04:246][  0]LogConfig: Setting CVar [[r.SkyAtmosphere.AerialPerspectiveLUT.FastApplyOnOpaque:1 ; Always have FastSkyLUT 1 in this case to avoid wrong sky]]
[2020.03.06-03.31.04:246][  0]LogConfig: Setting CVar [[r.SkyAtmosphere.AerialPerspectiveLUT.SampleCountPerSlice:1]]
[2020.03.06-03.31.04:246][  0]LogConfig: Setting CVar [[r.SkyAtmosphere.AerialPerspectiveLUT.DepthResolution:16.0]]
[2020.03.06-03.31.04:246][  0]LogConfig: Setting CVar [[r.SkyAtmosphere.FastSkyLUT:1]]
[2020.03.06-03.31.04:246][  0]LogConfig: Setting CVar [[r.SkyAtmosphere.FastSkyLUT.SampleCountMin:4.0]]
[2020.03.06-03.31.04:246][  0]LogConfig: Setting CVar [[r.SkyAtmosphere.FastSkyLUT.SampleCountMax:32.0]]
[2020.03.06-03.31.04:246][  0]LogConfig: Setting CVar [[r.SkyAtmosphere.SampleCountMin:4.0]]
[2020.03.06-03.31.04:246][  0]LogConfig: Setting CVar [[r.SkyAtmosphere.SampleCountMax:32.0]]
[2020.03.06-03.31.04:246][  0]LogConfig: Setting CVar [[r.SkyAtmosphere.TransmittanceLUT.UseSmallFormat:0]]
[2020.03.06-03.31.04:246][  0]LogConfig: Setting CVar [[r.SkyAtmosphere.TransmittanceLUT.SampleCount:10.0]]
[2020.03.06-03.31.04:246][  0]LogConfig: Setting CVar [[r.SkyAtmosphere.MultiScatteringLUT.SampleCount:15.0]]
[2020.03.06-03.31.04:246][  0]LogConfig: Applying CVar settings from Section [FoliageQuality@3] File [C:/Users/zekti/Documents/Unreal Projects/ArcaneSupremacy/ArcaneSupremacy/Saved/Config/Windows/Scalability.ini]
[2020.03.06-03.31.04:246][  0]LogConfig: Setting CVar [[foliage.DensityScale:1.0]]
[2020.03.06-03.31.04:246][  0]LogConfig: Setting CVar [[grass.DensityScale:1.0]]
[2020.03.06-03.31.04:246][  0]LogConfig: Applying CVar settings from Section [ShadingQuality@3] File [C:/Users/zekti/Documents/Unreal Projects/ArcaneSupremacy/ArcaneSupremacy/Saved/Config/Windows/Scalability.ini]
[2020.03.06-03.31.04:246][  0]LogConfig: Setting CVar [[r.HairStrands.SkyLighting.SampleCount:16]]
[2020.03.06-03.31.04:246][  0]LogConfig: Setting CVar [[r.HairStrands.SkyLighting.JitterIntegration:0]]
[2020.03.06-03.31.04:246][  0]LogConfig: Setting CVar [[r.HairStrands.SkyAO.SampleCount:16]]
[2020.03.06-03.31.04:246][  0]LogConfig: Applying CVar settings from Section [Startup] File [../../../Engine/Config/ConsoleVariables.ini]
[2020.03.06-03.31.04:246][  0]LogConfig: Setting CVar [[net.UseAdaptiveNetUpdateFrequency:0]]
[2020.03.06-03.31.04:246][  0]LogConfig: Setting CVar [[p.chaos.AllowCreatePhysxBodies:1]]
[2020.03.06-03.31.04:246][  0]LogConfig: Applying CVar settings from Section [ConsoleVariables] File [C:/Users/zekti/Documents/Unreal Projects/ArcaneSupremacy/ArcaneSupremacy/Saved/Config/Windows/Engine.ini]
[2020.03.06-03.31.04:246][  0]LogInit: Computer: DESKTOP-7ALNEV8
[2020.03.06-03.31.04:246][  0]LogInit: User: zekti
[2020.03.06-03.31.04:246][  0]LogInit: CPU Page size=4096, Cores=8
[2020.03.06-03.31.04:246][  0]LogInit: High frequency timer resolution =10.000000 MHz
[2020.03.06-03.31.04:246][  0]LogMemory: Memory total: Physical=31.9GB (32GB approx)
[2020.03.06-03.31.04:246][  0]LogMemory: Platform Memory Stats for Windows
[2020.03.06-03.31.04:246][  0]LogMemory: Process Physical Memory: 106.27 MB used, 106.27 MB peak
[2020.03.06-03.31.04:246][  0]LogMemory: Process Virtual Memory: 102.65 MB used, 102.65 MB peak
[2020.03.06-03.31.04:246][  0]LogMemory: Physical Memory: 7466.90 MB used,  25235.33 MB free, 32702.23 MB total
[2020.03.06-03.31.04:246][  0]LogMemory: Virtual Memory: 5193.75 MB used,  134212536.00 MB free, 134217728.00 MB total
[2020.03.06-03.31.04:247][  0]LogWindows: WindowsPlatformFeatures enabled
[2020.03.06-03.31.04:255][  0]LogInit: Using OS detected language (en-US).
[2020.03.06-03.31.04:255][  0]LogInit: Using OS detected locale (en-US).
[2020.03.06-03.31.04:256][  0]LogTextLocalizationManager: No specific localization for 'en-US' exists, so the 'en' localization will be used.
[2020.03.06-03.31.04:350][  0]LogInit: Setting process to per monitor DPI aware
[2020.03.06-03.31.04:382][  0]LogSlate: New Slate User Created.  User Index 0, Is Virtual User: 0
[2020.03.06-03.31.04:382][  0]LogSlate: Slate User Registered.  User Index 0, Is Virtual User: 0
[2020.03.06-03.31.06:846][  0]LogD3D11RHI: D3D11 min allowed feature level: 11_0
[2020.03.06-03.31.06:846][  0]LogD3D11RHI: D3D11 max allowed feature level: 11_0
[2020.03.06-03.31.06:846][  0]LogD3D11RHI: D3D11 adapters:
[2020.03.06-03.31.06:890][  0]LogD3D11RHI:    0. 'NVIDIA GeForce RTX 2080 Ti' (Feature Level 11_0)
[2020.03.06-03.31.06:890][  0]LogD3D11RHI:       11048/0/16351 MB DedicatedVideo/DedicatedSystem/SharedSystem, Outputs:2, VendorId:0x10de
[2020.03.06-03.31.06:892][  0]LogD3D11RHI:    1. 'Microsoft Basic Render Driver' (Feature Level 11_0)
[2020.03.06-03.31.06:892][  0]LogD3D11RHI:       0/0/16351 MB DedicatedVideo/DedicatedSystem/SharedSystem, Outputs:0, VendorId:0x1414
[2020.03.06-03.31.06:892][  0]LogD3D11RHI: Chosen D3D11 Adapter: 0
[2020.03.06-03.31.06:896][  0]LogD3D11RHI: Creating new Direct3DDevice
[2020.03.06-03.31.06:896][  0]LogD3D11RHI:     GPU DeviceId: 0x1e04 (for the marketing name, search the web for "GPU Device Id")
[2020.03.06-03.31.06:896][  0]LogWindows: EnumDisplayDevices:
[2020.03.06-03.31.06:896][  0]LogWindows:    0. 'NVIDIA GeForce RTX 2080 Ti' (P:1 D:1)
[2020.03.06-03.31.06:897][  0]LogWindows:    1. 'NVIDIA GeForce RTX 2080 Ti' (P:0 D:1)
[2020.03.06-03.31.06:897][  0]LogWindows:    2. 'NVIDIA GeForce RTX 2080 Ti' (P:0 D:0)
[2020.03.06-03.31.06:898][  0]LogWindows:    3. 'NVIDIA GeForce RTX 2080 Ti' (P:0 D:0)
[2020.03.06-03.31.06:898][  0]LogWindows: DebugString: FoundDriverCount:4 
[2020.03.06-03.31.06:898][  0]LogD3D11RHI:     Adapter Name: NVIDIA GeForce RTX 2080 Ti
[2020.03.06-03.31.06:898][  0]LogD3D11RHI:   Driver Version: 442.19 (internal:26.21.14.4219, unified:442.19)
[2020.03.06-03.31.06:898][  0]LogD3D11RHI:      Driver Date: 1-29-2020
[2020.03.06-03.31.06:898][  0]LogRHI: Texture pool is 7733 MB (70% of 11048 MB)
[2020.03.06-03.31.06:934][  0]LogD3D11RHI: RHI has support for 64 bit atomics
[2020.03.06-03.31.06:934][  0]LogD3D11RHI: Async texture creation enabled
[2020.03.06-03.31.06:964][  0]LogD3D11RHI: GPU Timing Frequency: 1000.000000 (Debug: 2 1)
[2020.03.06-03.31.07:156][  0]LogTargetPlatformManager: Display: Loaded TargetPlatform 'AllDesktop'
[2020.03.06-03.31.07:176][  0]LogTargetPlatformManager: Display: Loaded TargetPlatform 'Android'
[2020.03.06-03.31.07:176][  0]LogTargetPlatformManager: Display: Loaded TargetPlatform 'Android_ASTC'
[2020.03.06-03.31.07:176][  0]LogTargetPlatformManager: Display: Loaded TargetPlatform 'Android_ATC'
[2020.03.06-03.31.07:176][  0]LogTargetPlatformManager: Display: Loaded TargetPlatform 'Android_DXT'
[2020.03.06-03.31.07:176][  0]LogTargetPlatformManager: Display: Loaded TargetPlatform 'Android_ETC1'
[2020.03.06-03.31.07:176][  0]LogTargetPlatformManager: Display: Loaded TargetPlatform 'Android_ETC1a'
[2020.03.06-03.31.07:176][  0]LogTargetPlatformManager: Display: Loaded TargetPlatform 'Android_ETC2'
[2020.03.06-03.31.07:176][  0]LogTargetPlatformManager: Display: Loaded TargetPlatform 'Android_PVRTC'
[2020.03.06-03.31.07:176][  0]LogTargetPlatformManager: Display: Loaded TargetPlatform 'AndroidClient'
[2020.03.06-03.31.07:176][  0]LogTargetPlatformManager: Display: Loaded TargetPlatform 'Android_ASTCClient'
[2020.03.06-03.31.07:176][  0]LogTargetPlatformManager: Display: Loaded TargetPlatform 'Android_ATCClient'
[2020.03.06-03.31.07:176][  0]LogTargetPlatformManager: Display: Loaded TargetPlatform 'Android_DXTClient'
[2020.03.06-03.31.07:176][  0]LogTargetPlatformManager: Display: Loaded TargetPlatform 'Android_ETC1Client'
[2020.03.06-03.31.07:176][  0]LogTargetPlatformManager: Display: Loaded TargetPlatform 'Android_ETC1aClient'
[2020.03.06-03.31.07:176][  0]LogTargetPlatformManager: Display: Loaded TargetPlatform 'Android_ETC2Client'
[2020.03.06-03.31.07:176][  0]LogTargetPlatformManager: Display: Loaded TargetPlatform 'Android_PVRTCClient'
[2020.03.06-03.31.07:176][  0]LogTargetPlatformManager: Display: Loaded TargetPlatform 'Android_Multi'
[2020.03.06-03.31.07:176][  0]LogTargetPlatformManager: Display: Loaded TargetPlatform 'Android_MultiClient'
[2020.03.06-03.31.07:187][  0]LogTargetPlatformManager: Display: Loaded TargetPlatform 'IOSClient'
[2020.03.06-03.31.07:187][  0]LogTargetPlatformManager: Display: Loaded TargetPlatform 'IOS'
[2020.03.06-03.31.07:192][  0]LogTargetPlatformManager: Display: Loaded TargetPlatform 'LinuxNoEditor'
[2020.03.06-03.31.07:197][  0]LogTargetPlatformManager: Display: Loaded TargetPlatform 'LinuxClient'
[2020.03.06-03.31.07:201][  0]LogTargetPlatformManager: Display: Loaded TargetPlatform 'LinuxServer'
[2020.03.06-03.31.07:206][  0]LogTargetPlatformManager: Display: Loaded TargetPlatform 'LinuxAArch64NoEditor'
[2020.03.06-03.31.07:210][  0]LogTargetPlatformManager: Display: Loaded TargetPlatform 'LinuxAArch64Client'
[2020.03.06-03.31.07:215][  0]LogTargetPlatformManager: Display: Loaded TargetPlatform 'LinuxAArch64Server'
[2020.03.06-03.31.07:232][  0]LogTargetPlatformManager: Display: Loaded TargetPlatform 'Lumin'
[2020.03.06-03.31.07:232][  0]LogTargetPlatformManager: Display: Loaded TargetPlatform 'LuminClient'
[2020.03.06-03.31.07:243][  0]LogTargetPlatformManager: Display: Loaded TargetPlatform 'TVOSClient'
[2020.03.06-03.31.07:243][  0]LogTargetPlatformManager: Display: Loaded TargetPlatform 'TVOS'
[2020.03.06-03.31.07:249][  0]LogTargetPlatformManager: Display: Loaded TargetPlatform 'WindowsNoEditor'
[2020.03.06-03.31.07:258][  0]LogTargetPlatformManager: Display: Loaded TargetPlatform 'Windows'
[2020.03.06-03.31.07:264][  0]LogTargetPlatformManager: Display: Loaded TargetPlatform 'WindowsClient'
[2020.03.06-03.31.07:271][  0]LogTargetPlatformManager: Display: Loaded TargetPlatform 'WindowsServer'
[2020.03.06-03.31.07:271][  0]LogTargetPlatformManager: Display: Building Assets For Windows
[2020.03.06-03.31.07:273][  0]LogAudioDebug: Display: Lib vorbis DLL was dynamically loaded.
[2020.03.06-03.31.07:287][  0]LogShaderCompilers: Guid format shader working directory is -27 characters bigger than the processId version (C:/Users/zekti/Documents/Unreal Projects/ArcaneSupremacy/ArcaneSupremacy/Intermediate/Shaders/WorkingDirectory/16344/).
[2020.03.06-03.31.07:287][  0]LogShaderCompilers: Cleaned the shader compiler working directory 'C:/Users/zekti/AppData/Local/Temp/UnrealShaderWorkingDir/7791C7B047FBE92058A377A21098B35E/'.
[2020.03.06-03.31.07:288][  0]LogXGEController: Cannot use XGE Controller as Incredibuild is not installed on this machine.
[2020.03.06-03.31.07:288][  0]LogShaderCompilers: Cannot use XGE Shader Compiler as Incredibuild is not installed on this machine.
[2020.03.06-03.31.07:288][  0]LogShaderCompilers: Display: Using Local Shader Compiler.
[2020.03.06-03.31.07:805][  0]LogDerivedDataCache: Display: Max Cache Size: 512 MB
[2020.03.06-03.31.07:843][  0]LogDerivedDataCache: Loaded boot cache 0.04s 78MB C:/Users/zekti/AppData/Local/UnrealEngine/4.24/DerivedDataCache/Boot.ddc.
[2020.03.06-03.31.07:843][  0]LogDerivedDataCache: Display: Loaded Boot cache: C:/Users/zekti/AppData/Local/UnrealEngine/4.24/DerivedDataCache/Boot.ddc
[2020.03.06-03.31.07:843][  0]LogDerivedDataCache: FDerivedDataBackendGraph:  Pak pak cache file C:/Users/zekti/Documents/Unreal Projects/ArcaneSupremacy/ArcaneSupremacy/DerivedDataCache/DDC.ddp not found, will not use a pak cache.
[2020.03.06-03.31.07:843][  0]LogDerivedDataCache: Unable to find inner node Pak for hierarchical cache Hierarchy.
[2020.03.06-03.31.07:843][  0]LogDerivedDataCache: FDerivedDataBackendGraph:  CompressedPak pak cache file C:/Users/zekti/Documents/Unreal Projects/ArcaneSupremacy/ArcaneSupremacy/DerivedDataCache/Compressed.ddp not found, will not use a pak cache.
[2020.03.06-03.31.07:843][  0]LogDerivedDataCache: Unable to find inner node CompressedPak for hierarchical cache Hierarchy.
[2020.03.06-03.31.07:850][  0]LogDerivedDataCache: Display: Pak cache opened for reading ../../../Engine/DerivedDataCache/Compressed.ddp.
[2020.03.06-03.31.07:850][  0]LogDerivedDataCache: FDerivedDataBackendGraph:  EnterprisePak pak cache file ../../../Enterprise/DerivedDataCache/Compressed.ddp not found, will not use a pak cache.
[2020.03.06-03.31.07:850][  0]LogDerivedDataCache: Unable to find inner node EnterprisePak for hierarchical cache Hierarchy.
[2020.03.06-03.31.07:851][  0]LogDerivedDataCache: Using Local data cache path C:/Users/zekti/AppData/Local/UnrealEngine/Common/DerivedDataCache: Writable
[2020.03.06-03.31.07:851][  0]LogDerivedDataCache: Shared data cache path not found in *engine.ini, will not use an Shared cache.
[2020.03.06-03.31.07:851][  0]LogDerivedDataCache: Unable to find inner node Shared for hierarchical cache Hierarchy.
[2020.03.06-03.31.07:868][  0]LogMaterial: Verifying Global Shaders for PCD3D_SM5
[2020.03.06-03.31.07:870][  0]LogSlate: Using FreeType 2.10.0
[2020.03.06-03.31.07:870][  0]LogSlate: SlateFontServices - WITH_FREETYPE: 1, WITH_HARFBUZZ: 1
[2020.03.06-03.31.07:901][  0]LogAssetRegistry: FAssetRegistry took 0.0017 seconds to start up
[2020.03.06-03.31.08:089][  0]LogInit: Selected Device Profile: [Windows]
[2020.03.06-03.31.08:192][  0]LogMeshReduction: Using QuadricMeshReduction for automatic static mesh reduction
[2020.03.06-03.31.08:192][  0]LogMeshReduction: Using SimplygonMeshReduction for automatic skeletal mesh reduction
[2020.03.06-03.31.08:192][  0]LogMeshReduction: Using ProxyLODMeshReduction for automatic mesh merging
[2020.03.06-03.31.08:192][  0]LogMeshReduction: No distributed automatic mesh merging module available
[2020.03.06-03.31.08:192][  0]LogMeshMerging: No distributed automatic mesh merging module available
[2020.03.06-03.31.08:202][  0]LogNetVersion: ArcaneSupremacy 1.0.0, NetCL: 10570792, EngineNetVer: 13, GameNetVer: 0 (Checksum: 665801704)
[2020.03.06-03.31.08:910][  0]LogPackageLocalizationCache: Processed 10 localized package path(s) for 1 prioritized culture(s) in 0.042719 seconds
[2020.03.06-03.31.08:915][  0]LogUObjectArray: 46750 objects as part of root set at end of initial load.
[2020.03.06-03.31.08:915][  0]LogUObjectAllocator: 8137160 out of 0 bytes used by permanent object pool.
[2020.03.06-03.31.08:915][  0]LogUObjectArray: CloseDisregardForGC: 0/0 objects in disregard for GC pool
[2020.03.06-03.31.09:170][  0]LogTcpMessaging: Initializing TcpMessaging bridge
[2020.03.06-03.31.09:172][  0]LogUdpMessaging: Initializing bridge on interface 0.0.0.0:0 to multicast group 230.0.0.1:6666.
[2020.03.06-03.31.09:233][  0]SourceControl: Source control is disabled
[2020.03.06-03.31.09:233][  0]SourceControl: Source control is disabled
[2020.03.06-03.31.09:234][  0]SourceControl: Source control is disabled
[2020.03.06-03.31.09:234][  0]SourceControl: Source control is disabled
[2020.03.06-03.31.09:235][  0]SourceControl: Source control is disabled
[2020.03.06-03.31.09:287][  0]LogAndroidPermission: UAndroidPermissionCallbackProxy::GetInstance
[2020.03.06-03.31.09:293][  0]LogAudioCaptureCore: Display: No Audio Capture implementations found. Audio input will be silent.
[2020.03.06-03.31.09:293][  0]LogAudioCaptureCore: Display: No Audio Capture implementations found. Audio input will be silent.
[2020.03.06-03.31.09:348][  0]LogOcInput: OculusInput pre-init called
[2020.03.06-03.31.09:352][  0]LogWindows: Failed to load 'OVRPlugin.dll' (GetLastError=126)
[2020.03.06-03.31.09:352][  0]LogWindows: File 'OVRPlugin.dll' does not exist
[2020.03.06-03.31.09:407][  0]LogEngine: Initializing Engine...
[2020.03.06-03.31.09:408][  0]LogHMD: SteamVR initialized.  Driver: lighthouse  Display: LHR-D9AD221C
[2020.03.06-03.31.09:409][  0]LogStats: UGameplayTagsManager::InitializeManager -  0.000 s
[2020.03.06-03.31.09:649][  0]LogInit: Initializing FReadOnlyCVARCache
[2020.03.06-03.31.09:652][  0]LogAIModule: Creating AISystem for world Untitled
[2020.03.06-03.31.09:664][  0]LogAudioMixer: Display: Audio Mixer Platform Settings:
[2020.03.06-03.31.09:664][  0]LogAudioMixer: Display: 	Sample Rate:						  48000
[2020.03.06-03.31.09:664][  0]LogAudioMixer: Display: 	Callback Buffer Frame Size Requested: 1024
[2020.03.06-03.31.09:664][  0]LogAudioMixer: Display: 	Callback Buffer Frame Size To Use:	  1024
[2020.03.06-03.31.09:664][  0]LogAudioMixer: Display: 	Number of buffers to queue:			  2
[2020.03.06-03.31.09:664][  0]LogAudioMixer: Display: 	Max Channels (voices):				  32
[2020.03.06-03.31.09:664][  0]LogAudioMixer: Display: 	Number of Async Source Workers:		  0
[2020.03.06-03.31.09:664][  0]LogAudio: Display: AudioDevice MaxSources: 32
[2020.03.06-03.31.09:665][  0]LogAudio: Display: Using built-in audio occlusion.
[2020.03.06-03.31.09:665][  0]LogAudioMixer: Display: Initializing audio mixer.
[2020.03.06-03.31.09:693][  0]LogAudioMixer: Display: Audio Device Output Speaker Info:
[2020.03.06-03.31.09:693][  0]LogAudioMixer: Display: Name: Index HMD (NVIDIA High Definition Audio)
[2020.03.06-03.31.09:693][  0]LogAudioMixer: Display: Is Default: Yes
[2020.03.06-03.31.09:694][  0]LogAudioMixer: Display: Sample Rate: 48000
[2020.03.06-03.31.09:694][  0]LogAudioMixer: Display: Channel Count Used: 2
[2020.03.06-03.31.09:694][  0]LogAudioMixer: Display: Device Channel Count: 2
[2020.03.06-03.31.09:694][  0]LogAudioMixer: Display: Channel Order:
[2020.03.06-03.31.09:694][  0]LogAudioMixer: Display: 0: FrontLeft
[2020.03.06-03.31.09:694][  0]LogAudioMixer: Display: 1: FrontRight
[2020.03.06-03.31.09:702][  0]LogAudioMixer: Display: Using Audio Device Index HMD (NVIDIA High Definition Audio)
[2020.03.06-03.31.09:707][  0]LogInit: FAudioDevice initialized.
[2020.03.06-03.31.09:707][  0]LogNetVersion: Set ProjectVersion to 1.0.0.0. Version Checksum will be recalculated on next use.
[2020.03.06-03.31.09:740][  0]LogDerivedDataCache: Saved boot cache 0.03s 78MB C:/Users/zekti/AppData/Local/UnrealEngine/4.24/DerivedDataCache/Boot.ddc.
[2020.03.06-03.31.09:743][  0]LogInit: Texture streaming: Enabled
[2020.03.06-03.31.09:749][  0]LogEngineSessionManager: EngineSessionManager initialized
[2020.03.06-03.31.09:749][  0]LogEditorSessionSummary: Verbose: Initializing EditorSessionSummaryWriter for editor session tracking
[2020.03.06-03.31.09:750][  0]LogEditorSessionSummary: EditorSessionSummaryWriter initialized
[2020.03.06-03.31.09:785][  0]LogInit: Transaction tracking system initialized
[2020.03.06-03.31.09:790][  0]BlueprintLog: New page: Editor Load
[2020.03.06-03.31.09:807][  0]LocalizationService: Localization service is disabled
[2020.03.06-03.31.09:991][  0]LogFileCache: Scanning file cache for directory 'C:/Users/zekti/Documents/Unreal Projects/ArcaneSupremacy/ArcaneSupremacy/Content/' took 0.00s
[2020.03.06-03.31.09:991][  0]LogCook: Display: Max memory allowance for cook 16384mb min free memory 0mb
[2020.03.06-03.31.09:991][  0]LogCook: Display: Mobile HDR setting 1
[2020.03.06-03.31.10:400][  0]SourceControl: Source control is disabled
[2020.03.06-03.31.10:508][  0]LogSlate: Took 0.000114 seconds to synchronously load lazily loaded font '../../../Engine/Content/Slate/Fonts/Roboto-Regular.ttf' (155K)
[2020.03.06-03.31.21:148][  0]LogSlate: Window 'Restore Packages' being destroyed
[2020.03.06-03.31.21:148][  0]LogWindowsTextInputMethodSystem: Display: IME system now deactivated.
[2020.03.06-03.31.21:152][  0]LogWindowsTextInputMethodSystem: Display: IME system now deactivated.
[2020.03.06-03.31.24:865][  0]LogSlate: Window 'Unable to Check Out From Source Control!' being destroyed
[2020.03.06-03.31.24:865][  0]LogWindowsTextInputMethodSystem: Display: IME system now deactivated.
[2020.03.06-03.31.25:020][  0]LogWindowsTextInputMethodSystem: Display: IME system now deactivated.
[2020.03.06-03.31.25:020][  0]Cmd: MAP LOAD FILE="../../../Engine/Content/Maps/Templates/Template_Default.umap" TEMPLATE=1 SHOWPROGRESS=1 FEATURELEVEL=3
[2020.03.06-03.31.25:020][  0]LightingResults: New page: Lighting Build
[2020.03.06-03.31.25:021][  0]LogWorld: UWorld::CleanupWorld for Untitled, bSessionEnded=true, bCleanupResources=true
[2020.03.06-03.31.25:021][  0]LogSlate: InvalidateAllWidgets triggered.  All widgets were invalidated
[2020.03.06-03.31.25:021][  0]MapCheck: New page: Map Check
[2020.03.06-03.31.25:021][  0]LightingResults: New page: Lighting Build
[2020.03.06-03.31.25:048][  0]LogUObjectHash: Compacting FUObjectHashTables data took   1.52ms
[2020.03.06-03.31.25:104][  0]LogAIModule: Creating AISystem for world Untitled_1
[2020.03.06-03.31.25:107][  0]LogEditorServer: Finished looking for orphan Actors (0.000 secs)
[2020.03.06-03.31.25:134][  0]LogUObjectHash: Compacting FUObjectHashTables data took   1.43ms
[2020.03.06-03.31.25:134][  0]Cmd: MAP CHECKDEP NOCLEARLOG
[2020.03.06-03.31.25:134][  0]MapCheck: Map check complete: 0 Error(s), 0 Warning(s), took 0.083ms to complete.
[2020.03.06-03.31.25:134][  0]LogFileHelpers: Loading map 'Template_Default' took 0.114
[2020.03.06-03.31.25:271][  0]LogSlate: Updating window title bar state: overlay mode, drag disabled, window buttons hidden, title bar hidden
[2020.03.06-03.31.25:276][  0]LogSlate: Updating window title bar state: overlay mode, drag disabled, window buttons hidden, title bar hidden
[2020.03.06-03.31.25:280][  0]LogSlate: Updating window title bar state: overlay mode, drag disabled, window buttons hidden, title bar hidden
[2020.03.06-03.31.25:284][  0]LogSlate: Updating window title bar state: overlay mode, drag disabled, window buttons hidden, title bar hidden
[2020.03.06-03.31.25:289][  0]LogCollectionManager: Loaded 0 collections in 0.000413 seconds
[2020.03.06-03.31.25:299][  0]LogFileCache: Scanning file cache for directory 'C:/Users/zekti/Documents/Unreal Projects/ArcaneSupremacy/ArcaneSupremacy/Saved/Collections/' took 0.00s
[2020.03.06-03.31.25:299][  0]LogFileCache: Scanning file cache for directory 'C:/Users/zekti/Documents/Unreal Projects/ArcaneSupremacy/ArcaneSupremacy/Content/Developers/zekti/Collections/' took 0.00s
[2020.03.06-03.31.25:299][  0]LogFileCache: Scanning file cache for directory 'C:/Users/zekti/Documents/Unreal Projects/ArcaneSupremacy/ArcaneSupremacy/Content/Collections/' took 0.00s
[2020.03.06-03.31.25:299][  0]LogContentBrowser: Native class hierarchy populated in 0.0055 seconds. Added 3016 classes and 720 folders.
[2020.03.06-03.31.25:300][  0]LogContentBrowser: Native class hierarchy updated for 'WidgetCarousel' in 0.0001 seconds. Added 0 classes and 0 folders.
[2020.03.06-03.31.26:135][  0]LogContentBrowser: Native class hierarchy updated for 'AddContentDialog' in 0.0002 seconds. Added 0 classes and 0 folders.
[2020.03.06-03.31.26:158][  0]LogContentBrowser: Native class hierarchy updated for 'SceneOutliner' in 0.0002 seconds. Added 2 classes and 3 folders.
[2020.03.06-03.31.26:535][  0]LogSlate: Took 0.000095 seconds to synchronously load lazily loaded font '../../../Engine/Content/Slate/Fonts/Roboto-Bold.ttf' (160K)
[2020.03.06-03.31.26:619][  0]LogRenderer: Reallocating scene render targets to support 1208x572 Format 10 NumSamples 1 (Frame:1).
[2020.03.06-03.31.26:663][  0]LogContentBrowser: Native class hierarchy updated for 'HierarchicalLODOutliner' in 0.0002 seconds. Added 0 classes and 0 folders.
[2020.03.06-03.31.26:663][  0]LogLoad: (Engine Initialization) Total time: 22.99 seconds
[2020.03.06-03.31.26:663][  0]LogLoad: (Engine Initialization) Total Blueprint compile time: 0.00 seconds
[2020.03.06-03.31.26:674][  0]LogSteamVRInputDevice: Display: SteamVR runtime 1.5.17 loaded.
[2020.03.06-03.31.26:674][  0]LogSteamVRInputDevice: Display: Action Manifest Path: C:/Users/zekti/Documents/Unreal Projects/ArcaneSupremacy/ArcaneSupremacy/Config/SteamVRBindings/steamvr_manifest.json
[2020.03.06-03.31.26:674][  0]LogSteamVRInputDevice: Display: Controller Bindings Path: C:/Users/zekti/Documents/Unreal Projects/ArcaneSupremacy/ArcaneSupremacy/Config/SteamVRBindings
[2020.03.06-03.31.26:674][  0]LogSteamVRInputDevice: Searching for Controller Bindings files at: C:/Users/zekti/Documents/Unreal Projects/ArcaneSupremacy/ArcaneSupremacy/Config/SteamVRBindings
[2020.03.06-03.31.26:698][  0]LogSteamVRInputDevice: Display: [STEAMVR INPUT] Registering Application Manifest C:/Users/zekti/Documents/Unreal Projects/ArcaneSupremacy/ArcaneSupremacy/Config/steamvr_ue_editor_app.json : VRApplicationError_None
[2020.03.06-03.31.26:699][  0]LogSteamVRInputDevice: Display: [STEAMVR INPUT] Editor Application [16344][application.generated.ue.arcanesupremacy-11590370.ue4editor.exe] identified to SteamVR: VRApplicationError_None
[2020.03.06-03.31.26:699][  0]LogSteamVRInputDevice: Display: [STEAMVR INPUT] Trying to load Action Manifest from: C:/Users/zekti/Documents/Unreal Projects/ArcaneSupremacy/ArcaneSupremacy/Config/SteamVRBindings/steamvr_manifest.json
[2020.03.06-03.31.26:699][  0]LogSteamVRInputDevice: Display: [STEAMVR INPUT] Setting Action Manifest Path Result: Success
[2020.03.06-03.31.26:699][  0]LogSteamVRInputDevice: Display: [STEAMVR INPUT] Setting main action set: Success
[2020.03.06-03.31.26:700][  0]LogSteamVRInputDevice: Display: Retrieving Action Handle: /actions/main/in/controllerleft
[2020.03.06-03.31.26:700][  0]LogSteamVRInputDevice: Display: [STEAMVR INPUT] Setting Action Handle Path Result: Success
[2020.03.06-03.31.26:700][  0]LogSteamVRInputDevice: Display: Retrieving Action Handle: /actions/main/in/controllerright
[2020.03.06-03.31.26:700][  0]LogSteamVRInputDevice: Display: [STEAMVR INPUT] Setting Action Handle Path Result: Success
[2020.03.06-03.31.26:700][  0]LogSteamVRInputDevice: Display: Retrieving Action Handle: /actions/main/in/special1
[2020.03.06-03.31.26:700][  0]LogSteamVRInputDevice: Display: [STEAMVR INPUT] Setting Action Handle Path Result: Success
[2020.03.06-03.31.26:700][  0]LogSteamVRInputDevice: Display: Retrieving Action Handle: /actions/main/in/special2
[2020.03.06-03.31.26:700][  0]LogSteamVRInputDevice: Display: [STEAMVR INPUT] Setting Action Handle Path Result: Success
[2020.03.06-03.31.26:700][  0]LogSteamVRInputDevice: Display: Retrieving Action Handle: /actions/main/in/special3
[2020.03.06-03.31.26:700][  0]LogSteamVRInputDevice: Display: [STEAMVR INPUT] Setting Action Handle Path Result: Success
[2020.03.06-03.31.26:700][  0]LogSteamVRInputDevice: Display: Retrieving Action Handle: /actions/main/in/special4
[2020.03.06-03.31.26:700][  0]LogSteamVRInputDevice: Display: [STEAMVR INPUT] Setting Action Handle Path Result: Success
[2020.03.06-03.31.26:700][  0]LogSteamVRInputDevice: Display: Retrieving Action Handle: /actions/main/in/special5
[2020.03.06-03.31.26:700][  0]LogSteamVRInputDevice: Display: [STEAMVR INPUT] Setting Action Handle Path Result: Success
[2020.03.06-03.31.26:700][  0]LogSteamVRInputDevice: Display: Retrieving Action Handle: /actions/main/in/special6
[2020.03.06-03.31.26:700][  0]LogSteamVRInputDevice: Display: [STEAMVR INPUT] Setting Action Handle Path Result: Success
[2020.03.06-03.31.26:700][  0]LogSteamVRInputDevice: Display: Retrieving Action Handle: /actions/main/in/special7
[2020.03.06-03.31.26:700][  0]LogSteamVRInputDevice: Display: [STEAMVR INPUT] Setting Action Handle Path Result: Success
[2020.03.06-03.31.26:700][  0]LogSteamVRInputDevice: Display: Retrieving Action Handle: /actions/main/in/special8
[2020.03.06-03.31.26:700][  0]LogSteamVRInputDevice: Display: [STEAMVR INPUT] Setting Action Handle Path Result: Success
[2020.03.06-03.31.26:700][  0]LogSteamVRInputDevice: Display: Retrieving Action Handle: /actions/main/in/skeletonleft
[2020.03.06-03.31.26:700][  0]LogSteamVRInputDevice: Display: [STEAMVR INPUT] Setting Action Handle Path Result: Success
[2020.03.06-03.31.26:700][  0]LogSteamVRInputDevice: Display: Retrieving Action Handle: /actions/main/in/skeletonright
[2020.03.06-03.31.26:701][  0]LogSteamVRInputDevice: Display: [STEAMVR INPUT] Setting Action Handle Path Result: Success
[2020.03.06-03.31.26:701][  0]LogSteamVRInputDevice: Display: Retrieving Action Handle: /actions/main/out/vibrateleft
[2020.03.06-03.31.26:701][  0]LogSteamVRInputDevice: Display: [STEAMVR INPUT] Setting Action Handle Path Result: Success
[2020.03.06-03.31.26:701][  0]LogSteamVRInputDevice: Display: Retrieving Action Handle: /actions/main/out/vibrateright
[2020.03.06-03.31.26:701][  0]LogSteamVRInputDevice: Display: [STEAMVR INPUT] Setting Action Handle Path Result: Success
[2020.03.06-03.31.26:701][  0]LogSteamVRInputDevice: Display: Retrieving Action Handle: /actions/main/in/open_console
[2020.03.06-03.31.26:701][  0]LogSteamVRInputDevice: Display: [STEAMVR INPUT] Setting Action Handle Path Result: Success
[2020.03.06-03.31.26:701][  0]LogSteamVRInputDevice: Display: Action Manifest Path: C:/Users/zekti/Documents/Unreal Projects/ArcaneSupremacy/ArcaneSupremacy/Config/SteamVRBindings/steamvr_manifest.json
[2020.03.06-03.31.26:701][  0]LogSteamVRInputDevice: Display: Controller Bindings Path: C:/Users/zekti/Documents/Unreal Projects/ArcaneSupremacy/ArcaneSupremacy/Config/SteamVRBindings
[2020.03.06-03.31.26:701][  0]LogSteamVRInputDevice: Searching for Controller Bindings files at: C:/Users/zekti/Documents/Unreal Projects/ArcaneSupremacy/ArcaneSupremacy/Config/SteamVRBindings
[2020.03.06-03.31.26:703][  0]LogSteamVRInputDevice: Display: [STEAMVR INPUT] Registering Application Manifest C:/Users/zekti/Documents/Unreal Projects/ArcaneSupremacy/ArcaneSupremacy/Config/steamvr_ue_editor_app.json : VRApplicationError_None
[2020.03.06-03.31.26:703][  0]LogSteamVRInputDevice: Display: [STEAMVR INPUT] Editor Application [16344][application.generated.ue.arcanesupremacy-11590370.ue4editor.exe] identified to SteamVR: VRApplicationError_None
[2020.03.06-03.31.26:703][  0]LogSteamVRInputDevice: Display: [STEAMVR INPUT] Trying to load Action Manifest from: C:/Users/zekti/Documents/Unreal Projects/ArcaneSupremacy/ArcaneSupremacy/Config/SteamVRBindings/steamvr_manifest.json
[2020.03.06-03.31.26:704][  0]LogSteamVRInputDevice: Display: [STEAMVR INPUT] Setting Action Manifest Path Result: Success
[2020.03.06-03.31.26:704][  0]LogSteamVRInputDevice: Display: [STEAMVR INPUT] Setting main action set: Success
[2020.03.06-03.31.26:704][  0]LogSteamVRInputDevice: Display: Retrieving Action Handle: /actions/main/in/controllerleft
[2020.03.06-03.31.26:704][  0]LogSteamVRInputDevice: Display: [STEAMVR INPUT] Setting Action Handle Path Result: Success
[2020.03.06-03.31.26:704][  0]LogSteamVRInputDevice: Display: Retrieving Action Handle: /actions/main/in/controllerright
[2020.03.06-03.31.26:704][  0]LogSteamVRInputDevice: Display: [STEAMVR INPUT] Setting Action Handle Path Result: Success
[2020.03.06-03.31.26:704][  0]LogSteamVRInputDevice: Display: Retrieving Action Handle: /actions/main/in/special1
[2020.03.06-03.31.26:704][  0]LogSteamVRInputDevice: Display: [STEAMVR INPUT] Setting Action Handle Path Result: Success
[2020.03.06-03.31.26:704][  0]LogSteamVRInputDevice: Display: Retrieving Action Handle: /actions/main/in/special2
[2020.03.06-03.31.26:704][  0]LogSteamVRInputDevice: Display: [STEAMVR INPUT] Setting Action Handle Path Result: Success
[2020.03.06-03.31.26:704][  0]LogSteamVRInputDevice: Display: Retrieving Action Handle: /actions/main/in/special3
[2020.03.06-03.31.26:704][  0]LogSteamVRInputDevice: Display: [STEAMVR INPUT] Setting Action Handle Path Result: Success
[2020.03.06-03.31.26:704][  0]LogSteamVRInputDevice: Display: Retrieving Action Handle: /actions/main/in/special4
[2020.03.06-03.31.26:704][  0]LogSteamVRInputDevice: Display: [STEAMVR INPUT] Setting Action Handle Path Result: Success
[2020.03.06-03.31.26:704][  0]LogSteamVRInputDevice: Display: Retrieving Action Handle: /actions/main/in/special5
[2020.03.06-03.31.26:704][  0]LogSteamVRInputDevice: Display: [STEAMVR INPUT] Setting Action Handle Path Result: Success
[2020.03.06-03.31.26:704][  0]LogSteamVRInputDevice: Display: Retrieving Action Handle: /actions/main/in/special6
[2020.03.06-03.31.26:704][  0]LogSteamVRInputDevice: Display: [STEAMVR INPUT] Setting Action Handle Path Result: Success
[2020.03.06-03.31.26:704][  0]LogSteamVRInputDevice: Display: Retrieving Action Handle: /actions/main/in/special7
[2020.03.06-03.31.26:704][  0]LogSteamVRInputDevice: Display: [STEAMVR INPUT] Setting Action Handle Path Result: Success
[2020.03.06-03.31.26:704][  0]LogSteamVRInputDevice: Display: Retrieving Action Handle: /actions/main/in/special8
[2020.03.06-03.31.26:704][  0]LogSteamVRInputDevice: Display: [STEAMVR INPUT] Setting Action Handle Path Result: Success
[2020.03.06-03.31.26:704][  0]LogSteamVRInputDevice: Display: Retrieving Action Handle: /actions/main/in/skeletonleft
[2020.03.06-03.31.26:704][  0]LogSteamVRInputDevice: Display: [STEAMVR INPUT] Setting Action Handle Path Result: Success
[2020.03.06-03.31.26:704][  0]LogSteamVRInputDevice: Display: Retrieving Action Handle: /actions/main/in/skeletonright
[2020.03.06-03.31.26:704][  0]LogSteamVRInputDevice: Display: [STEAMVR INPUT] Setting Action Handle Path Result: Success
[2020.03.06-03.31.26:704][  0]LogSteamVRInputDevice: Display: Retrieving Action Handle: /actions/main/out/vibrateleft
[2020.03.06-03.31.26:704][  0]LogSteamVRInputDevice: Display: [STEAMVR INPUT] Setting Action Handle Path Result: Success
[2020.03.06-03.31.26:704][  0]LogSteamVRInputDevice: Display: Retrieving Action Handle: /actions/main/out/vibrateright
[2020.03.06-03.31.26:704][  0]LogSteamVRInputDevice: Display: [STEAMVR INPUT] Setting Action Handle Path Result: Success
[2020.03.06-03.31.26:704][  0]LogSteamVRInputDevice: Display: Retrieving Action Handle: /actions/main/in/open_console
[2020.03.06-03.31.26:704][  0]LogSteamVRInputDevice: Display: [STEAMVR INPUT] Setting Action Handle Path Result: Success
[2020.03.06-03.31.26:723][  0]LogAssetRegistry: Asset discovery search completed in 18.8232 seconds
[2020.03.06-03.31.26:726][  0]LogCollectionManager: Fixed up redirectors for 0 collections in 0.000005 seconds (updated 0 objects)
[2020.03.06-03.31.26:731][  0]LogHMD: SteamVR Shutting down.
[2020.03.06-03.31.26:733][  0]LogContentStreaming: Texture pool size now 1000 MB
[2020.03.06-03.31.27:063][ 38]LogAudioMixer: Warning: Changing default audio render device to new device: {0.0.0.00000000}.{7b4fd51d-4a73-4417-9589-aaccda73f15f}.
[2020.03.06-03.31.27:135][ 38]LogTemp: Resetting audio stream to device id 
[2020.03.06-03.31.27:204][ 38]LogAudioMixer: Display: Audio Device Output Speaker Info:
[2020.03.06-03.31.27:204][ 38]LogAudioMixer: Display: Name: Speakers (2- HyperX Cloud Flight Wireless Headset)
[2020.03.06-03.31.27:204][ 38]LogAudioMixer: Display: Is Default: Yes
[2020.03.06-03.31.27:204][ 38]LogAudioMixer: Display: Sample Rate: 48000
[2020.03.06-03.31.27:204][ 38]LogAudioMixer: Display: Channel Count Used: 2
[2020.03.06-03.31.27:204][ 38]LogAudioMixer: Display: Device Channel Count: 2
[2020.03.06-03.31.27:204][ 38]LogAudioMixer: Display: Channel Order:
[2020.03.06-03.31.27:204][ 38]LogAudioMixer: Display: 0: FrontLeft
[2020.03.06-03.31.27:204][ 38]LogAudioMixer: Display: 1: FrontRight
[2020.03.06-03.31.27:715][ 93]LogSlate: Took 0.029845 seconds to synchronously load lazily loaded font '../../../Engine/Content/Slate/Fonts/Roboto-Light.ttf' (167K)
[2020.03.06-03.31.31:762][534]LogFileCache: Retrieving MD5 hashes for directory 'C:/Users/zekti/Documents/Unreal Projects/ArcaneSupremacy/ArcaneSupremacy/Content/' took 5.06s
[2020.03.06-03.31.33:672][760]LogAssetEditorSubsystem: Opening Asset editor for Blueprint /Game/Blueprints/BP_EQModifier.BP_EQModifier
[2020.03.06-03.31.33:774][760]LogContentBrowser: Native class hierarchy updated for 'BlueprintGraph' in 0.0003 seconds. Added 121 classes and 0 folders.
[2020.03.06-03.31.34:488][760]LogAssetEditorSubsystem: Opening Asset editor for Blueprint /Game/Blueprints/BPC_MusicModifier.BPC_MusicModifier
[2020.03.06-03.31.35:078][760]LogSlate: Took 0.000095 seconds to synchronously load lazily loaded font '../../../Engine/Content/Slate/Fonts/Roboto-BoldCondensed.ttf' (158K)
[2020.03.06-03.31.35:104][760]LogSlate: Took 0.025014 seconds to synchronously load lazily loaded font '../../../Engine/Content/Editor/Slate/Fonts/FontAwesome.ttf' (139K)
[2020.03.06-03.31.35:224][761]LogSlate: Took 0.004712 seconds to synchronously load lazily loaded font '../../../Engine/Content/Slate/Fonts/Roboto-Italic.ttf' (157K)
[2020.03.06-03.31.39:362][227]LogWorld: UWorld::CleanupWorld for World_0, bSessionEnded=true, bCleanupResources=true
[2020.03.06-03.31.39:362][227]LogSlate: InvalidateAllWidgets triggered.  All widgets were invalidated
[2020.03.06-03.31.40:214][325]LogWorld: UWorld::CleanupWorld for World_1, bSessionEnded=true, bCleanupResources=true
[2020.03.06-03.31.40:214][325]LogSlate: InvalidateAllWidgets triggered.  All widgets were invalidated
[2020.03.06-03.31.43:511][692]LogSlate: Took 0.000077 seconds to synchronously load lazily loaded font '../../../Engine/Content/Slate/Fonts/Roboto-Light.ttf' (167K)
[2020.03.06-03.32.07:421][847]LogSlate: Window 'Pick Parent Class' being destroyed
[2020.03.06-03.32.51:390][118]LogAssetEditorSubsystem: Opening Asset editor for Blueprint /Game/Blueprints/BP_Projectile.BP_Projectile
[2020.03.06-03.32.53:782][349]LogRenderer: Reallocating scene render targets to support 1208x708 Format 10 NumSamples 1 (Frame:198).
[2020.03.06-03.32.54:057][382]LogSlate: Window 'BP_Projectile' being destroyed
[2020.03.06-03.38.30:954][980]LogAudioMixer: Warning: Changing default audio render device to new device: {0.0.0.00000000}.{2048127d-237b-4080-b655-60d31dc92580}.
[2020.03.06-03.38.30:954][980]LogTemp: Resetting audio stream to device id 
[2020.03.06-03.38.31:052][980]LogAudioMixer: Display: Audio Device Output Speaker Info:
[2020.03.06-03.38.31:052][980]LogAudioMixer: Display: Name: Speakers (2- HyperX Cloud Flight Wireless Headset)
[2020.03.06-03.38.31:052][980]LogAudioMixer: Display: Is Default: Yes
[2020.03.06-03.38.31:052][980]LogAudioMixer: Display: Sample Rate: 48000
[2020.03.06-03.38.31:052][980]LogAudioMixer: Display: Channel Count Used: 2
[2020.03.06-03.38.31:052][980]LogAudioMixer: Display: Device Channel Count: 2
[2020.03.06-03.38.31:052][980]LogAudioMixer: Display: Channel Order:
[2020.03.06-03.38.31:052][980]LogAudioMixer: Display: 0: FrontLeft
[2020.03.06-03.38.31:052][980]LogAudioMixer: Display: 1: FrontRight
[2020.03.06-03.38.31:243][981]LogAudioMixer: Warning: Changing default audio render device to new device: {0.0.0.00000000}.{2048127d-237b-4080-b655-60d31dc92580}.
[2020.03.06-03.38.31:243][981]LogTemp: Resetting audio stream to device id 
[2020.03.06-03.38.31:302][981]LogAudioMixer: Display: Audio Device Output Speaker Info:
[2020.03.06-03.38.31:302][981]LogAudioMixer: Display: Name: Index HMD (NVIDIA High Definition Audio)
[2020.03.06-03.38.31:302][981]LogAudioMixer: Display: Is Default: Yes
[2020.03.06-03.38.31:302][981]LogAudioMixer: Display: Sample Rate: 48000
[2020.03.06-03.38.31:302][981]LogAudioMixer: Display: Channel Count Used: 2
[2020.03.06-03.38.31:302][981]LogAudioMixer: Display: Device Channel Count: 2
[2020.03.06-03.38.31:302][981]LogAudioMixer: Display: Channel Order:
[2020.03.06-03.38.31:302][981]LogAudioMixer: Display: 0: FrontLeft
[2020.03.06-03.38.31:302][981]LogAudioMixer: Display: 1: FrontRight
[2020.03.06-03.38.36:009][995]LogAudioMixer: Warning: Changing default audio render device to new device: {0.0.0.00000000}.{7b4fd51d-4a73-4417-9589-aaccda73f15f}.
[2020.03.06-03.38.36:009][995]LogTemp: Resetting audio stream to device id 
[2020.03.06-03.38.36:072][995]LogAudioMixer: Display: Audio Device Output Speaker Info:
[2020.03.06-03.38.36:072][995]LogAudioMixer: Display: Name: Speakers (2- HyperX Cloud Flight Wireless Headset)
[2020.03.06-03.38.36:072][995]LogAudioMixer: Display: Is Default: Yes
[2020.03.06-03.38.36:072][995]LogAudioMixer: Display: Sample Rate: 48000
[2020.03.06-03.38.36:072][995]LogAudioMixer: Display: Channel Count Used: 2
[2020.03.06-03.38.36:072][995]LogAudioMixer: Display: Device Channel Count: 2
[2020.03.06-03.38.36:072][995]LogAudioMixer: Display: Channel Order:
[2020.03.06-03.38.36:072][995]LogAudioMixer: Display: 0: FrontLeft
[2020.03.06-03.38.36:072][995]LogAudioMixer: Display: 1: FrontRight
[2020.03.06-03.41.26:976][503]LogUObjectHash: Compacting FUObjectHashTables data took   2.81ms
[2020.03.06-03.41.26:984][503]LogFileHelpers: Editor autosave (incl. sublevels) for '/Temp/Untitled_1' took 0.049
[2020.03.06-03.41.26:984][503]OBJ SavePackage: Generating thumbnails for [1] asset(s) in package [/Game/Blueprints/BP_Projectile] ([1] browsable assets)...
[2020.03.06-03.41.27:000][503]OBJ SavePackage:     Rendered thumbnail for [Blueprint /Game/Blueprints/BP_Projectile.BP_Projectile]
[2020.03.06-03.41.27:000][503]OBJ SavePackage: Finished generating thumbnails for package [/Game/Blueprints/BP_Projectile]
[2020.03.06-03.41.27:012][503]LogSavePackage: Moving 'C:/Users/zekti/Documents/Unreal Projects/ArcaneSupremacy/ArcaneSupremacy/Saved/BP_Projectile_Auto17BE798154178F5307E8E23ADA958E9E6.tmp' to 'C:/Users/zekti/Documents/Unreal Projects/ArcaneSupremacy/ArcaneSupremacy/Saved/Autosaves/Game/Blueprints/BP_Projectile_Auto1.uasset'
[2020.03.06-03.41.27:013][503]LogFileHelpers: Auto-saving content packages took 0.028
[2020.03.06-03.43.50:948][492]LogAudioMixer: Warning: Changing default audio render device to new device: {0.0.0.00000000}.{2048127d-237b-4080-b655-60d31dc92580}.
[2020.03.06-03.43.50:948][492]LogTemp: Resetting audio stream to device id 
[2020.03.06-03.43.51:038][492]LogAudioMixer: Display: Audio Device Output Speaker Info:
[2020.03.06-03.43.51:038][492]LogAudioMixer: Display: Name: Speakers (2- HyperX Cloud Flight Wireless Headset)
[2020.03.06-03.43.51:038][492]LogAudioMixer: Display: Is Default: Yes
[2020.03.06-03.43.51:038][492]LogAudioMixer: Display: Sample Rate: 48000
[2020.03.06-03.43.51:038][492]LogAudioMixer: Display: Channel Count Used: 2
[2020.03.06-03.43.51:038][492]LogAudioMixer: Display: Device Channel Count: 2
[2020.03.06-03.43.51:038][492]LogAudioMixer: Display: Channel Order:
[2020.03.06-03.43.51:038][492]LogAudioMixer: Display: 0: FrontLeft
[2020.03.06-03.43.51:038][492]LogAudioMixer: Display: 1: FrontRight
[2020.03.06-03.43.51:250][493]LogAudioMixer: Warning: Changing default audio render device to new device: {0.0.0.00000000}.{2048127d-237b-4080-b655-60d31dc92580}.
[2020.03.06-03.43.51:250][493]LogTemp: Resetting audio stream to device id 
[2020.03.06-03.43.51:308][493]LogAudioMixer: Display: Audio Device Output Speaker Info:
[2020.03.06-03.43.51:308][493]LogAudioMixer: Display: Name: Index HMD (NVIDIA High Definition Audio)
[2020.03.06-03.43.51:308][493]LogAudioMixer: Display: Is Default: Yes
[2020.03.06-03.43.51:308][493]LogAudioMixer: Display: Sample Rate: 48000
[2020.03.06-03.43.51:308][493]LogAudioMixer: Display: Channel Count Used: 2
[2020.03.06-03.43.51:308][493]LogAudioMixer: Display: Device Channel Count: 2
[2020.03.06-03.43.51:308][493]LogAudioMixer: Display: Channel Order:
[2020.03.06-03.43.51:308][493]LogAudioMixer: Display: 0: FrontLeft
[2020.03.06-03.43.51:308][493]LogAudioMixer: Display: 1: FrontRight
[2020.03.06-03.43.57:616][512]LogAudioMixer: Warning: Changing default audio render device to new device: {0.0.0.00000000}.{7b4fd51d-4a73-4417-9589-aaccda73f15f}.
[2020.03.06-03.43.57:616][512]LogTemp: Resetting audio stream to device id 
[2020.03.06-03.43.57:639][512]LogAudioMixer: Display: Audio Device Output Speaker Info:
[2020.03.06-03.43.57:639][512]LogAudioMixer: Display: Name: Speakers (2- HyperX Cloud Flight Wireless Headset)
[2020.03.06-03.43.57:639][512]LogAudioMixer: Display: Is Default: Yes
[2020.03.06-03.43.57:639][512]LogAudioMixer: Display: Sample Rate: 48000
[2020.03.06-03.43.57:639][512]LogAudioMixer: Display: Channel Count Used: 2
[2020.03.06-03.43.57:639][512]LogAudioMixer: Display: Device Channel Count: 2
[2020.03.06-03.43.57:639][512]LogAudioMixer: Display: Channel Order:
[2020.03.06-03.43.57:639][512]LogAudioMixer: Display: 0: FrontLeft
[2020.03.06-03.43.57:639][512]LogAudioMixer: Display: 1: FrontRight
[2020.03.06-03.57.12:470][869]LogAudioMixer: Warning: Changing default audio render device to new device: {0.0.0.00000000}.{2048127d-237b-4080-b655-60d31dc92580}.
[2020.03.06-03.57.12:470][869]LogTemp: Resetting audio stream to device id 
[2020.03.06-03.57.12:561][869]LogAudioMixer: Display: Audio Device Output Speaker Info:
[2020.03.06-03.57.12:561][869]LogAudioMixer: Display: Name: Speakers (2- HyperX Cloud Flight Wireless Headset)
[2020.03.06-03.57.12:561][869]LogAudioMixer: Display: Is Default: Yes
[2020.03.06-03.57.12:561][869]LogAudioMixer: Display: Sample Rate: 48000
[2020.03.06-03.57.12:561][869]LogAudioMixer: Display: Channel Count Used: 2
[2020.03.06-03.57.12:561][869]LogAudioMixer: Display: Device Channel Count: 2
[2020.03.06-03.57.12:561][869]LogAudioMixer: Display: Channel Order:
[2020.03.06-03.57.12:561][869]LogAudioMixer: Display: 0: FrontLeft
[2020.03.06-03.57.12:561][869]LogAudioMixer: Display: 1: FrontRight
