Log file open, 03/10/20 14:31:34
LogWindows: Failed to load 'aqProf.dll' (GetLastError=126)
LogWindows: File 'aqProf.dll' does not exist
LogWindows: Failed to load 'VtuneApi.dll' (GetLastError=126)
LogWindows: File 'VtuneApi.dll' does not exist
LogWindows: Failed to load 'VtuneApi32e.dll' (GetLastError=126)
LogWindows: File 'VtuneApi32e.dll' does not exist
LogConsoleResponse: Display: Failed to find resolution value strings in scalability ini. Falling back to default.
LogInit: Display: Running engine for game: ArcaneSupremacy
LogPlatformFile: Not using cached read wrapper
LogTaskGraph: Started task graph with 5 named threads and 23 total threads with 3 sets of task threads.
LogStats: Stats thread started at 0.088195
LogD3D11RHI: Loaded GFSDK_Aftermath_Lib.x64.dll
LogICUInternationalization: ICU TimeZone Detection - Raw Offset: -7:00, Platform Override: ''
LogPluginManager: Mounting plugin Paper2D
LogPluginManager: Mounting plugin AISupport
LogPluginManager: Mounting plugin LightPropagationVolume
LogPluginManager: Mounting plugin ActorLayerUtilities
LogPluginManager: Mounting plugin AnimationSharing
LogPluginManager: Mounting plugin CLionSourceCodeAccess
LogPluginManager: Mounting plugin CodeLiteSourceCodeAccess
LogPluginManager: Mounting plugin GitSourceControl
LogPluginManager: Mounting plugin KDevelopSourceCodeAccess
LogPluginManager: Mounting plugin NullSourceCodeAccess
LogPluginManager: Mounting plugin PerforceSourceControl
LogPluginManager: Mounting plugin PlasticSourceControl
LogPluginManager: Mounting plugin SubversionSourceControl
LogPluginManager: Mounting plugin UObjectPlugin
LogPluginManager: Mounting plugin VisualStudioCodeSourceCodeAccess
LogPluginManager: Mounting plugin VisualStudioSourceCodeAccess
LogPluginManager: Mounting plugin XCodeSourceCodeAccess
LogPluginManager: Mounting plugin AssetManagerEditor
LogPluginManager: Mounting plugin CryptoKeys
LogPluginManager: Mounting plugin CurveEditorTools
LogPluginManager: Mounting plugin DataValidation
LogPluginManager: Mounting plugin FacialAnimation
LogPluginManager: Mounting plugin GameplayTagsEditor
LogPluginManager: Mounting plugin MacGraphicsSwitching
LogPluginManager: Mounting plugin MaterialAnalyzer
LogPluginManager: Mounting plugin MobileLauncherProfileWizard
LogPluginManager: Mounting plugin PluginBrowser
LogPluginManager: Mounting plugin SpeedTreeImporter
LogPluginManager: Mounting plugin DatasmithContent
LogPluginManager: Mounting plugin VariantManagerContent
LogPluginManager: Mounting plugin AlembicImporter
LogPluginManager: Mounting plugin AutomationUtils
LogPluginManager: Mounting plugin BackChannel
LogPluginManager: Mounting plugin CharacterAI
LogPluginManager: Mounting plugin GeometryCache
LogPluginManager: Mounting plugin PlatformCrypto
LogPluginManager: Mounting plugin ProxyLODPlugin
LogPluginManager: Mounting plugin SkeletalReduction
LogPluginManager: Mounting plugin MagicLeap
LogPluginManager: Mounting plugin MagicLeapMedia
LogPluginManager: Mounting plugin MLSDK
LogPluginManager: Mounting plugin AndroidMedia
LogPluginManager: Mounting plugin AvfMedia
LogPluginManager: Mounting plugin ImgMedia
LogPluginManager: Mounting plugin MediaCompositing
LogPluginManager: Mounting plugin MediaPlayerEditor
LogPluginManager: Mounting plugin WebMMedia
LogPluginManager: Mounting plugin WmfMedia
LogPluginManager: Mounting plugin TcpMessaging
LogPluginManager: Mounting plugin UdpMessaging
LogPluginManager: Mounting plugin ActorSequence
LogPluginManager: Mounting plugin LevelSequenceEditor
LogPluginManager: Mounting plugin MatineeToLevelSequence
LogPluginManager: Mounting plugin NetcodeUnitTest
LogPluginManager: Mounting plugin NUTUnrealEngine4
LogPluginManager: Mounting plugin OnlineSubsystemGooglePlay
LogPluginManager: Mounting plugin OnlineSubsystemIOS
LogPluginManager: Mounting plugin OnlineSubsystem
LogPluginManager: Mounting plugin OnlineSubsystemNull
LogPluginManager: Mounting plugin OnlineSubsystemUtils
LogPluginManager: Mounting plugin LauncherChunkInstaller
LogPluginManager: Mounting plugin AndroidDeviceProfileSelector
LogPluginManager: Mounting plugin AndroidMoviePlayer
LogPluginManager: Mounting plugin AndroidPermission
LogPluginManager: Mounting plugin AppleImageUtils
LogPluginManager: Mounting plugin AppleMoviePlayer
LogPluginManager: Mounting plugin ArchVisCharacter
LogPluginManager: Mounting plugin AssetTags
LogPluginManager: Mounting plugin AudioCapture
LogPluginManager: Mounting plugin CableComponent
LogPluginManager: Mounting plugin CustomMeshComponent
LogPluginManager: Mounting plugin EditableMesh
LogPluginManager: Mounting plugin ExampleDeviceProfileSelector
LogPluginManager: Mounting plugin GoogleCloudMessaging
LogPluginManager: Mounting plugin IOSDeviceProfileSelector
LogPluginManager: Mounting plugin LinuxDeviceProfileSelector
LogPluginManager: Mounting plugin LocationServicesBPLibrary
LogPluginManager: Mounting plugin MobilePatchingUtils
LogPluginManager: Mounting plugin OculusVR
LogPluginManager: Mounting plugin PhysXVehicles
LogPluginManager: Mounting plugin PostSplashScreen
LogPluginManager: Mounting plugin ProceduralMeshComponent
LogPluginManager: Mounting plugin RuntimePhysXCooking
LogPluginManager: Mounting plugin SignificanceManager
LogPluginManager: Mounting plugin SoundVisualizations
LogPluginManager: Mounting plugin SteamVR
LogPluginManager: Mounting plugin WebMMoviePlayer
LogPluginManager: Mounting plugin WindowsMoviePlayer
LogPluginManager: Mounting plugin ScreenshotTools
LogInit: Using libcurl 7.55.1-DEV
LogInit:  - built for x86_64-pc-win32
LogInit:  - supports SSL with OpenSSL/1.1.1
LogInit:  - supports HTTP deflate (compression) using libz 1.2.8
LogInit:  - other features:
LogInit:      CURL_VERSION_SSL
LogInit:      CURL_VERSION_LIBZ
LogInit:      CURL_VERSION_IPV6
LogInit:      CURL_VERSION_ASYNCHDNS
LogInit:      CURL_VERSION_LARGEFILE
LogInit:      CURL_VERSION_IDN
LogInit:  CurlRequestOptions (configurable via config and command line):
LogInit:  - bVerifyPeer = true  - Libcurl will verify peer certificate
LogInit:  - bUseHttpProxy = false  - Libcurl will NOT use HTTP proxy
LogInit:  - bDontReuseConnections = false  - Libcurl will reuse connections
LogInit:  - MaxHostConnections = 16  - Libcurl will limit the number of connections to a host
LogInit:  - LocalHostAddr = Default
LogInit:  - BufferSize = 65536
LogOnline: OSS: Creating online subsystem instance for: NULL
LogInit: WinSock: version 1.1 (2.2), MaxSocks=32767, MaxUdp=65467
LogOnline: OSS: TryLoadSubsystemAndSetDefault: Loaded subsystem for module [NULL]
LogInit: Build: ++UE4+Release-4.24-CL-11590370
LogInit: Engine Version: 4.24.3-11590370+++UE4+Release-4.24
LogInit: Compatible Engine Version: 4.24.0-10570792+++UE4+Release-4.24
LogInit: Net CL: 10570792
LogInit: OS: Windows 10 (Release 1903) (), CPU: Intel(R) Core(TM) i7-7820HQ CPU @ 2.90GHz, GPU: Intel(R) HD Graphics 630
LogInit: Compiled (64-bit): Feb 24 2020 15:39:18
LogInit: Compiled with Visual C++: 19.16.27032.01
LogInit: Build Configuration: Development
LogInit: Branch Name: ++UE4+Release-4.24
LogInit: Command Line: 
LogInit: Base Directory: C:/Program Files/Epic Games/UE_4.24/Engine/Binaries/Win64/
LogInit: Installed Engine Build: 1
LogDevObjectVersion: Number of dev versions registered: 25
LogDevObjectVersion:   Dev-Blueprints (B0D832E4-1F89-4F0D-ACCF-7EB736FD4AA2): 10
LogDevObjectVersion:   Dev-Build (E1C64328-A22C-4D53-A36C-8E866417BD8C): 0
LogDevObjectVersion:   Dev-Core (375EC13C-06E4-48FB-B500-84F0262A717E): 3
LogDevObjectVersion:   Dev-Editor (E4B068ED-F494-42E9-A231-DA0B2E46BB41): 37
LogDevObjectVersion:   Dev-Framework (CFFC743F-43B0-4480-9391-14DF171D2073): 36
LogDevObjectVersion:   Dev-Mobile (B02B49B5-BB20-44E9-A304-32B752E40360): 2
LogDevObjectVersion:   Dev-Networking (A4E4105C-59A1-49B5-A7C5-40C4547EDFEE): 0
LogDevObjectVersion:   Dev-Online (39C831C9-5AE6-47DC-9A44-9C173E1C8E7C): 0
LogDevObjectVersion:   Dev-Physics (78F01B33-EBEA-4F98-B9B4-84EACCB95AA2): 2
LogDevObjectVersion:   Dev-Platform (6631380F-2D4D-43E0-8009-CF276956A95A): 0
LogDevObjectVersion:   Dev-Rendering (12F88B9F-8875-4AFC-A67C-D90C383ABD29): 36
LogDevObjectVersion:   Dev-Sequencer (7B5AE74C-D270-4C10-A958-57980B212A5A): 11
LogDevObjectVersion:   Dev-VR (D7296918-1DD6-4BDD-9DE2-64A83CC13884): 2
LogDevObjectVersion:   Dev-LoadTimes (C2A15278-BFE7-4AFE-6C17-90FF531DF755): 1
LogDevObjectVersion:   Private-Geometry (6EACA3D4-40EC-4CC1-B786-8BED09428FC5): 3
LogDevObjectVersion:   Dev-AnimPhys (29E575DD-E0A3-4627-9D10-D276232CDCEA): 17
LogDevObjectVersion:   Dev-Anim (AF43A65D-7FD3-4947-9873-3E8ED9C1BB05): 2
LogDevObjectVersion:   Dev-ReflectionCapture (6B266CEC-1EC7-4B8F-A30B-E4D90942FC07): 1
LogDevObjectVersion:   Dev-Automation (0DF73D61-A23F-47EA-B727-89E90C41499A): 1
LogDevObjectVersion:   FortniteMain (601D1886-AC64-4F84-AA16-D3DE0DEAC7D6): 31
LogDevObjectVersion:   Dev-Enterprise (9DFFBCD6-494F-0158-E221-12823C92A888): 8
LogDevObjectVersion:   Dev-Niagara (F2AED0AC-9AFE-416F-8664-AA7FFA26D6FC): 1
LogDevObjectVersion:   Dev-Destruction (174F1F0B-B4C6-45A5-B13F-2EE8D0FB917D): 9
LogDevObjectVersion:   Dev-Physics-Ext (35F94A83-E258-406C-A318-09F59610247C): 8
LogDevObjectVersion:   Dev-CineCamera (B2E18506-4273-CFC2-A54E-F4BB758BBA07): 1
LogInit: Presizing for max 25165824 objects, including 0 objects not considered by GC, pre-allocating 0 bytes for permanent pool.
LogInit: Object subsystem initialized
LogConfig: Setting CVar [[con.DebugEarlyDefault:1]]
LogConfig: Setting CVar [[r.setres:1280x720]]
[2020.03.10-20.31.34:804][  0]LogConfig: Setting CVar [[r.VSync:0]]
[2020.03.10-20.31.34:804][  0]LogConfig: Setting CVar [[r.RHICmdBypass:0]]
[2020.03.10-20.31.34:804][  0]LogConfig: Applying CVar settings from Section [/Script/Engine.RendererSettings] File [C:/Users/Kaedian Maxfield/Desktop/GameLand/ArcaneSupremacy/ArcaneSupremacy/Saved/Config/Windows/Engine.ini]
[2020.03.10-20.31.34:804][  0]LogConfig: Setting CVar [[r.GPUCrashDebugging:0]]
[2020.03.10-20.31.34:804][  0]LogConfig: Setting CVar [[r.MobileHDR:1]]
[2020.03.10-20.31.34:804][  0]LogConfig: Setting CVar [[r.Mobile.DisableVertexFog:1]]
[2020.03.10-20.31.34:804][  0]LogConfig: Setting CVar [[r.Shadow.CSM.MaxMobileCascades:2]]
[2020.03.10-20.31.34:804][  0]LogConfig: Setting CVar [[r.MobileMSAA:1]]
[2020.03.10-20.31.34:804][  0]LogConfig: Setting CVar [[r.Mobile.UseLegacyShadingModel:0]]
[2020.03.10-20.31.34:804][  0]LogConfig: Setting CVar [[r.Mobile.UseHWsRGBEncoding:0]]
[2020.03.10-20.31.34:804][  0]LogConfig: Setting CVar [[r.Mobile.AllowDitheredLODTransition:0]]
[2020.03.10-20.31.34:804][  0]LogConfig: Setting CVar [[r.Mobile.AllowSoftwareOcclusion:0]]
[2020.03.10-20.31.34:804][  0]LogConfig: Setting CVar [[r.DiscardUnusedQuality:0]]
[2020.03.10-20.31.34:804][  0]LogConfig: Setting CVar [[r.AllowOcclusionQueries:1]]
[2020.03.10-20.31.34:804][  0]LogConfig: Setting CVar [[r.MinScreenRadiusForLights:0.030000]]
[2020.03.10-20.31.34:804][  0]LogConfig: Setting CVar [[r.MinScreenRadiusForDepthPrepass:0.030000]]
[2020.03.10-20.31.34:804][  0]LogConfig: Setting CVar [[r.MinScreenRadiusForCSMDepth:0.010000]]
[2020.03.10-20.31.34:804][  0]LogConfig: Setting CVar [[r.PrecomputedVisibilityWarning:0]]
[2020.03.10-20.31.34:804][  0]LogConfig: Setting CVar [[r.TextureStreaming:1]]
[2020.03.10-20.31.34:804][  0]LogConfig: Setting CVar [[Compat.UseDXT5NormalMaps:0]]
[2020.03.10-20.31.34:804][  0]LogConfig: Setting CVar [[r.VirtualTextures:0]]
[2020.03.10-20.31.34:804][  0]LogConfig: Setting CVar [[r.VirtualTexturedLightmaps:0]]
[2020.03.10-20.31.34:804][  0]LogConfig: Setting CVar [[r.VT.TileSize:128]]
[2020.03.10-20.31.34:804][  0]LogConfig: Setting CVar [[r.VT.TileBorderSize:4]]
[2020.03.10-20.31.34:804][  0]LogConfig: Setting CVar [[r.vt.FeedbackFactor:16]]
[2020.03.10-20.31.34:804][  0]LogConfig: Setting CVar [[r.VT.EnableCompressZlib:1]]
[2020.03.10-20.31.34:804][  0]LogConfig: Setting CVar [[r.VT.EnableCompressCrunch:0]]
[2020.03.10-20.31.34:804][  0]LogConfig: Setting CVar [[r.ClearCoatNormal:0]]
[2020.03.10-20.31.34:805][  0]LogConfig: Setting CVar [[r.ReflectionCaptureResolution:128]]
[2020.03.10-20.31.34:805][  0]LogConfig: Setting CVar [[r.ReflectionEnvironmentLightmapMixBasedOnRoughness:1]]
[2020.03.10-20.31.34:805][  0]LogConfig: Setting CVar [[r.ForwardShading:0]]
[2020.03.10-20.31.34:805][  0]LogConfig: Setting CVar [[r.VertexFoggingForOpaque:1]]
[2020.03.10-20.31.34:805][  0]LogConfig: Setting CVar [[r.AllowStaticLighting:1]]
[2020.03.10-20.31.34:805][  0]LogConfig: Setting CVar [[r.NormalMapsForStaticLighting:0]]
[2020.03.10-20.31.34:805][  0]LogConfig: Setting CVar [[r.GenerateMeshDistanceFields:0]]
[2020.03.10-20.31.34:805][  0]LogConfig: Setting CVar [[r.DistanceFieldBuild.EightBit:0]]
[2020.03.10-20.31.34:805][  0]LogConfig: Setting CVar [[r.GenerateLandscapeGIData:0]]
[2020.03.10-20.31.34:805][  0]LogConfig: Setting CVar [[r.DistanceFieldBuild.Compress:0]]
[2020.03.10-20.31.34:805][  0]LogConfig: Setting CVar [[r.TessellationAdaptivePixelsPerTriangle:48.000000]]
[2020.03.10-20.31.34:805][  0]LogConfig: Setting CVar [[r.SeparateTranslucency:1]]
[2020.03.10-20.31.34:805][  0]LogConfig: Setting CVar [[r.TranslucentSortPolicy:0]]
[2020.03.10-20.31.34:805][  0]LogConfig: Setting CVar [[r.CustomDepth:1]]
[2020.03.10-20.31.34:805][  0]LogConfig: Setting CVar [[r.CustomDepthTemporalAAJitter:1]]
[2020.03.10-20.31.34:805][  0]LogConfig: Setting CVar [[r.PostProcessing.PropagateAlpha:0]]
[2020.03.10-20.31.34:805][  0]LogConfig: Setting CVar [[r.DefaultFeature.Bloom:1]]
[2020.03.10-20.31.34:805][  0]LogConfig: Setting CVar [[r.DefaultFeature.AmbientOcclusion:1]]
[2020.03.10-20.31.34:805][  0]LogConfig: Setting CVar [[r.DefaultFeature.AmbientOcclusionStaticFraction:1]]
[2020.03.10-20.31.34:805][  0]LogConfig: Setting CVar [[r.DefaultFeature.AutoExposure:0]]
[2020.03.10-20.31.34:805][  0]LogConfig: Setting CVar [[r.DefaultFeature.AutoExposure.Method:0]]
[2020.03.10-20.31.34:805][  0]LogConfig: Setting CVar [[r.DefaultFeature.AutoExposure.ExtendDefaultLuminanceRange:0]]
[2020.03.10-20.31.34:805][  0]LogConfig: Setting CVar [[r.UsePreExposure:1]]
[2020.03.10-20.31.34:805][  0]LogConfig: Setting CVar [[r.EyeAdaptation.EditorOnly:1]]
[2020.03.10-20.31.34:805][  0]LogConfig: Setting CVar [[r.DefaultFeature.MotionBlur:0]]
[2020.03.10-20.31.34:805][  0]LogConfig: Setting CVar [[r.DefaultFeature.LensFlare:0]]
[2020.03.10-20.31.34:805][  0]LogConfig: Setting CVar [[r.TemporalAA.Upsampling:0]]
[2020.03.10-20.31.34:805][  0]LogConfig: Setting CVar [[r.SSGI.Enable:0]]
[2020.03.10-20.31.34:805][  0]LogConfig: Setting CVar [[r.DefaultFeature.AntiAliasing:0]]
[2020.03.10-20.31.34:805][  0]LogConfig: Setting CVar [[r.DefaultFeature.LightUnits:1]]
[2020.03.10-20.31.34:805][  0]LogConfig: Setting CVar [[r.DefaultBackBufferPixelFormat:4]]
[2020.03.10-20.31.34:805][  0]LogConfig: Setting CVar [[r.Shadow.UnbuiltPreviewInGame:1]]
[2020.03.10-20.31.34:805][  0]LogConfig: Setting CVar [[r.StencilForLODDither:0]]
[2020.03.10-20.31.34:805][  0]LogConfig: Setting CVar [[r.EarlyZPass:3]]
[2020.03.10-20.31.34:805][  0]LogConfig: Setting CVar [[r.EarlyZPassOnlyMaterialMasking:0]]
[2020.03.10-20.31.34:805][  0]LogConfig: Setting CVar [[r.DBuffer:1]]
[2020.03.10-20.31.34:805][  0]LogConfig: Setting CVar [[r.ClearSceneMethod:1]]
[2020.03.10-20.31.34:805][  0]LogConfig: Setting CVar [[r.BasePassOutputsVelocity:0]]
[2020.03.10-20.31.34:805][  0]LogConfig: Setting CVar [[r.SelectiveBasePassOutputs:0]]
[2020.03.10-20.31.34:805][  0]LogConfig: Setting CVar [[fx.GPUSimulationTextureSizeX:1024]]
[2020.03.10-20.31.34:805][  0]LogConfig: Setting CVar [[fx.GPUSimulationTextureSizeY:1024]]
[2020.03.10-20.31.34:805][  0]LogConfig: Setting CVar [[r.AllowGlobalClipPlane:0]]
[2020.03.10-20.31.34:805][  0]LogConfig: Setting CVar [[r.GBufferFormat:1]]
[2020.03.10-20.31.34:805][  0]LogConfig: Setting CVar [[r.MorphTarget.Mode:1]]
[2020.03.10-20.31.34:805][  0]LogConfig: Setting CVar [[vr.InstancedStereo:0]]
[2020.03.10-20.31.34:805][  0]LogConfig: Setting CVar [[vr.MultiView:0]]
[2020.03.10-20.31.34:805][  0]LogConfig: Setting CVar [[vr.MobileMultiView:0]]
[2020.03.10-20.31.34:805][  0]LogConfig: Setting CVar [[vr.MobileMultiView.Direct:0]]
[2020.03.10-20.31.34:805][  0]LogConfig: Setting CVar [[vr.RoundRobinOcclusion:0]]
[2020.03.10-20.31.34:805][  0]LogConfig: Setting CVar [[vr.ODSCapture:0]]
[2020.03.10-20.31.34:805][  0]LogConfig: Setting CVar [[r.WireframeCullThreshold:5.000000]]
[2020.03.10-20.31.34:805][  0]LogConfig: Setting CVar [[r.RayTracing:0]]
[2020.03.10-20.31.34:805][  0]LogConfig: Setting CVar [[r.RayTracing.UseTextureLod:0]]
[2020.03.10-20.31.34:805][  0]LogConfig: Setting CVar [[r.SupportStationarySkylight:1]]
[2020.03.10-20.31.34:805][  0]LogConfig: Setting CVar [[r.SupportLowQualityLightmaps:1]]
[2020.03.10-20.31.34:805][  0]LogConfig: Setting CVar [[r.SupportPointLightWholeSceneShadows:1]]
[2020.03.10-20.31.34:805][  0]LogConfig: Setting CVar [[r.SupportAtmosphericFog:1]]
[2020.03.10-20.31.34:805][  0]LogConfig: Setting CVar [[r.SupportSkyAtmosphere:1]]
[2020.03.10-20.31.34:805][  0]LogConfig: Setting CVar [[r.SupportSkyAtmosphereAffectsHeightFog:0]]
[2020.03.10-20.31.34:805][  0]LogConfig: Setting CVar [[r.SkinCache.CompileShaders:0]]
[2020.03.10-20.31.34:805][  0]LogConfig: Setting CVar [[r.Mobile.EnableStaticAndCSMShadowReceivers:1]]
[2020.03.10-20.31.34:806][  0]LogConfig: Setting CVar [[r.Mobile.EnableMovableLightCSMShaderCulling:1]]
[2020.03.10-20.31.34:806][  0]LogConfig: Setting CVar [[r.Mobile.AllowDistanceFieldShadows:1]]
[2020.03.10-20.31.34:806][  0]LogConfig: Setting CVar [[r.Mobile.AllowMovableDirectionalLights:1]]
[2020.03.10-20.31.34:806][  0]LogConfig: Setting CVar [[r.MobileNumDynamicPointLights:4]]
[2020.03.10-20.31.34:806][  0]LogConfig: Setting CVar [[r.MobileDynamicPointLightsUseStaticBranch:1]]
[2020.03.10-20.31.34:806][  0]LogConfig: Setting CVar [[r.Mobile.EnableMovableSpotlights:0]]
[2020.03.10-20.31.34:806][  0]LogConfig: Setting CVar [[r.SkinCache.SceneMemoryLimitInMB:128.000000]]
[2020.03.10-20.31.34:806][  0]LogConfig: Setting CVar [[r.GPUSkin.Limit2BoneInfluences:0]]
[2020.03.10-20.31.34:806][  0]LogConfig: Setting CVar [[r.SupportDepthOnlyIndexBuffers:1]]
[2020.03.10-20.31.34:806][  0]LogConfig: Setting CVar [[r.SupportReversedIndexBuffers:1]]
[2020.03.10-20.31.34:806][  0]LogConfig: Setting CVar [[r.SupportMaterialLayers:0]]
[2020.03.10-20.31.34:806][  0]LogConfig: Setting CVar [[r.LightPropagationVolume:0]]
[2020.03.10-20.31.34:806][  0]LogConfig: Applying CVar settings from Section [/Script/Engine.RendererOverrideSettings] File [C:/Users/Kaedian Maxfield/Desktop/GameLand/ArcaneSupremacy/ArcaneSupremacy/Saved/Config/Windows/Engine.ini]
[2020.03.10-20.31.34:806][  0]LogConfig: Applying CVar settings from Section [/Script/Engine.StreamingSettings] File [C:/Users/Kaedian Maxfield/Desktop/GameLand/ArcaneSupremacy/ArcaneSupremacy/Saved/Config/Windows/Engine.ini]
[2020.03.10-20.31.34:806][  0]LogConfig: Setting CVar [[s.MinBulkDataSizeForAsyncLoading:131072]]
[2020.03.10-20.31.34:806][  0]LogConfig: Setting CVar [[s.AsyncLoadingThreadEnabled:0]]
[2020.03.10-20.31.34:806][  0]LogConfig: Setting CVar [[s.EventDrivenLoaderEnabled:1]]
[2020.03.10-20.31.34:806][  0]LogConfig: Setting CVar [[s.WarnIfTimeLimitExceeded:0]]
[2020.03.10-20.31.34:806][  0]LogConfig: Setting CVar [[s.TimeLimitExceededMultiplier:1.5]]
[2020.03.10-20.31.34:806][  0]LogConfig: Setting CVar [[s.TimeLimitExceededMinTime:0.005]]
[2020.03.10-20.31.34:806][  0]LogConfig: Setting CVar [[s.UseBackgroundLevelStreaming:1]]
[2020.03.10-20.31.34:806][  0]LogConfig: Setting CVar [[s.PriorityAsyncLoadingExtraTime:15.0]]
[2020.03.10-20.31.34:806][  0]LogConfig: Setting CVar [[s.LevelStreamingActorsUpdateTimeLimit:5.0]]
[2020.03.10-20.31.34:806][  0]LogConfig: Setting CVar [[s.PriorityLevelStreamingActorsUpdateExtraTime:5.0]]
[2020.03.10-20.31.34:806][  0]LogConfig: Setting CVar [[s.LevelStreamingComponentsRegistrationGranularity:10]]
[2020.03.10-20.31.34:806][  0]LogConfig: Setting CVar [[s.UnregisterComponentsTimeLimit:1.0]]
[2020.03.10-20.31.34:806][  0]LogConfig: Setting CVar [[s.LevelStreamingComponentsUnregistrationGranularity:5]]
[2020.03.10-20.31.34:806][  0]LogConfig: Setting CVar [[s.FlushStreamingOnExit:1]]
[2020.03.10-20.31.34:806][  0]LogConfig: Applying CVar settings from Section [/Script/Engine.GarbageCollectionSettings] File [C:/Users/Kaedian Maxfield/Desktop/GameLand/ArcaneSupremacy/ArcaneSupremacy/Saved/Config/Windows/Engine.ini]
[2020.03.10-20.31.34:806][  0]LogConfig: Setting CVar [[gc.MaxObjectsNotConsideredByGC:1]]
[2020.03.10-20.31.34:806][  0]LogConfig: Setting CVar [[gc.SizeOfPermanentObjectPool:0]]
[2020.03.10-20.31.34:806][  0]LogConfig: Setting CVar [[gc.FlushStreamingOnGC:0]]
[2020.03.10-20.31.34:806][  0]LogConfig: Setting CVar [[gc.NumRetriesBeforeForcingGC:10]]
[2020.03.10-20.31.34:806][  0]LogConfig: Setting CVar [[gc.AllowParallelGC:1]]
[2020.03.10-20.31.34:806][  0]LogConfig: Setting CVar [[gc.TimeBetweenPurgingPendingKillObjects:61.1]]
[2020.03.10-20.31.34:806][  0]LogConfig: Setting CVar [[gc.MaxObjectsInEditor:25165824]]
[2020.03.10-20.31.34:806][  0]LogConfig: Setting CVar [[gc.IncrementalBeginDestroyEnabled:1]]
[2020.03.10-20.31.34:806][  0]LogConfig: Setting CVar [[gc.CreateGCClusters:1]]
[2020.03.10-20.31.34:806][  0]LogConfig: Setting CVar [[gc.MinGCClusterSize:5]]
[2020.03.10-20.31.34:806][  0]LogConfig: Setting CVar [[gc.ActorClusteringEnabled:0]]
[2020.03.10-20.31.34:806][  0]LogConfig: Setting CVar [[gc.BlueprintClusteringEnabled:0]]
[2020.03.10-20.31.34:806][  0]LogConfig: Setting CVar [[gc.UseDisregardForGCOnDedicatedServers:0]]
[2020.03.10-20.31.34:806][  0]LogConfig: Applying CVar settings from Section [/Script/Engine.NetworkSettings] File [C:/Users/Kaedian Maxfield/Desktop/GameLand/ArcaneSupremacy/ArcaneSupremacy/Saved/Config/Windows/Engine.ini]
[2020.03.10-20.31.34:806][  0]LogConfig: Applying CVar settings from Section [/Script/UnrealEd.CookerSettings] File [C:/Users/Kaedian Maxfield/Desktop/GameLand/ArcaneSupremacy/ArcaneSupremacy/Saved/Config/Windows/Engine.ini]
[2020.03.10-20.31.34:808][  0]LogConfig: Applying CVar settings from Section [ViewDistanceQuality@3] File [C:/Users/Kaedian Maxfield/Desktop/GameLand/ArcaneSupremacy/ArcaneSupremacy/Saved/Config/Windows/Scalability.ini]
[2020.03.10-20.31.34:808][  0]LogConfig: Setting CVar [[r.SkeletalMeshLODBias:0]]
[2020.03.10-20.31.34:808][  0]LogConfig: Setting CVar [[r.ViewDistanceScale:1.0]]
[2020.03.10-20.31.34:808][  0]LogConfig: Applying CVar settings from Section [AntiAliasingQuality@3] File [C:/Users/Kaedian Maxfield/Desktop/GameLand/ArcaneSupremacy/ArcaneSupremacy/Saved/Config/Windows/Scalability.ini]
[2020.03.10-20.31.34:808][  0]LogConfig: Setting CVar [[r.PostProcessAAQuality:4]]
[2020.03.10-20.31.34:808][  0]LogConfig: Applying CVar settings from Section [ShadowQuality@3] File [C:/Users/Kaedian Maxfield/Desktop/GameLand/ArcaneSupremacy/ArcaneSupremacy/Saved/Config/Windows/Scalability.ini]
[2020.03.10-20.31.34:809][  0]LogConfig: Setting CVar [[r.LightFunctionQuality:1]]
[2020.03.10-20.31.34:809][  0]LogConfig: Setting CVar [[r.ShadowQuality:5]]
[2020.03.10-20.31.34:809][  0]LogConfig: Setting CVar [[r.Shadow.CSM.MaxCascades:10]]
[2020.03.10-20.31.34:809][  0]LogConfig: Setting CVar [[r.Shadow.MaxResolution:2048]]
[2020.03.10-20.31.34:809][  0]LogConfig: Setting CVar [[r.Shadow.MaxCSMResolution:2048]]
[2020.03.10-20.31.34:809][  0]LogConfig: Setting CVar [[r.Shadow.RadiusThreshold:0.01]]
[2020.03.10-20.31.34:809][  0]LogConfig: Setting CVar [[r.Shadow.DistanceScale:1.0]]
[2020.03.10-20.31.34:809][  0]LogConfig: Setting CVar [[r.Shadow.CSM.TransitionScale:1.0]]
[2020.03.10-20.31.34:809][  0]LogConfig: Setting CVar [[r.Shadow.PreShadowResolutionFactor:1.0]]
[2020.03.10-20.31.34:809][  0]LogConfig: Setting CVar [[r.DistanceFieldShadowing:1]]
[2020.03.10-20.31.34:809][  0]LogConfig: Setting CVar [[r.DistanceFieldAO:1]]
[2020.03.10-20.31.34:809][  0]LogConfig: Setting CVar [[r.AOQuality:2]]
[2020.03.10-20.31.34:809][  0]LogConfig: Setting CVar [[r.VolumetricFog:1]]
[2020.03.10-20.31.34:809][  0]LogConfig: Setting CVar [[r.VolumetricFog.GridPixelSize:8]]
[2020.03.10-20.31.34:809][  0]LogConfig: Setting CVar [[r.VolumetricFog.GridSizeZ:128]]
[2020.03.10-20.31.34:809][  0]LogConfig: Setting CVar [[r.VolumetricFog.HistoryMissSupersampleCount:4]]
[2020.03.10-20.31.34:809][  0]LogConfig: Setting CVar [[r.LightMaxDrawDistanceScale:1]]
[2020.03.10-20.31.34:809][  0]LogConfig: Setting CVar [[r.CapsuleShadows:1]]
[2020.03.10-20.31.34:809][  0]LogConfig: Applying CVar settings from Section [PostProcessQuality@3] File [C:/Users/Kaedian Maxfield/Desktop/GameLand/ArcaneSupremacy/ArcaneSupremacy/Saved/Config/Windows/Scalability.ini]
[2020.03.10-20.31.34:809][  0]LogConfig: Setting CVar [[r.MotionBlurQuality:4]]
[2020.03.10-20.31.34:809][  0]LogConfig: Setting CVar [[r.AmbientOcclusionMipLevelFactor:0.4]]
[2020.03.10-20.31.34:809][  0]LogConfig: Setting CVar [[r.AmbientOcclusionMaxQuality:100]]
[2020.03.10-20.31.34:809][  0]LogConfig: Setting CVar [[r.AmbientOcclusionLevels:-1]]
[2020.03.10-20.31.34:809][  0]LogConfig: Setting CVar [[r.AmbientOcclusionRadiusScale:1.0]]
[2020.03.10-20.31.34:809][  0]LogConfig: Setting CVar [[r.DepthOfFieldQuality:2]]
[2020.03.10-20.31.34:809][  0]LogConfig: Setting CVar [[r.RenderTargetPoolMin:400]]
[2020.03.10-20.31.34:809][  0]LogConfig: Setting CVar [[r.LensFlareQuality:2]]
[2020.03.10-20.31.34:809][  0]LogConfig: Setting CVar [[r.SceneColorFringeQuality:1]]
[2020.03.10-20.31.34:809][  0]LogConfig: Setting CVar [[r.EyeAdaptationQuality:2]]
[2020.03.10-20.31.34:809][  0]LogConfig: Setting CVar [[r.BloomQuality:5]]
[2020.03.10-20.31.34:809][  0]LogConfig: Setting CVar [[r.FastBlurThreshold:100]]
[2020.03.10-20.31.34:809][  0]LogConfig: Setting CVar [[r.Upscale.Quality:3]]
[2020.03.10-20.31.34:809][  0]LogConfig: Setting CVar [[r.Tonemapper.GrainQuantization:1]]
[2020.03.10-20.31.34:809][  0]LogConfig: Setting CVar [[r.LightShaftQuality:1]]
[2020.03.10-20.31.34:809][  0]LogConfig: Setting CVar [[r.Filter.SizeScale:1]]
[2020.03.10-20.31.34:809][  0]LogConfig: Setting CVar [[r.Tonemapper.Quality:5]]
[2020.03.10-20.31.34:809][  0]LogConfig: Setting CVar [[r.DOF.Gather.AccumulatorQuality:1        ; higher gathering accumulator quality]]
[2020.03.10-20.31.34:809][  0]LogConfig: Setting CVar [[r.DOF.Gather.PostfilterMethod:1          ; Median3x3 postfilering method]]
[2020.03.10-20.31.34:809][  0]LogConfig: Setting CVar [[r.DOF.Gather.EnableBokehSettings:0       ; no bokeh simulation when gathering]]
[2020.03.10-20.31.34:809][  0]LogConfig: Setting CVar [[r.DOF.Gather.RingCount:4                 ; medium number of samples when gathering]]
[2020.03.10-20.31.34:809][  0]LogConfig: Setting CVar [[r.DOF.Scatter.ForegroundCompositing:1    ; additive foreground scattering]]
[2020.03.10-20.31.34:809][  0]LogConfig: Setting CVar [[r.DOF.Scatter.BackgroundCompositing:2    ; additive background scattering]]
[2020.03.10-20.31.34:809][  0]LogConfig: Setting CVar [[r.DOF.Scatter.EnableBokehSettings:1      ; bokeh simulation when scattering]]
[2020.03.10-20.31.34:809][  0]LogConfig: Setting CVar [[r.DOF.Scatter.MaxSpriteRatio:0.1         ; only a maximum of 10% of scattered bokeh]]
[2020.03.10-20.31.34:809][  0]LogConfig: Setting CVar [[r.DOF.Recombine.Quality:1                ; cheap slight out of focus]]
[2020.03.10-20.31.34:809][  0]LogConfig: Setting CVar [[r.DOF.Recombine.EnableBokehSettings:0    ; no bokeh simulation on slight out of focus]]
[2020.03.10-20.31.34:809][  0]LogConfig: Setting CVar [[r.DOF.TemporalAAQuality:1                ; more stable temporal accumulation]]
[2020.03.10-20.31.34:809][  0]LogConfig: Setting CVar [[r.DOF.Kernel.MaxForegroundRadius:0.025]]
[2020.03.10-20.31.34:809][  0]LogConfig: Setting CVar [[r.DOF.Kernel.MaxBackgroundRadius:0.025]]
[2020.03.10-20.31.34:809][  0]LogConfig: Applying CVar settings from Section [TextureQuality@3] File [C:/Users/Kaedian Maxfield/Desktop/GameLand/ArcaneSupremacy/ArcaneSupremacy/Saved/Config/Windows/Scalability.ini]
[2020.03.10-20.31.34:809][  0]LogConfig: Setting CVar [[r.Streaming.MipBias:0]]
[2020.03.10-20.31.34:809][  0]LogConfig: Setting CVar [[r.Streaming.AmortizeCPUToGPUCopy:0]]
[2020.03.10-20.31.34:809][  0]LogConfig: Setting CVar [[r.Streaming.MaxNumTexturesToStreamPerFrame:0]]
[2020.03.10-20.31.34:809][  0]LogConfig: Setting CVar [[r.Streaming.Boost:1]]
[2020.03.10-20.31.34:809][  0]LogConfig: Setting CVar [[r.MaxAnisotropy:8]]
[2020.03.10-20.31.34:809][  0]LogConfig: Setting CVar [[r.VT.MaxAnisotropy:8]]
[2020.03.10-20.31.34:809][  0]LogConfig: Setting CVar [[r.Streaming.LimitPoolSizeToVRAM:0]]
[2020.03.10-20.31.34:809][  0]LogConfig: Setting CVar [[r.Streaming.PoolSize:1000]]
[2020.03.10-20.31.34:809][  0]LogConfig: Setting CVar [[r.Streaming.MaxEffectiveScreenSize:0]]
[2020.03.10-20.31.34:809][  0]LogConfig: Applying CVar settings from Section [EffectsQuality@3] File [C:/Users/Kaedian Maxfield/Desktop/GameLand/ArcaneSupremacy/ArcaneSupremacy/Saved/Config/Windows/Scalability.ini]
[2020.03.10-20.31.34:809][  0]LogConfig: Setting CVar [[r.TranslucencyLightingVolumeDim:64]]
[2020.03.10-20.31.34:809][  0]LogConfig: Setting CVar [[r.RefractionQuality:2]]
[2020.03.10-20.31.34:809][  0]LogConfig: Setting CVar [[r.SSR.Quality:3]]
[2020.03.10-20.31.34:809][  0]LogConfig: Setting CVar [[r.SSR.HalfResSceneColor:0]]
[2020.03.10-20.31.34:809][  0]LogConfig: Setting CVar [[r.SceneColorFormat:4]]
[2020.03.10-20.31.34:809][  0]LogConfig: Setting CVar [[r.DetailMode:2]]
[2020.03.10-20.31.34:809][  0]LogConfig: Setting CVar [[r.TranslucencyVolumeBlur:1]]
[2020.03.10-20.31.34:809][  0]LogConfig: Setting CVar [[r.MaterialQualityLevel:1 ; High quality]]
[2020.03.10-20.31.34:809][  0]LogConfig: Setting CVar [[r.SSS.Scale:1]]
[2020.03.10-20.31.34:809][  0]LogConfig: Setting CVar [[r.SSS.SampleSet:2]]
[2020.03.10-20.31.34:809][  0]LogConfig: Setting CVar [[r.SSS.Quality:1]]
[2020.03.10-20.31.34:809][  0]LogConfig: Setting CVar [[r.SSS.HalfRes:1]]
[2020.03.10-20.31.34:809][  0]LogConfig: Setting CVar [[r.SSGI.Quality:3]]
[2020.03.10-20.31.34:809][  0]LogConfig: Setting CVar [[r.EmitterSpawnRateScale:1.0]]
[2020.03.10-20.31.34:810][  0]LogConfig: Setting CVar [[r.ParticleLightQuality:2]]
[2020.03.10-20.31.34:810][  0]LogConfig: Setting CVar [[r.SkyAtmosphere.AerialPerspectiveLUT.FastApplyOnOpaque:1 ; Always have FastSkyLUT 1 in this case to avoid wrong sky]]
[2020.03.10-20.31.34:810][  0]LogConfig: Setting CVar [[r.SkyAtmosphere.AerialPerspectiveLUT.SampleCountPerSlice:1]]
[2020.03.10-20.31.34:810][  0]LogConfig: Setting CVar [[r.SkyAtmosphere.AerialPerspectiveLUT.DepthResolution:16.0]]
[2020.03.10-20.31.34:810][  0]LogConfig: Setting CVar [[r.SkyAtmosphere.FastSkyLUT:1]]
[2020.03.10-20.31.34:810][  0]LogConfig: Setting CVar [[r.SkyAtmosphere.FastSkyLUT.SampleCountMin:4.0]]
[2020.03.10-20.31.34:810][  0]LogConfig: Setting CVar [[r.SkyAtmosphere.FastSkyLUT.SampleCountMax:32.0]]
[2020.03.10-20.31.34:810][  0]LogConfig: Setting CVar [[r.SkyAtmosphere.SampleCountMin:4.0]]
[2020.03.10-20.31.34:810][  0]LogConfig: Setting CVar [[r.SkyAtmosphere.SampleCountMax:32.0]]
[2020.03.10-20.31.34:810][  0]LogConfig: Setting CVar [[r.SkyAtmosphere.TransmittanceLUT.UseSmallFormat:0]]
[2020.03.10-20.31.34:810][  0]LogConfig: Setting CVar [[r.SkyAtmosphere.TransmittanceLUT.SampleCount:10.0]]
[2020.03.10-20.31.34:810][  0]LogConfig: Setting CVar [[r.SkyAtmosphere.MultiScatteringLUT.SampleCount:15.0]]
[2020.03.10-20.31.34:810][  0]LogConfig: Applying CVar settings from Section [FoliageQuality@3] File [C:/Users/Kaedian Maxfield/Desktop/GameLand/ArcaneSupremacy/ArcaneSupremacy/Saved/Config/Windows/Scalability.ini]
[2020.03.10-20.31.34:810][  0]LogConfig: Setting CVar [[foliage.DensityScale:1.0]]
[2020.03.10-20.31.34:810][  0]LogConfig: Setting CVar [[grass.DensityScale:1.0]]
[2020.03.10-20.31.34:810][  0]LogConfig: Applying CVar settings from Section [ShadingQuality@3] File [C:/Users/Kaedian Maxfield/Desktop/GameLand/ArcaneSupremacy/ArcaneSupremacy/Saved/Config/Windows/Scalability.ini]
[2020.03.10-20.31.34:810][  0]LogConfig: Setting CVar [[r.HairStrands.SkyLighting.SampleCount:16]]
[2020.03.10-20.31.34:810][  0]LogConfig: Setting CVar [[r.HairStrands.SkyLighting.JitterIntegration:0]]
[2020.03.10-20.31.34:810][  0]LogConfig: Setting CVar [[r.HairStrands.SkyAO.SampleCount:16]]
[2020.03.10-20.31.34:810][  0]LogInit: Selected Device Profile: [Windows]
[2020.03.10-20.31.34:810][  0]LogInit: Applying CVar settings loaded from the selected device profile: [Windows]
[2020.03.10-20.31.34:813][  0]LogHAL: Display: Platform has ~ 32 GB [33872723968 / 34359738368 / 32], which maps to Largest [LargestMinGB=32, LargerMinGB=12, DefaultMinGB=8, SmallerMinGB=6, SmallestMinGB=0)
[2020.03.10-20.31.34:813][  0]LogInit: Going up to parent DeviceProfile []
[2020.03.10-20.31.34:813][  0]LogConfig: Applying CVar settings from Section [ViewDistanceQuality@1] File [C:/Users/Kaedian Maxfield/Desktop/GameLand/ArcaneSupremacy/ArcaneSupremacy/Saved/Config/Windows/Scalability.ini]
[2020.03.10-20.31.34:813][  0]LogConfig: Setting CVar [[r.SkeletalMeshLODBias:1]]
[2020.03.10-20.31.34:813][  0]LogConfig: Setting CVar [[r.ViewDistanceScale:0.6]]
[2020.03.10-20.31.34:813][  0]LogConfig: Applying CVar settings from Section [AntiAliasingQuality@2] File [C:/Users/Kaedian Maxfield/Desktop/GameLand/ArcaneSupremacy/ArcaneSupremacy/Saved/Config/Windows/Scalability.ini]
[2020.03.10-20.31.34:813][  0]LogConfig: Setting CVar [[r.PostProcessAAQuality:3]]
[2020.03.10-20.31.34:813][  0]LogConfig: Applying CVar settings from Section [ShadowQuality@1] File [C:/Users/Kaedian Maxfield/Desktop/GameLand/ArcaneSupremacy/ArcaneSupremacy/Saved/Config/Windows/Scalability.ini]
[2020.03.10-20.31.34:813][  0]LogConfig: Setting CVar [[r.LightFunctionQuality:1]]
[2020.03.10-20.31.34:813][  0]LogConfig: Setting CVar [[r.ShadowQuality:3]]
[2020.03.10-20.31.34:813][  0]LogConfig: Setting CVar [[r.Shadow.CSM.MaxCascades:1]]
[2020.03.10-20.31.34:813][  0]LogConfig: Setting CVar [[r.Shadow.MaxResolution:1024]]
[2020.03.10-20.31.34:813][  0]LogConfig: Setting CVar [[r.Shadow.MaxCSMResolution:1024]]
[2020.03.10-20.31.34:813][  0]LogConfig: Setting CVar [[r.Shadow.RadiusThreshold:0.05]]
[2020.03.10-20.31.34:813][  0]LogConfig: Setting CVar [[r.Shadow.DistanceScale:0.7]]
[2020.03.10-20.31.34:813][  0]LogConfig: Setting CVar [[r.Shadow.CSM.TransitionScale:0.25]]
[2020.03.10-20.31.34:813][  0]LogConfig: Setting CVar [[r.Shadow.PreShadowResolutionFactor:0.5]]
[2020.03.10-20.31.34:813][  0]LogConfig: Setting CVar [[r.DistanceFieldShadowing:0]]
[2020.03.10-20.31.34:813][  0]LogConfig: Setting CVar [[r.DistanceFieldAO:0]]
[2020.03.10-20.31.34:813][  0]LogConfig: Setting CVar [[r.VolumetricFog:0]]
[2020.03.10-20.31.34:813][  0]LogConfig: Setting CVar [[r.LightMaxDrawDistanceScale:.5]]
[2020.03.10-20.31.34:813][  0]LogConfig: Setting CVar [[r.CapsuleShadows:1]]
[2020.03.10-20.31.34:813][  0]LogConfig: Applying CVar settings from Section [PostProcessQuality@2] File [C:/Users/Kaedian Maxfield/Desktop/GameLand/ArcaneSupremacy/ArcaneSupremacy/Saved/Config/Windows/Scalability.ini]
[2020.03.10-20.31.34:813][  0]LogConfig: Setting CVar [[r.MotionBlurQuality:3]]
[2020.03.10-20.31.34:813][  0]LogConfig: Setting CVar [[r.AmbientOcclusionMipLevelFactor:0.6]]
[2020.03.10-20.31.34:813][  0]LogConfig: Setting CVar [[r.AmbientOcclusionMaxQuality:100]]
[2020.03.10-20.31.34:813][  0]LogConfig: Setting CVar [[r.AmbientOcclusionLevels:-1]]
[2020.03.10-20.31.34:813][  0]LogConfig: Setting CVar [[r.AmbientOcclusionRadiusScale:1.5]]
[2020.03.10-20.31.34:813][  0]LogConfig: Setting CVar [[r.DepthOfFieldQuality:2]]
[2020.03.10-20.31.34:813][  0]LogConfig: Setting CVar [[r.RenderTargetPoolMin:400]]
[2020.03.10-20.31.34:813][  0]LogConfig: Setting CVar [[r.LensFlareQuality:2]]
[2020.03.10-20.31.34:813][  0]LogConfig: Setting CVar [[r.SceneColorFringeQuality:1]]
[2020.03.10-20.31.34:813][  0]LogConfig: Setting CVar [[r.EyeAdaptationQuality:2]]
[2020.03.10-20.31.34:813][  0]LogConfig: Setting CVar [[r.BloomQuality:5]]
[2020.03.10-20.31.34:813][  0]LogConfig: Setting CVar [[r.FastBlurThreshold:3]]
[2020.03.10-20.31.34:813][  0]LogConfig: Setting CVar [[r.Upscale.Quality:2]]
[2020.03.10-20.31.34:813][  0]LogConfig: Setting CVar [[r.Tonemapper.GrainQuantization:1]]
[2020.03.10-20.31.34:813][  0]LogConfig: Setting CVar [[r.LightShaftQuality:1]]
[2020.03.10-20.31.34:813][  0]LogConfig: Setting CVar [[r.Filter.SizeScale:0.8]]
[2020.03.10-20.31.34:813][  0]LogConfig: Setting CVar [[r.Tonemapper.Quality:5]]
[2020.03.10-20.31.34:813][  0]LogConfig: Setting CVar [[r.DOF.Gather.AccumulatorQuality:0        ; lower gathering accumulator quality]]
[2020.03.10-20.31.34:813][  0]LogConfig: Setting CVar [[r.DOF.Gather.PostfilterMethod:2          ; Max3x3 postfilering method]]
[2020.03.10-20.31.34:813][  0]LogConfig: Setting CVar [[r.DOF.Gather.EnableBokehSettings:0       ; no bokeh simulation when gathering]]
[2020.03.10-20.31.34:813][  0]LogConfig: Setting CVar [[r.DOF.Gather.RingCount:4                 ; medium number of samples when gathering]]
[2020.03.10-20.31.34:813][  0]LogConfig: Setting CVar [[r.DOF.Scatter.ForegroundCompositing:1    ; additive foreground scattering]]
[2020.03.10-20.31.34:814][  0]LogConfig: Setting CVar [[r.DOF.Scatter.BackgroundCompositing:1    ; no background occlusion]]
[2020.03.10-20.31.34:814][  0]LogConfig: Setting CVar [[r.DOF.Scatter.EnableBokehSettings:0      ; no bokeh simulation when scattering]]
[2020.03.10-20.31.34:814][  0]LogConfig: Setting CVar [[r.DOF.Scatter.MaxSpriteRatio:0.04        ; only a maximum of 4% of scattered bokeh]]
[2020.03.10-20.31.34:814][  0]LogConfig: Setting CVar [[r.DOF.Recombine.Quality:0                ; no slight out of focus]]
[2020.03.10-20.31.34:814][  0]LogConfig: Setting CVar [[r.DOF.TemporalAAQuality:0                ; faster temporal accumulation]]
[2020.03.10-20.31.34:814][  0]LogConfig: Setting CVar [[r.DOF.Kernel.MaxForegroundRadius:0.012   ; required because of AccumulatorQuality=0]]
[2020.03.10-20.31.34:814][  0]LogConfig: Setting CVar [[r.DOF.Kernel.MaxBackgroundRadius:0.012   ; required because of AccumulatorQuality=0]]
[2020.03.10-20.31.34:814][  0]LogConfig: Applying CVar settings from Section [TextureQuality@2] File [C:/Users/Kaedian Maxfield/Desktop/GameLand/ArcaneSupremacy/ArcaneSupremacy/Saved/Config/Windows/Scalability.ini]
[2020.03.10-20.31.34:814][  0]LogConfig: Setting CVar [[r.Streaming.MipBias:0]]
[2020.03.10-20.31.34:814][  0]LogConfig: Setting CVar [[r.Streaming.AmortizeCPUToGPUCopy:0]]
[2020.03.10-20.31.34:814][  0]LogConfig: Setting CVar [[r.Streaming.MaxNumTexturesToStreamPerFrame:0]]
[2020.03.10-20.31.34:814][  0]LogConfig: Setting CVar [[r.Streaming.Boost:1]]
[2020.03.10-20.31.34:814][  0]LogConfig: Setting CVar [[r.MaxAnisotropy:4]]
[2020.03.10-20.31.34:814][  0]LogConfig: Setting CVar [[r.VT.MaxAnisotropy:8]]
[2020.03.10-20.31.34:814][  0]LogConfig: Setting CVar [[r.Streaming.LimitPoolSizeToVRAM:1]]
[2020.03.10-20.31.34:814][  0]LogConfig: Setting CVar [[r.Streaming.PoolSize:800]]
[2020.03.10-20.31.34:814][  0]LogConfig: Setting CVar [[r.Streaming.MaxEffectiveScreenSize:0]]
[2020.03.10-20.31.34:814][  0]LogConfig: Applying CVar settings from Section [EffectsQuality@1] File [C:/Users/Kaedian Maxfield/Desktop/GameLand/ArcaneSupremacy/ArcaneSupremacy/Saved/Config/Windows/Scalability.ini]
[2020.03.10-20.31.34:814][  0]LogConfig: Setting CVar [[r.TranslucencyLightingVolumeDim:32]]
[2020.03.10-20.31.34:814][  0]LogConfig: Setting CVar [[r.RefractionQuality:0]]
[2020.03.10-20.31.34:814][  0]LogConfig: Setting CVar [[r.SSR.Quality:0]]
[2020.03.10-20.31.34:814][  0]LogConfig: Setting CVar [[r.SSR.HalfResSceneColor:1]]
[2020.03.10-20.31.34:814][  0]LogConfig: Setting CVar [[r.SceneColorFormat:3]]
[2020.03.10-20.31.34:814][  0]LogConfig: Setting CVar [[r.DetailMode:1]]
[2020.03.10-20.31.34:814][  0]LogConfig: Setting CVar [[r.TranslucencyVolumeBlur:0]]
[2020.03.10-20.31.34:814][  0]LogConfig: Setting CVar [[r.MaterialQualityLevel:2 ; Medium quality]]
[2020.03.10-20.31.34:814][  0]LogConfig: Setting CVar [[r.SSS.Scale:0.75]]
[2020.03.10-20.31.34:814][  0]LogConfig: Setting CVar [[r.SSS.SampleSet:0]]
[2020.03.10-20.31.34:814][  0]LogConfig: Setting CVar [[r.SSS.Quality:0]]
[2020.03.10-20.31.34:814][  0]LogConfig: Setting CVar [[r.SSS.HalfRes:1]]
[2020.03.10-20.31.34:814][  0]LogConfig: Setting CVar [[r.SSGI.Quality:1]]
[2020.03.10-20.31.34:814][  0]LogConfig: Setting CVar [[r.EmitterSpawnRateScale:0.25]]
[2020.03.10-20.31.34:814][  0]LogConfig: Setting CVar [[r.ParticleLightQuality:0]]
[2020.03.10-20.31.34:814][  0]LogConfig: Setting CVar [[r.SkyAtmosphere.AerialPerspectiveLUT.FastApplyOnOpaque:1 ; Always have FastSkyLUT 1 in this case to avoid wrong sky]]
[2020.03.10-20.31.34:814][  0]LogConfig: Setting CVar [[r.SkyAtmosphere.AerialPerspectiveLUT.SampleCountPerSlice:1]]
[2020.03.10-20.31.34:814][  0]LogConfig: Setting CVar [[r.SkyAtmosphere.AerialPerspectiveLUT.DepthResolution:16.0]]
[2020.03.10-20.31.34:814][  0]LogConfig: Setting CVar [[r.SkyAtmosphere.FastSkyLUT:1]]
[2020.03.10-20.31.34:814][  0]LogConfig: Setting CVar [[r.SkyAtmosphere.FastSkyLUT.SampleCountMin:4.0]]
[2020.03.10-20.31.34:814][  0]LogConfig: Setting CVar [[r.SkyAtmosphere.FastSkyLUT.SampleCountMax:32.0]]
[2020.03.10-20.31.34:814][  0]LogConfig: Setting CVar [[r.SkyAtmosphere.SampleCountMin:4.0]]
[2020.03.10-20.31.34:814][  0]LogConfig: Setting CVar [[r.SkyAtmosphere.SampleCountMax:32.0]]
[2020.03.10-20.31.34:814][  0]LogConfig: Setting CVar [[r.SkyAtmosphere.TransmittanceLUT.UseSmallFormat:0]]
[2020.03.10-20.31.34:814][  0]LogConfig: Setting CVar [[r.SkyAtmosphere.TransmittanceLUT.SampleCount:10.0]]
[2020.03.10-20.31.34:814][  0]LogConfig: Setting CVar [[r.SkyAtmosphere.MultiScatteringLUT.SampleCount:15.0]]
[2020.03.10-20.31.34:814][  0]LogConfig: Applying CVar settings from Section [FoliageQuality@2] File [C:/Users/Kaedian Maxfield/Desktop/GameLand/ArcaneSupremacy/ArcaneSupremacy/Saved/Config/Windows/Scalability.ini]
[2020.03.10-20.31.34:814][  0]LogConfig: Setting CVar [[foliage.DensityScale:0.8]]
[2020.03.10-20.31.34:814][  0]LogConfig: Setting CVar [[grass.DensityScale:0.8]]
[2020.03.10-20.31.34:814][  0]LogConfig: Applying CVar settings from Section [ShadingQuality@2] File [C:/Users/Kaedian Maxfield/Desktop/GameLand/ArcaneSupremacy/ArcaneSupremacy/Saved/Config/Windows/Scalability.ini]
[2020.03.10-20.31.34:814][  0]LogConfig: Setting CVar [[r.HairStrands.SkyLighting.SampleCount:16]]
[2020.03.10-20.31.34:814][  0]LogConfig: Setting CVar [[r.HairStrands.SkyLighting.JitterIntegration:0]]
[2020.03.10-20.31.34:814][  0]LogConfig: Setting CVar [[r.HairStrands.SkyAO.SampleCount:16]]
[2020.03.10-20.31.34:814][  0]LogConfig: Applying CVar settings from Section [Startup] File [../../../Engine/Config/ConsoleVariables.ini]
[2020.03.10-20.31.34:814][  0]LogConfig: Setting CVar [[net.UseAdaptiveNetUpdateFrequency:0]]
[2020.03.10-20.31.34:814][  0]LogConfig: Setting CVar [[p.chaos.AllowCreatePhysxBodies:1]]
[2020.03.10-20.31.34:814][  0]LogConfig: Applying CVar settings from Section [ConsoleVariables] File [C:/Users/Kaedian Maxfield/Desktop/GameLand/ArcaneSupremacy/ArcaneSupremacy/Saved/Config/Windows/Engine.ini]
[2020.03.10-20.31.34:815][  0]LogInit: Computer: DESKTOP-TKRKRHV
[2020.03.10-20.31.34:815][  0]LogInit: User: KaedianMaxfield
[2020.03.10-20.31.34:815][  0]LogInit: CPU Page size=4096, Cores=4
[2020.03.10-20.31.34:815][  0]LogInit: High frequency timer resolution =10.000000 MHz
[2020.03.10-20.31.34:815][  0]LogMemory: Memory total: Physical=31.5GB (32GB approx)
[2020.03.10-20.31.34:815][  0]LogMemory: Platform Memory Stats for Windows
[2020.03.10-20.31.34:815][  0]LogMemory: Process Physical Memory: 105.35 MB used, 105.36 MB peak
[2020.03.10-20.31.34:815][  0]LogMemory: Process Virtual Memory: 100.49 MB used, 100.49 MB peak
[2020.03.10-20.31.34:815][  0]LogMemory: Physical Memory: 9817.00 MB used,  22486.55 MB free, 32303.55 MB total
[2020.03.10-20.31.34:815][  0]LogMemory: Virtual Memory: 5137.52 MB used,  134212592.00 MB free, 134217728.00 MB total
[2020.03.10-20.31.34:818][  0]LogWindows: WindowsPlatformFeatures enabled
[2020.03.10-20.31.34:831][  0]LogInit: Using OS detected language (en-US).
[2020.03.10-20.31.34:831][  0]LogInit: Using OS detected locale (en-US).
[2020.03.10-20.31.34:832][  0]LogTextLocalizationManager: No specific localization for 'en-US' exists, so the 'en' localization will be used.
[2020.03.10-20.31.34:998][  0]LogInit: Setting process to per monitor DPI aware
[2020.03.10-20.31.35:038][  0]LogSlate: New Slate User Created.  User Index 0, Is Virtual User: 0
[2020.03.10-20.31.35:038][  0]LogSlate: Slate User Registered.  User Index 0, Is Virtual User: 0
[2020.03.10-20.31.35:236][  0]LogHMD: Failed to initialize OpenVR with code 126
[2020.03.10-20.31.35:236][  0]LogD3D11RHI: D3D11 min allowed feature level: 11_0
[2020.03.10-20.31.35:236][  0]LogD3D11RHI: D3D11 max allowed feature level: 11_0
[2020.03.10-20.31.35:236][  0]LogD3D11RHI: D3D11 adapters:
[2020.03.10-20.31.35:289][  0]LogD3D11RHI:    0. 'NVIDIA Quadro M1200' (Feature Level 11_0)
[2020.03.10-20.31.35:289][  0]LogD3D11RHI:       4055/0/16151 MB DedicatedVideo/DedicatedSystem/SharedSystem, Outputs:1, VendorId:0x10de
[2020.03.10-20.31.35:296][  0]LogD3D11RHI:    1. 'Intel(R) HD Graphics 630' (Feature Level 11_0)
[2020.03.10-20.31.35:296][  0]LogD3D11RHI:       128/0/16151 MB DedicatedVideo/DedicatedSystem/SharedSystem, Outputs:0, VendorId:0x8086
[2020.03.10-20.31.35:298][  0]LogD3D11RHI:    2. 'Microsoft Basic Render Driver' (Feature Level 11_0)
[2020.03.10-20.31.35:298][  0]LogD3D11RHI:       0/0/16151 MB DedicatedVideo/DedicatedSystem/SharedSystem, Outputs:0, VendorId:0x1414
[2020.03.10-20.31.35:298][  0]LogD3D11RHI: Chosen D3D11 Adapter: 0
[2020.03.10-20.31.35:333][  0]LogD3D11RHI: Creating new Direct3DDevice
[2020.03.10-20.31.35:333][  0]LogD3D11RHI:     GPU DeviceId: 0x13b6 (for the marketing name, search the web for "GPU Device Id")
[2020.03.10-20.31.35:333][  0]LogWindows: EnumDisplayDevices:
[2020.03.10-20.31.35:333][  0]LogWindows:    0. 'Intel(R) HD Graphics 630' (P:1 D:1)
[2020.03.10-20.31.35:333][  0]LogWindows:    1. 'Intel(R) HD Graphics 630' (P:0 D:0)
[2020.03.10-20.31.35:333][  0]LogWindows:    2. 'Intel(R) HD Graphics 630' (P:0 D:0)
[2020.03.10-20.31.35:334][  0]LogWindows: DebugString: PrimaryIsNotTheChoosenAdapter PrimaryIsNotTheChoosenAdapter PrimaryIsNotTheChoosenAdapter FoundDriverCount:0 
[2020.03.10-20.31.35:334][  0]LogD3D11RHI:     Adapter Name: NVIDIA Quadro M1200
[2020.03.10-20.31.35:334][  0]LogD3D11RHI:   Driver Version: Unknown (internal:Unknown, unified:Unknown)
[2020.03.10-20.31.35:334][  0]LogD3D11RHI:      Driver Date: Unknown
[2020.03.10-20.31.35:334][  0]LogRHI: Texture pool is 2839 MB (70% of 4055 MB)
[2020.03.10-20.31.35:376][  0]LogD3D11RHI: RHI has support for 64 bit atomics
[2020.03.10-20.31.35:377][  0]LogD3D11RHI: Async texture creation enabled
[2020.03.10-20.31.35:390][  0]LogD3D11RHI: GPU Timing Frequency: 1000.000000 (Debug: 2 1)
[2020.03.10-20.31.35:720][  0]LogTargetPlatformManager: Display: Loaded TargetPlatform 'AllDesktop'
[2020.03.10-20.31.35:765][  0]LogTargetPlatformManager: Display: Loaded TargetPlatform 'Android'
[2020.03.10-20.31.35:765][  0]LogTargetPlatformManager: Display: Loaded TargetPlatform 'Android_ASTC'
[2020.03.10-20.31.35:765][  0]LogTargetPlatformManager: Display: Loaded TargetPlatform 'Android_ATC'
[2020.03.10-20.31.35:765][  0]LogTargetPlatformManager: Display: Loaded TargetPlatform 'Android_DXT'
[2020.03.10-20.31.35:765][  0]LogTargetPlatformManager: Display: Loaded TargetPlatform 'Android_ETC1'
[2020.03.10-20.31.35:765][  0]LogTargetPlatformManager: Display: Loaded TargetPlatform 'Android_ETC1a'
[2020.03.10-20.31.35:765][  0]LogTargetPlatformManager: Display: Loaded TargetPlatform 'Android_ETC2'
[2020.03.10-20.31.35:765][  0]LogTargetPlatformManager: Display: Loaded TargetPlatform 'Android_PVRTC'
[2020.03.10-20.31.35:765][  0]LogTargetPlatformManager: Display: Loaded TargetPlatform 'AndroidClient'
[2020.03.10-20.31.35:765][  0]LogTargetPlatformManager: Display: Loaded TargetPlatform 'Android_ASTCClient'
[2020.03.10-20.31.35:765][  0]LogTargetPlatformManager: Display: Loaded TargetPlatform 'Android_ATCClient'
[2020.03.10-20.31.35:765][  0]LogTargetPlatformManager: Display: Loaded TargetPlatform 'Android_DXTClient'
[2020.03.10-20.31.35:765][  0]LogTargetPlatformManager: Display: Loaded TargetPlatform 'Android_ETC1Client'
[2020.03.10-20.31.35:765][  0]LogTargetPlatformManager: Display: Loaded TargetPlatform 'Android_ETC1aClient'
[2020.03.10-20.31.35:765][  0]LogTargetPlatformManager: Display: Loaded TargetPlatform 'Android_ETC2Client'
[2020.03.10-20.31.35:765][  0]LogTargetPlatformManager: Display: Loaded TargetPlatform 'Android_PVRTCClient'
[2020.03.10-20.31.35:765][  0]LogTargetPlatformManager: Display: Loaded TargetPlatform 'Android_Multi'
[2020.03.10-20.31.35:765][  0]LogTargetPlatformManager: Display: Loaded TargetPlatform 'Android_MultiClient'
[2020.03.10-20.31.35:789][  0]LogTargetPlatformManager: Display: Loaded TargetPlatform 'IOSClient'
[2020.03.10-20.31.35:789][  0]LogTargetPlatformManager: Display: Loaded TargetPlatform 'IOS'
[2020.03.10-20.31.35:797][  0]LogTargetPlatformManager: Display: Loaded TargetPlatform 'LinuxNoEditor'
[2020.03.10-20.31.35:805][  0]LogTargetPlatformManager: Display: Loaded TargetPlatform 'LinuxClient'
[2020.03.10-20.31.35:813][  0]LogTargetPlatformManager: Display: Loaded TargetPlatform 'LinuxServer'
[2020.03.10-20.31.35:822][  0]LogTargetPlatformManager: Display: Loaded TargetPlatform 'LinuxAArch64NoEditor'
[2020.03.10-20.31.35:831][  0]LogTargetPlatformManager: Display: Loaded TargetPlatform 'LinuxAArch64Client'
[2020.03.10-20.31.35:839][  0]LogTargetPlatformManager: Display: Loaded TargetPlatform 'LinuxAArch64Server'
[2020.03.10-20.31.35:867][  0]LogTargetPlatformManager: Display: Loaded TargetPlatform 'Lumin'
[2020.03.10-20.31.35:867][  0]LogTargetPlatformManager: Display: Loaded TargetPlatform 'LuminClient'
[2020.03.10-20.31.35:883][  0]LogTargetPlatformManager: Display: Loaded TargetPlatform 'TVOSClient'
[2020.03.10-20.31.35:883][  0]LogTargetPlatformManager: Display: Loaded TargetPlatform 'TVOS'
[2020.03.10-20.31.35:891][  0]LogTargetPlatformManager: Display: Loaded TargetPlatform 'WindowsNoEditor'
[2020.03.10-20.31.35:898][  0]LogTargetPlatformManager: Display: Loaded TargetPlatform 'Windows'
[2020.03.10-20.31.35:905][  0]LogTargetPlatformManager: Display: Loaded TargetPlatform 'WindowsClient'
[2020.03.10-20.31.35:912][  0]LogTargetPlatformManager: Display: Loaded TargetPlatform 'WindowsServer'
[2020.03.10-20.31.35:913][  0]LogTargetPlatformManager: Display: Building Assets For Windows
[2020.03.10-20.31.35:915][  0]LogAudioDebug: Display: Lib vorbis DLL was dynamically loaded.
[2020.03.10-20.31.35:938][  0]LogShaderCompilers: Guid format shader working directory is -33 characters bigger than the processId version (../../../../../../Users/Kaedian Maxfield/Desktop/GameLand/ArcaneSupremacy/ArcaneSupremacy/Intermediate/Shaders/WorkingDirectory/20132/).
[2020.03.10-20.31.35:938][  0]LogShaderCompilers: Cleaned the shader compiler working directory 'C:/Users/Kaedian Maxfield/AppData/Local/Temp/UnrealShaderWorkingDir/E47C53BB4F5019A5A8D98F8A0569BE61/'.
[2020.03.10-20.31.35:939][  0]LogXGEController: Cannot use XGE Controller as Incredibuild is not installed on this machine.
[2020.03.10-20.31.35:939][  0]LogShaderCompilers: Cannot use XGE Shader Compiler as Incredibuild is not installed on this machine.
[2020.03.10-20.31.35:939][  0]LogShaderCompilers: Display: Using Local Shader Compiler.
[2020.03.10-20.31.36:670][  0]LogDerivedDataCache: Display: Max Cache Size: 512 MB
[2020.03.10-20.31.36:722][  0]LogDerivedDataCache: Loaded boot cache 0.05s 78MB C:/Users/Kaedian Maxfield/AppData/Local/UnrealEngine/4.24/DerivedDataCache/Boot.ddc.
[2020.03.10-20.31.36:722][  0]LogDerivedDataCache: Display: Loaded Boot cache: C:/Users/Kaedian Maxfield/AppData/Local/UnrealEngine/4.24/DerivedDataCache/Boot.ddc
[2020.03.10-20.31.36:722][  0]LogDerivedDataCache: FDerivedDataBackendGraph:  Pak pak cache file ../../../../../../Users/Kaedian Maxfield/Desktop/GameLand/ArcaneSupremacy/ArcaneSupremacy/DerivedDataCache/DDC.ddp not found, will not use a pak cache.
[2020.03.10-20.31.36:722][  0]LogDerivedDataCache: Unable to find inner node Pak for hierarchical cache Hierarchy.
[2020.03.10-20.31.36:722][  0]LogDerivedDataCache: FDerivedDataBackendGraph:  CompressedPak pak cache file ../../../../../../Users/Kaedian Maxfield/Desktop/GameLand/ArcaneSupremacy/ArcaneSupremacy/DerivedDataCache/Compressed.ddp not found, will not use a pak cache.
[2020.03.10-20.31.36:722][  0]LogDerivedDataCache: Unable to find inner node CompressedPak for hierarchical cache Hierarchy.
[2020.03.10-20.31.36:731][  0]LogDerivedDataCache: Display: Pak cache opened for reading ../../../Engine/DerivedDataCache/Compressed.ddp.
[2020.03.10-20.31.36:731][  0]LogDerivedDataCache: FDerivedDataBackendGraph:  EnterprisePak pak cache file ../../../Enterprise/DerivedDataCache/Compressed.ddp not found, will not use a pak cache.
[2020.03.10-20.31.36:731][  0]LogDerivedDataCache: Unable to find inner node EnterprisePak for hierarchical cache Hierarchy.
[2020.03.10-20.31.36:732][  0]LogDerivedDataCache: Using Local data cache path C:/Users/Kaedian Maxfield/AppData/Local/UnrealEngine/Common/DerivedDataCache: Writable
[2020.03.10-20.31.36:732][  0]LogDerivedDataCache: Shared data cache path not found in *engine.ini, will not use an Shared cache.
[2020.03.10-20.31.36:732][  0]LogDerivedDataCache: Unable to find inner node Shared for hierarchical cache Hierarchy.
[2020.03.10-20.31.36:758][  0]LogMaterial: Verifying Global Shaders for PCD3D_SM5
[2020.03.10-20.31.36:761][  0]LogSlate: Using FreeType 2.10.0
[2020.03.10-20.31.36:762][  0]LogSlate: SlateFontServices - WITH_FREETYPE: 1, WITH_HARFBUZZ: 1
[2020.03.10-20.31.36:812][  0]LogAssetRegistry: FAssetRegistry took 0.0024 seconds to start up
[2020.03.10-20.31.37:098][  0]LogInit: Selected Device Profile: [Windows]
[2020.03.10-20.31.37:253][  0]LogMeshReduction: Using QuadricMeshReduction for automatic static mesh reduction
[2020.03.10-20.31.37:253][  0]LogMeshReduction: Using SimplygonMeshReduction for automatic skeletal mesh reduction
[2020.03.10-20.31.37:253][  0]LogMeshReduction: Using ProxyLODMeshReduction for automatic mesh merging
[2020.03.10-20.31.37:253][  0]LogMeshReduction: No distributed automatic mesh merging module available
[2020.03.10-20.31.37:254][  0]LogMeshMerging: No distributed automatic mesh merging module available
[2020.03.10-20.31.37:265][  0]LogNetVersion: ArcaneSupremacy 1.0.0, NetCL: 10570792, EngineNetVer: 13, GameNetVer: 0 (Checksum: 665801704)
[2020.03.10-20.31.38:267][  0]LogPackageLocalizationCache: Processed 10 localized package path(s) for 1 prioritized culture(s) in 0.048926 seconds
[2020.03.10-20.31.38:275][  0]LogUObjectArray: 46750 objects as part of root set at end of initial load.
[2020.03.10-20.31.38:275][  0]LogUObjectAllocator: 8137160 out of 0 bytes used by permanent object pool.
[2020.03.10-20.31.38:275][  0]LogUObjectArray: CloseDisregardForGC: 0/0 objects in disregard for GC pool
[2020.03.10-20.31.38:669][  0]LogTcpMessaging: Initializing TcpMessaging bridge
[2020.03.10-20.31.38:672][  0]LogUdpMessaging: Initializing bridge on interface 0.0.0.0:0 to multicast group 230.0.0.1:6666.
[2020.03.10-20.31.38:734][  0]SourceControl: Source control is disabled
[2020.03.10-20.31.39:188][  0]LogAndroidPermission: UAndroidPermissionCallbackProxy::GetInstance
[2020.03.10-20.31.39:198][  0]LogAudioCaptureCore: Display: No Audio Capture implementations found. Audio input will be silent.
[2020.03.10-20.31.39:198][  0]LogAudioCaptureCore: Display: No Audio Capture implementations found. Audio input will be silent.
[2020.03.10-20.31.39:280][  0]LogOcInput: OculusInput pre-init called
[2020.03.10-20.31.39:288][  0]LogWindows: Failed to load 'OVRPlugin.dll' (GetLastError=126)
[2020.03.10-20.31.39:288][  0]LogWindows: File 'OVRPlugin.dll' does not exist
[2020.03.10-20.31.39:356][  0]LogEngine: Initializing Engine...
[2020.03.10-20.31.39:384][  0]LogHMD: Failed to initialize OpenVR with code 126
[2020.03.10-20.31.39:385][  0]LogStats: UGameplayTagsManager::InitializeManager -  0.000 s
[2020.03.10-20.31.39:729][  0]LogInit: Initializing FReadOnlyCVARCache
[2020.03.10-20.31.39:734][  0]LogAIModule: Creating AISystem for world Untitled
[2020.03.10-20.31.39:754][  0]LogAudioMixer: Display: Audio Mixer Platform Settings:
[2020.03.10-20.31.39:754][  0]LogAudioMixer: Display: 	Sample Rate:						  48000
[2020.03.10-20.31.39:755][  0]LogAudioMixer: Display: 	Callback Buffer Frame Size Requested: 1024
[2020.03.10-20.31.39:755][  0]LogAudioMixer: Display: 	Callback Buffer Frame Size To Use:	  1024
[2020.03.10-20.31.39:755][  0]LogAudioMixer: Display: 	Number of buffers to queue:			  2
[2020.03.10-20.31.39:755][  0]LogAudioMixer: Display: 	Max Channels (voices):				  32
[2020.03.10-20.31.39:755][  0]LogAudioMixer: Display: 	Number of Async Source Workers:		  0
[2020.03.10-20.31.39:755][  0]LogAudio: Display: AudioDevice MaxSources: 32
[2020.03.10-20.31.39:755][  0]LogAudio: Display: Using built-in audio occlusion.
[2020.03.10-20.31.39:755][  0]LogAudioMixer: Display: Initializing audio mixer.
[2020.03.10-20.31.39:779][  0]LogAudioMixer: Display: Audio Device Output Speaker Info:
[2020.03.10-20.31.39:779][  0]LogAudioMixer: Display: Name: Speakers / Headphones (Realtek Audio)
[2020.03.10-20.31.39:779][  0]LogAudioMixer: Display: Is Default: Yes
[2020.03.10-20.31.39:779][  0]LogAudioMixer: Display: Sample Rate: 48000
[2020.03.10-20.31.39:779][  0]LogAudioMixer: Display: Channel Count Used: 2
[2020.03.10-20.31.39:779][  0]LogAudioMixer: Display: Device Channel Count: 2
[2020.03.10-20.31.39:779][  0]LogAudioMixer: Display: Channel Order:
[2020.03.10-20.31.39:779][  0]LogAudioMixer: Display: 0: FrontLeft
[2020.03.10-20.31.39:779][  0]LogAudioMixer: Display: 1: FrontRight
[2020.03.10-20.31.40:265][  0]LogAudioMixer: Display: Using Audio Device Speakers / Headphones (Realtek Audio)
[2020.03.10-20.31.40:268][  0]LogInit: FAudioDevice initialized.
[2020.03.10-20.31.40:268][  0]LogNetVersion: Set ProjectVersion to 1.0.0.0. Version Checksum will be recalculated on next use.
[2020.03.10-20.31.40:338][  0]LogDerivedDataCache: Saved boot cache 0.07s 78MB C:/Users/Kaedian Maxfield/AppData/Local/UnrealEngine/4.24/DerivedDataCache/Boot.ddc.
[2020.03.10-20.31.40:343][  0]LogInit: Texture streaming: Enabled
[2020.03.10-20.31.40:355][  0]LogEngineSessionManager: EngineSessionManager initialized
[2020.03.10-20.31.40:355][  0]LogEditorSessionSummary: Verbose: Initializing EditorSessionSummaryWriter for editor session tracking
[2020.03.10-20.31.40:356][  0]LogEditorSessionSummary: EditorSessionSummaryWriter initialized
[2020.03.10-20.31.40:410][  0]LogInit: Transaction tracking system initialized
[2020.03.10-20.31.40:419][  0]BlueprintLog: New page: Editor Load
[2020.03.10-20.31.40:444][  0]LocalizationService: Localization service is disabled
[2020.03.10-20.31.41:587][  0]LogFileCache: Scanning file cache for directory 'C:/Users/Kaedian Maxfield/Desktop/GameLand/ArcaneSupremacy/ArcaneSupremacy/Content/' took 0.01s
[2020.03.10-20.31.41:587][  0]LogCook: Display: Max memory allowance for cook 16384mb min free memory 0mb
[2020.03.10-20.31.41:587][  0]LogCook: Display: Mobile HDR setting 1
[2020.03.10-20.31.42:217][  0]Cmd: MAP LOAD FILE="../../../Engine/Content/Maps/Templates/Template_Default.umap" TEMPLATE=1 SHOWPROGRESS=1 FEATURELEVEL=3
[2020.03.10-20.31.42:217][  0]LightingResults: New page: Lighting Build
[2020.03.10-20.31.42:218][  0]LogWorld: UWorld::CleanupWorld for Untitled, bSessionEnded=true, bCleanupResources=true
[2020.03.10-20.31.42:218][  0]LogSlate: InvalidateAllWidgets triggered.  All widgets were invalidated
[2020.03.10-20.31.42:218][  0]MapCheck: New page: Map Check
[2020.03.10-20.31.42:218][  0]LightingResults: New page: Lighting Build
[2020.03.10-20.31.42:243][  0]LogUObjectHash: Compacting FUObjectHashTables data took   1.95ms
[2020.03.10-20.31.42:320][  0]LogAIModule: Creating AISystem for world Untitled_1
[2020.03.10-20.31.42:324][  0]LogEditorServer: Finished looking for orphan Actors (0.000 secs)
[2020.03.10-20.31.42:350][  0]LogUObjectHash: Compacting FUObjectHashTables data took   1.91ms
[2020.03.10-20.31.42:350][  0]Cmd: MAP CHECKDEP NOCLEARLOG
[2020.03.10-20.31.42:350][  0]MapCheck: Map check complete: 0 Error(s), 0 Warning(s), took 0.14ms to complete.
[2020.03.10-20.31.42:350][  0]LogFileHelpers: Loading map 'Template_Default' took 0.134
[2020.03.10-20.31.42:502][  0]LogSlate: Updating window title bar state: overlay mode, drag disabled, window buttons hidden, title bar hidden
[2020.03.10-20.31.42:510][  0]LogSlate: Updating window title bar state: overlay mode, drag disabled, window buttons hidden, title bar hidden
[2020.03.10-20.31.42:520][  0]LogSlate: Updating window title bar state: overlay mode, drag disabled, window buttons hidden, title bar hidden
[2020.03.10-20.31.42:528][  0]LogSlate: Updating window title bar state: overlay mode, drag disabled, window buttons hidden, title bar hidden
[2020.03.10-20.31.42:538][  0]LogCollectionManager: Loaded 0 collections in 0.001851 seconds
[2020.03.10-20.31.42:551][  0]LogFileCache: Scanning file cache for directory 'C:/Users/Kaedian Maxfield/Desktop/GameLand/ArcaneSupremacy/ArcaneSupremacy/Saved/Collections/' took 0.00s
[2020.03.10-20.31.42:551][  0]LogFileCache: Scanning file cache for directory 'C:/Users/Kaedian Maxfield/Desktop/GameLand/ArcaneSupremacy/ArcaneSupremacy/Content/Developers/KaedianMaxfield/Collections/' took 0.00s
[2020.03.10-20.31.42:551][  0]LogFileCache: Scanning file cache for directory 'C:/Users/Kaedian Maxfield/Desktop/GameLand/ArcaneSupremacy/ArcaneSupremacy/Content/Collections/' took 0.00s
[2020.03.10-20.31.42:551][  0]LogContentBrowser: Native class hierarchy populated in 0.0085 seconds. Added 3018 classes and 723 folders.
[2020.03.10-20.31.42:554][  0]LogContentBrowser: Native class hierarchy updated for 'WidgetCarousel' in 0.0004 seconds. Added 0 classes and 0 folders.
[2020.03.10-20.31.42:608][  0]LogContentBrowser: Native class hierarchy updated for 'AddContentDialog' in 0.0003 seconds. Added 0 classes and 0 folders.
[2020.03.10-20.31.42:700][  0]LogSlate: Took 0.000155 seconds to synchronously load lazily loaded font '../../../Engine/Content/Slate/Fonts/Roboto-Regular.ttf' (155K)
[2020.03.10-20.31.42:703][  0]LogSlate: Took 0.000172 seconds to synchronously load lazily loaded font '../../../Engine/Content/Slate/Fonts/Roboto-Bold.ttf' (160K)
[2020.03.10-20.31.42:708][  0]LogSlate: Took 0.000117 seconds to synchronously load lazily loaded font '../../../Engine/Content/Editor/Slate/Fonts/FontAwesome.ttf' (139K)
[2020.03.10-20.31.42:780][  0]LogRenderer: Reallocating scene render targets to support 964x456 Format 9 NumSamples 1 (Frame:1).
[2020.03.10-20.31.42:861][  0]LogContentBrowser: Native class hierarchy updated for 'HierarchicalLODOutliner' in 0.0002 seconds. Added 0 classes and 0 folders.
[2020.03.10-20.31.42:861][  0]LogLoad: (Engine Initialization) Total time: 9.25 seconds
[2020.03.10-20.31.42:861][  0]LogLoad: (Engine Initialization) Total Blueprint compile time: 0.00 seconds
[2020.03.10-20.31.42:934][  0]LogContentStreaming: Texture pool size now 800 MB
[2020.03.10-20.31.42:965][  0]LogSlate: Took 0.000131 seconds to synchronously load lazily loaded font '../../../Engine/Content/Slate/Fonts/Roboto-Light.ttf' (167K)
[2020.03.10-20.31.43:004][  1]LogAssetRegistry: Asset discovery search completed in 6.1930 seconds
[2020.03.10-20.31.43:008][  1]LogCollectionManager: Fixed up redirectors for 0 collections in 0.000007 seconds (updated 0 objects)
[2020.03.10-20.31.47:993][299]LogFileCache: Retrieving MD5 hashes for directory 'C:/Users/Kaedian Maxfield/Desktop/GameLand/ArcaneSupremacy/ArcaneSupremacy/Content/' took 5.11s
[2020.03.10-20.39.02:902][720]LogEditorViewport: Clicking on Actor (LMB): BP_Sky_Sphere_C (Sky Sphere)
[2020.03.10-20.39.02:921][720]LogEditorViewport: Clicking on Component (LMB): StaticMeshComponent (SkySphereMesh)
[2020.03.10-20.39.15:000][332]LogTexture: Display: Building textures: Demon__specular (AutoDXT, 2048X2048)
[2020.03.10-20.39.15:000][332]LogTexture: Display: Building textures: Demon__normal (BC5, 2048X2048)
[2020.03.10-20.39.15:000][332]LogTexture: Display: Building textures: Demon__diffuse (AutoDXT, 2048X2048)
[2020.03.10-20.39.15:000][332]LogMaterial: Display: Missing cached shader map for material Demon_MAT, compiling. 
[2020.03.10-20.39.15:085][332]LogShaderCompilers: Display: Worker (1/5): shaders left to compile 39
[2020.03.10-20.39.15:085][332]LogShaderCompilers: Display: Worker (2/5): shaders left to compile 29
[2020.03.10-20.39.15:085][332]LogShaderCompilers: Display: Worker (3/5): shaders left to compile 19
[2020.03.10-20.39.15:085][332]LogShaderCompilers: Display: Worker (4/5): shaders left to compile 9
[2020.03.10-20.39.15:093][332]LogSlate: Took 0.000354 seconds to synchronously load lazily loaded font '../../../Engine/Content/Slate/Fonts/Roboto-Light.ttf' (167K)
[2020.03.10-20.39.15:122][332]LogAssetEditorSubsystem: Opening Asset editor for Blueprint /Game/Blueprints/BP_Enemy.BP_Enemy
[2020.03.10-20.39.15:395][332]LogContentBrowser: Native class hierarchy updated for 'BlueprintGraph' in 0.0006 seconds. Added 121 classes and 0 folders.
[2020.03.10-20.39.16:674][332]LogSlate: Took 0.000224 seconds to synchronously load lazily loaded font '../../../Engine/Content/Slate/Fonts/Roboto-BoldCondensed.ttf' (158K)
[2020.03.10-20.39.16:788][333]LogSlate: Took 0.010089 seconds to synchronously load lazily loaded font '../../../Engine/Content/Slate/Fonts/Roboto-Italic.ttf' (157K)
[2020.03.10-20.39.19:213][467]LogSlate: Window 'BP_Enemy' being destroyed
[2020.03.10-20.39.19:226][468]LogRenderer: Reallocating scene render targets to support 1204x568 Format 9 NumSamples 1 (Frame:8509).
[2020.03.10-20.40.37:774][ 52]LogAssetEditorSubsystem: Opening Asset editor for Blueprint /Game/Blueprints/BP_Projectile.BP_Projectile
[2020.03.10-20.41.05:559][674]LogAssetEditorSubsystem: Opening Asset editor for Blueprint /Game/Blueprints/BP_WaterEnemy.BP_WaterEnemy
[2020.03.10-20.41.25:923][853]LogEditorTransaction: Undo Create Pin Link
[2020.03.10-20.41.26:273][862]LogEditorTransaction: Undo Create Pin Link
[2020.03.10-20.41.26:723][882]LogEditorTransaction: Undo Move Node
[2020.03.10-20.41.27:426][922]LogEditorTransaction: Undo Add Node
[2020.03.10-20.41.32:572][223]LogEditorTransaction: Undo Paste clipboard contents
[2020.03.10-20.42.08:730][369]LogAssetEditorSubsystem: Opening Asset editor for Blueprint /Game/Blueprints/BP_WaterEnemy2.BP_WaterEnemy2
[2020.03.10-20.42.14:195][675]LogWorld: UWorld::CleanupWorld for World_9, bSessionEnded=true, bCleanupResources=true
[2020.03.10-20.42.14:195][675]LogSlate: InvalidateAllWidgets triggered.  All widgets were invalidated
[2020.03.10-20.42.14:275][675]LogAssetEditorSubsystem: Opening Asset editor for Blueprint /Game/Blueprints/BP_WaterEnemy2.BP_WaterEnemy2
[2020.03.10-20.42.39:827][151]BlueprintLog: New page: Compile BP_WaterEnemy2
[2020.03.10-20.42.40:082][151]LogUObjectHash: Compacting FUObjectHashTables data took   3.98ms
[2020.03.10-20.42.44:973][401]Cmd: OBJ SAVEPACKAGE PACKAGE="/Game/Blueprints/BP_Enemy" FILE="../../../../../../Users/Kaedian Maxfield/Desktop/GameLand/ArcaneSupremacy/ArcaneSupremacy/Content/Blueprints/BP_Enemy.uasset" SILENT=true
[2020.03.10-20.42.45:022][401]LogSavePackage: Moving '../../../../../../Users/Kaedian Maxfield/Desktop/GameLand/ArcaneSupremacy/ArcaneSupremacy/Saved/BP_Enemy81FBDFD146615C6D318D7689C43AE2F0.tmp' to '../../../../../../Users/Kaedian Maxfield/Desktop/GameLand/ArcaneSupremacy/ArcaneSupremacy/Content/Blueprints/BP_Enemy.uasset'
[2020.03.10-20.42.45:041][401]AssetCheck: New page: Asset Save: BP_Enemy
[2020.03.10-20.42.45:041][401]LogContentValidation: Display: Validating Blueprint /Game/Blueprints/BP_Enemy.BP_Enemy
[2020.03.10-20.42.46:047][462]BlueprintLog: New page: Compile BP_Enemy
[2020.03.10-20.42.46:307][462]LogUObjectHash: Compacting FUObjectHashTables data took   3.18ms
[2020.03.10-20.42.51:476][752]LogAIModule: Creating AISystem for world CanadaLand
[2020.03.10-20.42.51:493][752]LogAssetEditorSubsystem: Opening Asset editor for World /Game/Maps/CanadaLand.CanadaLand
[2020.03.10-20.42.51:533][752]LogUObjectHash: Compacting FUObjectHashTables data took   3.50ms
[2020.03.10-20.42.55:021][752]LogSlate: Window 'Save Content' being destroyed
[2020.03.10-20.42.55:192][752]LogSavePackage: Moving '../../../../../../Users/Kaedian Maxfield/Desktop/GameLand/ArcaneSupremacy/ArcaneSupremacy/Saved/BP_WaterEnemy79774BA64F84BC427AA7DEB25626C482.tmp' to '../../../../../../Users/Kaedian Maxfield/Desktop/GameLand/ArcaneSupremacy/ArcaneSupremacy/Content/Blueprints/BP_WaterEnemy.uasset'
[2020.03.10-20.42.55:255][752]LogSavePackage: Moving '../../../../../../Users/Kaedian Maxfield/Desktop/GameLand/ArcaneSupremacy/ArcaneSupremacy/Saved/BP_WaterEnemy2B53DEB094C04AE0C57E6DB91E8586D76.tmp' to '../../../../../../Users/Kaedian Maxfield/Desktop/GameLand/ArcaneSupremacy/ArcaneSupremacy/Content/Blueprints/BP_WaterEnemy2.uasset'
[2020.03.10-20.42.55:259][752]Cmd: MAP LOAD FILE="../../../../../../Users/Kaedian Maxfield/Desktop/GameLand/ArcaneSupremacy/ArcaneSupremacy/Content/Maps/CanadaLand.umap" TEMPLATE=0 SHOWPROGRESS=1 FEATURELEVEL=3
[2020.03.10-20.42.55:259][752]LightingResults: New page: Lighting Build
[2020.03.10-20.42.55:260][752]LoadErrors: New page: Loading map: CanadaLand.umap
[2020.03.10-20.42.55:260][752]LogWorld: UWorld::CleanupWorld for Untitled_1, bSessionEnded=true, bCleanupResources=true
[2020.03.10-20.42.55:260][752]LogSlate: InvalidateAllWidgets triggered.  All widgets were invalidated
[2020.03.10-20.42.55:260][752]MapCheck: New page: Map Check
[2020.03.10-20.42.55:260][752]LightingResults: New page: Lighting Build
[2020.03.10-20.42.55:303][752]LogUObjectHash: Compacting FUObjectHashTables data took   3.96ms
[2020.03.10-20.42.55:474][752]LogEditorServer: Finished looking for orphan Actors (0.000 secs)
[2020.03.10-20.42.55:514][752]LogUObjectHash: Compacting FUObjectHashTables data took   2.94ms
[2020.03.10-20.42.55:545][752]Cmd: MAP CHECKDEP NOCLEARLOG
[2020.03.10-20.42.55:545][752]MapCheck: Map check complete: 0 Error(s), 0 Warning(s), took 0.119ms to complete.
[2020.03.10-20.42.55:545][752]LogFileHelpers: Loading map 'CanadaLand' took 0.288
[2020.03.10-20.42.55:601][752]AssetCheck: New page: Asset Save: multiple assets
[2020.03.10-20.42.55:602][752]LogContentValidation: Display: Validating Blueprint /Game/Blueprints/BP_WaterEnemy.BP_WaterEnemy
[2020.03.10-20.42.55:602][752]LogContentValidation: Display: Validating Blueprint /Game/Blueprints/BP_WaterEnemy2.BP_WaterEnemy2
[2020.03.10-20.42.58:257][910]LogTemp: Repeating last play command: New Editor Window (PIE)
[2020.03.10-20.42.58:294][910]LogBlueprintUserMessages: Early PlayInEditor Detection: Level '/Game/Maps/CanadaLand.CanadaLand:PersistentLevel' has LevelScriptBlueprint '/Game/Maps/CanadaLand.CanadaLand:PersistentLevel.CanadaLand' with GeneratedClass '/Game/Maps/CanadaLand.CanadaLand_C' with ClassGeneratedBy '/Game/Maps/CanadaLand.CanadaLand:PersistentLevel.CanadaLand'
[2020.03.10-20.42.58:295][910]BlueprintLog: New page: Pre-Play auto-recompile
[2020.03.10-20.42.58:295][910]LogPlayLevel: [PlayLevel] Compiling BP_WaterEnemy before play...
[2020.03.10-20.42.58:558][910]LogUObjectHash: Compacting FUObjectHashTables data took   3.27ms
[2020.03.10-20.42.58:559][910]LogPlayLevel: PlayLevel: Blueprint regeneration took 265 ms (1 blueprints)
[2020.03.10-20.42.58:560][910]PIE: New page: PIE session: CanadaLand (Mar 10, 2020, 8:42:58 AM)
[2020.03.10-20.42.58:561][910]LogOnline: OSS: Creating online subsystem instance for: NULL
[2020.03.10-20.42.58:562][910]LogOnline: OSS: TryLoadSubsystemAndSetDefault: Loaded subsystem for module [NULL]
[2020.03.10-20.42.58:562][910]LogPlayLevel: Creating play world package: /Game/Maps/UEDPIE_0_CanadaLand
[2020.03.10-20.42.58:577][910]LogPlayLevel: PIE: StaticDuplicateObject took: (0.014608s)
[2020.03.10-20.42.58:578][910]LogAIModule: Creating AISystem for world CanadaLand
[2020.03.10-20.42.58:579][910]LogPlayLevel: PIE: World Init took: (0.001477s)
[2020.03.10-20.42.58:579][910]LogPlayLevel: PIE: Created PIE world by copying editor world from /Game/Maps/CanadaLand.CanadaLand to /Game/Maps/UEDPIE_0_CanadaLand.CanadaLand (0.016398s)
[2020.03.10-20.42.58:616][910]LogUObjectHash: Compacting FUObjectHashTables data took   2.76ms
[2020.03.10-20.42.58:616][910]LogAudioMixer: Display: Audio Mixer Platform Settings:
[2020.03.10-20.42.58:616][910]LogAudioMixer: Display: 	Sample Rate:						  48000
[2020.03.10-20.42.58:617][910]LogAudioMixer: Display: 	Callback Buffer Frame Size Requested: 1024
[2020.03.10-20.42.58:617][910]LogAudioMixer: Display: 	Callback Buffer Frame Size To Use:	  1024
[2020.03.10-20.42.58:617][910]LogAudioMixer: Display: 	Number of buffers to queue:			  2
[2020.03.10-20.42.58:617][910]LogAudioMixer: Display: 	Max Channels (voices):				  32
[2020.03.10-20.42.58:617][910]LogAudioMixer: Display: 	Number of Async Source Workers:		  0
[2020.03.10-20.42.58:617][910]LogAudio: Display: AudioDevice MaxSources: 32
[2020.03.10-20.42.58:617][910]LogAudio: Display: Using built-in audio occlusion.
[2020.03.10-20.42.58:617][910]LogAudioMixer: Display: Initializing audio mixer.
[2020.03.10-20.42.58:625][910]LogAudioMixer: Display: Audio Device Output Speaker Info:
[2020.03.10-20.42.58:625][910]LogAudioMixer: Display: Name: Speakers / Headphones (Realtek Audio)
[2020.03.10-20.42.58:625][910]LogAudioMixer: Display: Is Default: Yes
[2020.03.10-20.42.58:625][910]LogAudioMixer: Display: Sample Rate: 48000
[2020.03.10-20.42.58:625][910]LogAudioMixer: Display: Channel Count Used: 2
[2020.03.10-20.42.58:625][910]LogAudioMixer: Display: Device Channel Count: 2
[2020.03.10-20.42.58:625][910]LogAudioMixer: Display: Channel Order:
[2020.03.10-20.42.58:625][910]LogAudioMixer: Display: 0: FrontLeft
[2020.03.10-20.42.58:625][910]LogAudioMixer: Display: 1: FrontRight
[2020.03.10-20.42.58:641][910]LogAudioMixer: Display: Using Audio Device Speakers / Headphones (Realtek Audio)
[2020.03.10-20.42.58:643][910]LogInit: FAudioDevice initialized.
[2020.03.10-20.42.58:697][910]LogSlate: Updating window title bar state: overlay mode, drag disabled, window buttons hidden, title bar hidden
[2020.03.10-20.42.58:703][910]LogLoad: Game class is 'ThirdPersonGameMode_C'
[2020.03.10-20.42.58:707][910]LogWorld: Bringing World /Game/Maps/UEDPIE_0_CanadaLand.CanadaLand up for play (max tick rate 60) at 2020.03.10-14.42.58
[2020.03.10-20.42.58:708][910]LogWorld: Bringing up level for play took: 0.003919
[2020.03.10-20.42.58:708][910]LogOnline: OSS: Creating online subsystem instance for: :Context_12
[2020.03.10-20.42.58:715][910]LogContentBrowser: Native class hierarchy updated for 'MovieSceneCapture' in 0.0003 seconds. Added 20 classes and 0 folders.
[2020.03.10-20.42.58:720][910]PIE: Play in editor start time for /Game/Maps/UEDPIE_0_CanadaLand 0.542
[2020.03.10-20.42.58:720][910]LogBlueprintUserMessages: Late PlayInEditor Detection: Level '/Game/Maps/CanadaLand.CanadaLand:PersistentLevel' has LevelScriptBlueprint '/Game/Maps/CanadaLand.CanadaLand:PersistentLevel.CanadaLand' with GeneratedClass '/Game/Maps/CanadaLand.CanadaLand_C' with ClassGeneratedBy '/Game/Maps/CanadaLand.CanadaLand:PersistentLevel.CanadaLand'
[2020.03.10-20.43.00:224][977]LogBlueprintUserMessages: [BP_Projectile_C_0] Earth
[2020.03.10-20.43.00:314][982]LogBlueprintUserMessages: [BP_Projectile_C_1] Earth
[2020.03.10-20.43.12:268][659]LogAudioMixer: Display: No commands were queued while flushing the source manager.
[2020.03.10-20.43.12:282][659]LogAudioMixer: Display: Flush succeeded in the source manager command queue (1).
[2020.03.10-20.43.12:302][659]LogAudioMixer: Display: Flush succeeded the source manager command queue (2).
[2020.03.10-20.43.12:302][659]LogBlueprintUserMessages: Early EndPlayMap Detection: Level '/Game/Maps/CanadaLand.CanadaLand:PersistentLevel' has LevelScriptBlueprint '/Game/Maps/CanadaLand.CanadaLand:PersistentLevel.CanadaLand' with GeneratedClass '/Game/Maps/CanadaLand.CanadaLand_C' with ClassGeneratedBy '/Game/Maps/CanadaLand.CanadaLand:PersistentLevel.CanadaLand'
[2020.03.10-20.43.12:302][659]LogSlate: Updating window title bar state: overlay mode, drag disabled, window buttons hidden, title bar hidden
[2020.03.10-20.43.12:302][659]LogWorld: BeginTearingDown for /Game/Maps/UEDPIE_0_CanadaLand
[2020.03.10-20.43.12:319][659]LogSlate: Window 'ArcaneSupremacy Game Preview Standalone (64-bit/PCD3D_SM5)' being destroyed
[2020.03.10-20.43.12:323][659]LogAudioMixer: Display: No commands were queued while flushing the source manager.
[2020.03.10-20.43.12:323][659]LogWorld: UWorld::CleanupWorld for CanadaLand, bSessionEnded=true, bCleanupResources=true
[2020.03.10-20.43.12:323][659]LogSlate: InvalidateAllWidgets triggered.  All widgets were invalidated
[2020.03.10-20.43.12:338][659]LogPlayLevel: Display: Shutting down PIE online subsystems
[2020.03.10-20.43.12:339][659]LogBlueprintUserMessages: Late EndPlayMap Detection: Level '/Game/Maps/CanadaLand.CanadaLand:PersistentLevel' has LevelScriptBlueprint '/Game/Maps/CanadaLand.CanadaLand:PersistentLevel.CanadaLand' with GeneratedClass '/Game/Maps/CanadaLand.CanadaLand_C' with ClassGeneratedBy '/Game/Maps/CanadaLand.CanadaLand:PersistentLevel.CanadaLand'
[2020.03.10-20.43.12:344][659]LogSlate: InvalidateAllWidgets triggered.  All widgets were invalidated
[2020.03.10-20.43.12:381][659]LogAudioMixer: Display: No commands were queued while flushing the source manager.
[2020.03.10-20.43.12:411][659]LogUObjectHash: Compacting FUObjectHashTables data took   4.29ms
[2020.03.10-20.43.12:425][660]LogPlayLevel: Display: Destroying online subsystem :Context_12
[2020.03.10-20.47.02:375][667]LogUObjectHash: Compacting FUObjectHashTables data took   3.38ms
[2020.03.10-20.47.29:183][667]LogSlate: Window 'Delete Assets' being destroyed
[2020.03.10-20.47.33:754][932]LogUObjectHash: Compacting FUObjectHashTables data took   0.92ms
[2020.03.10-20.47.46:633][932]LogSlate: Window 'Delete Assets' being destroyed
[2020.03.10-20.47.47:968][932]LogWorld: UWorld::CleanupWorld for World_6, bSessionEnded=true, bCleanupResources=true
[2020.03.10-20.47.47:968][932]LogSlate: InvalidateAllWidgets triggered.  All widgets were invalidated
[2020.03.10-20.47.48:018][932]LogUObjectGlobals: Force Deleting 1 Package(s):
	Asset Name: /Game/Blueprints/BP_WaterEnemy.BP_WaterEnemy
[2020.03.10-20.47.48:700][932]LogUObjectHash: Compacting FUObjectHashTables data took   4.15ms
[2020.03.10-20.47.49:071][932]LogUObjectHash: Compacting FUObjectHashTables data took   4.49ms
[2020.03.10-20.47.49:113][932]LogUObjectHash: Compacting FUObjectHashTables data took   3.22ms
[2020.03.10-20.47.49:155][932]LogUObjectHash: Compacting FUObjectHashTables data took   0.85ms
[2020.03.10-20.47.49:383][932]SourceControl: Error: Updated 1 path from the index
[2020.03.10-20.47.49:528][932]SourceControl: rm 'ArcaneSupremacy/Content/Blueprints/BP_WaterEnemy.uasset'
[2020.03.10-20.47.55:145][215]LogUObjectHash: Compacting FUObjectHashTables data took   3.31ms
[2020.03.10-20.47.55:164][215]LogMetaData: Removing '/Game/Blueprints/BP_WaterEnemy.BP_WaterEnemy:UserConstructionScript.K2Node_FunctionEntry_0' ref from Metadata '/Game/Blueprints/BP_WaterEnemy2.PackageMetaData'
[2020.03.10-20.47.55:164][215]LogMetaData: Removing '/Game/Blueprints/BP_WaterEnemy.BP_WaterEnemy_C' ref from Metadata '/Game/Blueprints/BP_WaterEnemy2.PackageMetaData'
[2020.03.10-20.47.55:164][215]LogMetaData: Removing '/Game/Blueprints/BP_WaterEnemy.SKEL_BP_WaterEnemy_C' ref from Metadata '/Game/Blueprints/BP_WaterEnemy2.PackageMetaData'
[2020.03.10-20.47.55:235][215]LogSavePackage: Moving '../../../../../../Users/Kaedian Maxfield/Desktop/GameLand/ArcaneSupremacy/ArcaneSupremacy/Saved/BP_WaterEnemy18C88CC848AA15E43A3384920B649D47.tmp' to '../../../../../../Users/Kaedian Maxfield/Desktop/GameLand/ArcaneSupremacy/ArcaneSupremacy/Content/Blueprints/BP_WaterEnemy.uasset'
[2020.03.10-20.47.55:416][215]LogSavePackage: Moving '../../../../../../Users/Kaedian Maxfield/Desktop/GameLand/ArcaneSupremacy/ArcaneSupremacy/Saved/BP_WaterEnemy2E5C5A0E44FE77034C2C8EDB2936001FD.tmp' to '../../../../../../Users/Kaedian Maxfield/Desktop/GameLand/ArcaneSupremacy/ArcaneSupremacy/Content/Blueprints/BP_WaterEnemy2.uasset'
[2020.03.10-20.47.55:675][215]AssetCheck: New page: Asset Save: multiple assets
[2020.03.10-20.47.55:675][215]LogContentValidation: Display: Validating Blueprint /Game/Blueprints/BP_WaterEnemy.BP_WaterEnemy
[2020.03.10-20.47.55:675][215]LogContentValidation: Display: Validating ObjectRedirector /Game/Blueprints/BP_WaterEnemy2.BP_WaterEnemy2
[2020.03.10-20.47.55:675][215]LogContentValidation: Display: Validating ObjectRedirector /Game/Blueprints/BP_WaterEnemy2.BP_WaterEnemy2_C
[2020.03.10-20.48.15:180][360]LogAssetEditorSubsystem: Opening Asset editor for Blueprint /Game/Blueprints/BP_FireEnemy.BP_FireEnemy
[2020.03.10-20.51.10:556][459]BlueprintLog: New page: Compile BP_FireEnemy
[2020.03.10-20.51.10:858][459]LogUObjectHash: Compacting FUObjectHashTables data took   4.52ms
[2020.03.10-20.51.35:326][904]LogWorld: UWorld::CleanupWorld for World_14, bSessionEnded=true, bCleanupResources=true
[2020.03.10-20.51.35:326][904]LogSlate: InvalidateAllWidgets triggered.  All widgets were invalidated
[2020.03.10-20.51.37:378][ 21]LogAssetEditorSubsystem: Opening Asset editor for Blueprint /Game/Blueprints/BP_EarthEnemy.BP_EarthEnemy
[2020.03.10-20.52.39:545][724]BlueprintLog: New page: Compile BP_EarthEnemy
[2020.03.10-20.52.39:847][724]LogUObjectHash: Compacting FUObjectHashTables data took   4.02ms
[2020.03.10-20.52.42:769][888]LogSavePackage: Moving '../../../../../../Users/Kaedian Maxfield/Desktop/GameLand/ArcaneSupremacy/ArcaneSupremacy/Saved/BP_EarthEnemy67B953D24A498AFFBABE62AFBCDEC21B.tmp' to '../../../../../../Users/Kaedian Maxfield/Desktop/GameLand/ArcaneSupremacy/ArcaneSupremacy/Content/Blueprints/BP_EarthEnemy.uasset'
[2020.03.10-20.52.42:923][888]AssetCheck: New page: Asset Save: BP_EarthEnemy
[2020.03.10-20.52.42:923][888]LogContentValidation: Display: Validating Blueprint /Game/Blueprints/BP_EarthEnemy.BP_EarthEnemy
[2020.03.10-20.52.44:291][969]LogWorld: UWorld::CleanupWorld for World_16, bSessionEnded=true, bCleanupResources=true
[2020.03.10-20.52.44:291][969]LogSlate: InvalidateAllWidgets triggered.  All widgets were invalidated
[2020.03.10-20.52.56:796][698]LogAssetEditorSubsystem: Opening Asset editor for Blueprint /Game/Blueprints/BP_AirEnemy.BP_AirEnemy
[2020.03.10-20.53.26:179][435]LogEditorTransaction: Undo Change String Pin Value
[2020.03.10-20.53.44:749][528]BlueprintLog: New page: Compile BP_AirEnemy
[2020.03.10-20.53.45:048][528]LogUObjectHash: Compacting FUObjectHashTables data took   4.84ms
[2020.03.10-20.53.49:382][782]LogAssetEditorSubsystem: Opening Asset editor for Blueprint /Game/Blueprints/BP_EarthEnemy.BP_EarthEnemy
[2020.03.10-20.53.52:550][947]LogAssetEditorSubsystem: Opening Asset editor for Blueprint /Game/Blueprints/BP_FireEnemy.BP_FireEnemy
[2020.03.10-20.53.54:991][ 60]LogSavePackage: Moving '../../../../../../Users/Kaedian Maxfield/Desktop/GameLand/ArcaneSupremacy/ArcaneSupremacy/Saved/BP_FireEnemy061A7B2C4E864C28587E46B155F5E12A.tmp' to '../../../../../../Users/Kaedian Maxfield/Desktop/GameLand/ArcaneSupremacy/ArcaneSupremacy/Content/Blueprints/BP_FireEnemy.uasset'
[2020.03.10-20.53.55:142][ 60]AssetCheck: New page: Asset Save: BP_FireEnemy
[2020.03.10-20.53.55:142][ 60]LogContentValidation: Display: Validating Blueprint /Game/Blueprints/BP_FireEnemy.BP_FireEnemy
[2020.03.10-20.53.57:572][193]LogSavePackage: Moving '../../../../../../Users/Kaedian Maxfield/Desktop/GameLand/ArcaneSupremacy/ArcaneSupremacy/Saved/BP_AirEnemyBB496DAC4A75ADCCCD80E1B6CA3F2EE8.tmp' to '../../../../../../Users/Kaedian Maxfield/Desktop/GameLand/ArcaneSupremacy/ArcaneSupremacy/Content/Blueprints/BP_AirEnemy.uasset'
[2020.03.10-20.53.57:725][193]AssetCheck: New page: Asset Save: BP_AirEnemy
[2020.03.10-20.53.57:726][193]LogContentValidation: Display: Validating Blueprint /Game/Blueprints/BP_AirEnemy.BP_AirEnemy
[2020.03.10-20.54.33:953][349]LogWorld: UWorld::CleanupWorld for World_20, bSessionEnded=true, bCleanupResources=true
[2020.03.10-20.54.33:953][349]LogSlate: InvalidateAllWidgets triggered.  All widgets were invalidated
[2020.03.10-20.54.35:117][415]LogActorComponent: UnregisterComponent: (/Engine/Transient.EditorFloorComp) Not registered. Aborting.
[2020.03.10-20.54.35:117][415]LogWorld: UWorld::CleanupWorld for World_19, bSessionEnded=true, bCleanupResources=true
[2020.03.10-20.54.35:117][415]LogSlate: InvalidateAllWidgets triggered.  All widgets were invalidated
[2020.03.10-20.54.36:149][472]LogActorComponent: UnregisterComponent: (/Engine/Transient.EditorFloorComp) Not registered. Aborting.
[2020.03.10-20.54.36:149][472]LogWorld: UWorld::CleanupWorld for World_18, bSessionEnded=true, bCleanupResources=true
[2020.03.10-20.54.36:149][472]LogSlate: InvalidateAllWidgets triggered.  All widgets were invalidated
[2020.03.10-20.54.37:315][537]LogActorComponent: UnregisterComponent: (/Engine/Transient.EditorFloorComp) Not registered. Aborting.
[2020.03.10-20.54.37:315][537]LogWorld: UWorld::CleanupWorld for World_10, bSessionEnded=true, bCleanupResources=true
[2020.03.10-20.54.37:315][537]LogSlate: InvalidateAllWidgets triggered.  All widgets were invalidated
[2020.03.10-20.54.39:319][648]LogUObjectHash: Compacting FUObjectHashTables data took   3.94ms
[2020.03.10-20.54.39:628][648]LogSavePackage: Moving '../../../../../../Users/Kaedian Maxfield/Desktop/GameLand/ArcaneSupremacy/ArcaneSupremacy/Saved/CanadaLand_Auto1F98C8C764BB96689CDB6E3AF3DF9F3DF.tmp' to '../../../../../../Users/Kaedian Maxfield/Desktop/GameLand/ArcaneSupremacy/ArcaneSupremacy/Saved/Autosaves/Game/Maps/CanadaLand_Auto1.umap'
[2020.03.10-20.54.39:634][648]LogFileHelpers: Editor autosave (incl. sublevels) for '/Game/Maps/CanadaLand' took 0.367
[2020.03.10-20.54.39:634][648]LogFileHelpers: Editor autosave (incl. sublevels) for all levels took 0.367
[2020.03.10-20.54.40:424][681]LogUObjectHash: Compacting FUObjectHashTables data took   3.65ms
[2020.03.10-20.54.40:725][681]LogSavePackage: Moving '../../../../../../Users/Kaedian Maxfield/Desktop/GameLand/ArcaneSupremacy/ArcaneSupremacy/Saved/CanadaLand6E9AB3184B8DB36A9172BB8CE6482F46.tmp' to '../../../../../../Users/Kaedian Maxfield/Desktop/GameLand/ArcaneSupremacy/ArcaneSupremacy/Content/Maps/CanadaLand.umap'
[2020.03.10-20.54.40:773][681]AssetCheck: New page: Asset Save: CanadaLand
[2020.03.10-20.54.40:773][681]LogContentValidation: Display: Validating World /Game/Maps/CanadaLand.CanadaLand
